{"/home/user/webapp/src/components/ConfirmModal.tsx": {"path":"/home/user/webapp/src/components/ConfirmModal.tsx","statementMap":{"0":{"start":{"line":16,"column":2},"end":{"line":37,"column":null}}},"fnMap":{"0":{"name":"ConfirmModal","decl":{"start":{"line":9,"column":24},"end":{"line":9,"column":37}},"loc":{"start":{"line":15,"column":22},"end":{"line":39,"column":null}},"line":15}},"branchMap":{"0":{"loc":{"start":{"line":13,"column":2},"end":{"line":13,"column":null}},"type":"default-arg","locations":[{"start":{"line":13,"column":16},"end":{"line":13,"column":null}}],"line":13},"1":{"loc":{"start":{"line":14,"column":2},"end":{"line":14,"column":null}},"type":"default-arg","locations":[{"start":{"line":14,"column":15},"end":{"line":14,"column":null}}],"line":14}},"s":{"0":0},"f":{"0":0},"b":{"0":[0],"1":[0]},"meta":{"lastBranch":2,"lastFunction":1,"lastStatement":1,"seen":{"f:9:24:9:37":0,"b:13:16:13:Infinity":0,"b:14:15:14:Infinity":1,"s:16:2:37:Infinity":0}}}
,"/home/user/webapp/src/components/CustomModal.tsx": {"path":"/home/user/webapp/src/components/CustomModal.tsx","statementMap":{"0":{"start":{"line":26,"column":2},"end":{"line":26,"column":null}},"1":{"start":{"line":26,"column":15},"end":{"line":26,"column":null}},"2":{"start":{"line":28,"column":20},"end":{"line":28,"column":null}},"3":{"start":{"line":29,"column":19},"end":{"line":29,"column":null}},"4":{"start":{"line":31,"column":18},"end":{"line":44,"column":null}},"5":{"start":{"line":32,"column":4},"end":{"line":43,"column":null}},"6":{"start":{"line":34,"column":8},"end":{"line":34,"column":null}},"7":{"start":{"line":36,"column":8},"end":{"line":36,"column":null}},"8":{"start":{"line":38,"column":8},"end":{"line":38,"column":null}},"9":{"start":{"line":40,"column":8},"end":{"line":40,"column":null}},"10":{"start":{"line":42,"column":8},"end":{"line":42,"column":null}},"11":{"start":{"line":46,"column":22},"end":{"line":53,"column":null}},"12":{"start":{"line":47,"column":4},"end":{"line":52,"column":null}},"13":{"start":{"line":48,"column":17},"end":{"line":48,"column":null}},"14":{"start":{"line":49,"column":17},"end":{"line":49,"column":null}},"15":{"start":{"line":50,"column":17},"end":{"line":50,"column":null}},"16":{"start":{"line":51,"column":15},"end":{"line":51,"column":null}},"17":{"start":{"line":56,"column":4},"end":{"line":171,"column":null}},"18":{"start":{"line":60,"column":8},"end":{"line":62,"column":null}},"19":{"start":{"line":61,"column":10},"end":{"line":61,"column":null}},"20":{"start":{"line":67,"column":24},"end":{"line":67,"column":null}},"21":{"start":{"line":84,"column":84},"end":{"line":84,"column":null}},"22":{"start":{"line":127,"column":22},"end":{"line":127,"column":null}},"23":{"start":{"line":128,"column":22},"end":{"line":128,"column":null}},"24":{"start":{"line":175,"column":2},"end":{"line":175,"column":null}},"25":{"start":{"line":180,"column":24},"end":{"line":189,"column":null}},"26":{"start":{"line":191,"column":20},"end":{"line":202,"column":null}},"27":{"start":{"line":196,"column":4},"end":{"line":201,"column":null}},"28":{"start":{"line":204,"column":22},"end":{"line":212,"column":null}},"29":{"start":{"line":205,"column":4},"end":{"line":211,"column":null}},"30":{"start":{"line":214,"column":21},"end":{"line":219,"column":null}},"31":{"start":{"line":215,"column":4},"end":{"line":218,"column":null}},"32":{"start":{"line":221,"column":2},"end":{"line":226,"column":null}}},"fnMap":{"0":{"name":"CustomModal","decl":{"start":{"line":16,"column":16},"end":{"line":16,"column":28}},"loc":{"start":{"line":25,"column":15},"end":{"line":176,"column":null}},"line":25},"1":{"name":"(anonymous_1)","decl":{"start":{"line":31,"column":18},"end":{"line":31,"column":24}},"loc":{"start":{"line":31,"column":24},"end":{"line":44,"column":null}},"line":31},"2":{"name":"(anonymous_2)","decl":{"start":{"line":46,"column":22},"end":{"line":46,"column":28}},"loc":{"start":{"line":46,"column":28},"end":{"line":53,"column":null}},"line":46},"3":{"name":"(anonymous_3)","decl":{"start":{"line":58,"column":15},"end":{"line":58,"column":16}},"loc":{"start":{"line":58,"column":22},"end":{"line":63,"column":null}},"line":58},"4":{"name":"(anonymous_4)","decl":{"start":{"line":67,"column":17},"end":{"line":67,"column":18}},"loc":{"start":{"line":67,"column":24},"end":{"line":67,"column":null}},"line":67},"5":{"name":"(anonymous_5)","decl":{"start":{"line":84,"column":77},"end":{"line":84,"column":78}},"loc":{"start":{"line":84,"column":84},"end":{"line":84,"column":null}},"line":84},"6":{"name":"(anonymous_6)","decl":{"start":{"line":126,"column":29},"end":{"line":126,"column":35}},"loc":{"start":{"line":126,"column":35},"end":{"line":129,"column":null}},"line":126},"7":{"name":"useModal","decl":{"start":{"line":179,"column":16},"end":{"line":179,"column":27}},"loc":{"start":{"line":179,"column":27},"end":{"line":227,"column":null}},"line":179},"8":{"name":"(anonymous_8)","decl":{"start":{"line":191,"column":20},"end":{"line":191,"column":null}},"loc":{"start":{"line":195,"column":7},"end":{"line":202,"column":null}},"line":195},"9":{"name":"(anonymous_9)","decl":{"start":{"line":204,"column":22},"end":{"line":204,"column":23}},"loc":{"start":{"line":204,"column":82},"end":{"line":212,"column":null}},"line":204},"10":{"name":"(anonymous_10)","decl":{"start":{"line":214,"column":21},"end":{"line":214,"column":27}},"loc":{"start":{"line":214,"column":27},"end":{"line":219,"column":null}},"line":214}},"branchMap":{"0":{"loc":{"start":{"line":23,"column":2},"end":{"line":23,"column":null}},"type":"default-arg","locations":[{"start":{"line":23,"column":9},"end":{"line":23,"column":null}}],"line":23},"1":{"loc":{"start":{"line":24,"column":2},"end":{"line":24,"column":null}},"type":"default-arg","locations":[{"start":{"line":24,"column":13},"end":{"line":24,"column":null}}],"line":24},"2":{"loc":{"start":{"line":26,"column":2},"end":{"line":26,"column":null}},"type":"if","locations":[{"start":{"line":26,"column":2},"end":{"line":26,"column":null}},{"start":{},"end":{}}],"line":26},"3":{"loc":{"start":{"line":32,"column":4},"end":{"line":43,"column":null}},"type":"switch","locations":[{"start":{"line":33,"column":6},"end":{"line":34,"column":null}},{"start":{"line":35,"column":6},"end":{"line":36,"column":null}},{"start":{"line":37,"column":6},"end":{"line":38,"column":null}},{"start":{"line":39,"column":6},"end":{"line":40,"column":null}},{"start":{"line":41,"column":6},"end":{"line":42,"column":null}}],"line":32},"4":{"loc":{"start":{"line":47,"column":4},"end":{"line":52,"column":null}},"type":"switch","locations":[{"start":{"line":48,"column":6},"end":{"line":48,"column":null}},{"start":{"line":49,"column":6},"end":{"line":49,"column":null}},{"start":{"line":50,"column":6},"end":{"line":50,"column":null}},{"start":{"line":51,"column":6},"end":{"line":51,"column":null}}],"line":47},"5":{"loc":{"start":{"line":60,"column":8},"end":{"line":62,"column":null}},"type":"if","locations":[{"start":{"line":60,"column":8},"end":{"line":62,"column":null}},{"start":{},"end":{}}],"line":60},"6":{"loc":{"start":{"line":66,"column":78},"end":{"line":66,"column":102}},"type":"cond-expr","locations":[{"start":{"line":66,"column":89},"end":{"line":66,"column":97}},{"start":{"line":66,"column":97},"end":{"line":66,"column":102}}],"line":66},"7":{"loc":{"start":{"line":69,"column":9},"end":{"line":144,"column":null}},"type":"cond-expr","locations":[{"start":{"line":70,"column":10},"end":{"line":87,"column":null}},{"start":{"line":89,"column":10},"end":{"line":144,"column":null}}],"line":69},"8":{"loc":{"start":{"line":91,"column":13},"end":{"line":94,"column":null}},"type":"binary-expr","locations":[{"start":{"line":91,"column":13},"end":{"line":91,"column":null}},{"start":{"line":92,"column":14},"end":{"line":94,"column":null}}],"line":91},"9":{"loc":{"start":{"line":98,"column":13},"end":{"line":101,"column":null}},"type":"binary-expr","locations":[{"start":{"line":98,"column":13},"end":{"line":98,"column":null}},{"start":{"line":99,"column":14},"end":{"line":101,"column":null}}],"line":98},"10":{"loc":{"start":{"line":105,"column":13},"end":{"line":113,"column":null}},"type":"cond-expr","locations":[{"start":{"line":106,"column":14},"end":{"line":108,"column":null}},{"start":{"line":109,"column":16},"end":{"line":113,"column":null}}],"line":105},"11":{"loc":{"start":{"line":109,"column":16},"end":{"line":113,"column":null}},"type":"cond-expr","locations":[{"start":{"line":110,"column":14},"end":{"line":112,"column":null}},{"start":{"line":113,"column":16},"end":{"line":113,"column":null}}],"line":109},"12":{"loc":{"start":{"line":116,"column":42},"end":{"line":116,"column":77}},"type":"cond-expr","locations":[{"start":{"line":116,"column":54},"end":{"line":116,"column":67}},{"start":{"line":116,"column":67},"end":{"line":116,"column":77}}],"line":116},"13":{"loc":{"start":{"line":117,"column":15},"end":{"line":141,"column":null}},"type":"cond-expr","locations":[{"start":{"line":118,"column":16},"end":{"line":134,"column":null}},{"start":{"line":136,"column":16},"end":{"line":141,"column":null}}],"line":117},"14":{"loc":{"start":{"line":193,"column":4},"end":{"line":193,"column":null}},"type":"default-arg","locations":[{"start":{"line":193,"column":63},"end":{"line":193,"column":null}}],"line":193}},"s":{"0":0,"1":0,"2":0,"3":0,"4":0,"5":0,"6":0,"7":0,"8":0,"9":0,"10":0,"11":0,"12":0,"13":0,"14":0,"15":0,"16":0,"17":0,"18":0,"19":0,"20":0,"21":0,"22":0,"23":0,"24":0,"25":0,"26":0,"27":0,"28":0,"29":0,"30":0,"31":0,"32":0},"f":{"0":0,"1":0,"2":0,"3":0,"4":0,"5":0,"6":0,"7":0,"8":0,"9":0,"10":0},"b":{"0":[0],"1":[0],"2":[0,0],"3":[0,0,0,0,0],"4":[0,0,0,0],"5":[0,0],"6":[0,0],"7":[0,0],"8":[0,0],"9":[0,0],"10":[0,0],"11":[0,0],"12":[0,0],"13":[0,0],"14":[0]},"meta":{"lastBranch":15,"lastFunction":11,"lastStatement":33,"seen":{"f:16:16:16:28":0,"b:23:9:23:Infinity":0,"b:24:13:24:Infinity":1,"b:26:2:26:Infinity:undefined:undefined:undefined:undefined":2,"s:26:2:26:Infinity":0,"s:26:15:26:Infinity":1,"s:28:20:28:Infinity":2,"s:29:19:29:Infinity":3,"s:31:18:44:Infinity":4,"f:31:18:31:24":1,"b:33:6:34:Infinity:35:6:36:Infinity:37:6:38:Infinity:39:6:40:Infinity:41:6:42:Infinity":3,"s:32:4:43:Infinity":5,"s:34:8:34:Infinity":6,"s:36:8:36:Infinity":7,"s:38:8:38:Infinity":8,"s:40:8:40:Infinity":9,"s:42:8:42:Infinity":10,"s:46:22:53:Infinity":11,"f:46:22:46:28":2,"b:48:6:48:Infinity:49:6:49:Infinity:50:6:50:Infinity:51:6:51:Infinity":4,"s:47:4:52:Infinity":12,"s:48:17:48:Infinity":13,"s:49:17:49:Infinity":14,"s:50:17:50:Infinity":15,"s:51:15:51:Infinity":16,"s:56:4:171:Infinity":17,"f:58:15:58:16":3,"b:60:8:62:Infinity:undefined:undefined:undefined:undefined":5,"s:60:8:62:Infinity":18,"s:61:10:61:Infinity":19,"b:66:89:66:97:66:97:66:102":6,"f:67:17:67:18":4,"s:67:24:67:Infinity":20,"b:70:10:87:Infinity:89:10:144:Infinity":7,"f:84:77:84:78":5,"s:84:84:84:Infinity":21,"b:91:13:91:Infinity:92:14:94:Infinity":8,"b:98:13:98:Infinity:99:14:101:Infinity":9,"b:106:14:108:Infinity:109:16:113:Infinity":10,"b:110:14:112:Infinity:113:16:113:Infinity":11,"b:116:54:116:67:116:67:116:77":12,"b:118:16:134:Infinity:136:16:141:Infinity":13,"f:126:29:126:35":6,"s:127:22:127:Infinity":22,"s:128:22:128:Infinity":23,"s:175:2:175:Infinity":24,"f:179:16:179:27":7,"s:180:24:189:Infinity":25,"s:191:20:202:Infinity":26,"f:191:20:191:Infinity":8,"b:193:63:193:Infinity":14,"s:196:4:201:Infinity":27,"s:204:22:212:Infinity":28,"f:204:22:204:23":9,"s:205:4:211:Infinity":29,"s:214:21:219:Infinity":30,"f:214:21:214:27":10,"s:215:4:218:Infinity":31,"s:221:2:226:Infinity":32}}}
,"/home/user/webapp/src/components/ErrorBoundary.tsx": {"path":"/home/user/webapp/src/components/ErrorBoundary.tsx","statementMap":{"0":{"start":{"line":20,"column":4},"end":{"line":20,"column":null}},"1":{"start":{"line":21,"column":4},"end":{"line":21,"column":null}},"2":{"start":{"line":25,"column":4},"end":{"line":25,"column":null}},"3":{"start":{"line":30,"column":4},"end":{"line":30,"column":null}},"4":{"start":{"line":33,"column":4},"end":{"line":35,"column":null}},"5":{"start":{"line":34,"column":6},"end":{"line":34,"column":null}},"6":{"start":{"line":39,"column":4},"end":{"line":101,"column":null}},"7":{"start":{"line":41,"column":6},"end":{"line":43,"column":null}},"8":{"start":{"line":42,"column":8},"end":{"line":42,"column":null}},"9":{"start":{"line":46,"column":6},"end":{"line":99,"column":null}},"10":{"start":{"line":86,"column":31},"end":{"line":86,"column":null}},"11":{"start":{"line":92,"column":31},"end":{"line":92,"column":null}},"12":{"start":{"line":103,"column":4},"end":{"line":103,"column":null}}},"fnMap":{"0":{"name":"(anonymous_0)","decl":{"start":{"line":19,"column":2},"end":{"line":19,"column":14}},"loc":{"start":{"line":19,"column":28},"end":{"line":22,"column":null}},"line":19},"1":{"name":"(anonymous_1)","decl":{"start":{"line":24,"column":9},"end":{"line":24,"column":34}},"loc":{"start":{"line":24,"column":55},"end":{"line":26,"column":null}},"line":24},"2":{"name":"(anonymous_2)","decl":{"start":{"line":28,"column":2},"end":{"line":28,"column":20}},"loc":{"start":{"line":28,"column":56},"end":{"line":36,"column":null}},"line":28},"3":{"name":"(anonymous_3)","decl":{"start":{"line":38,"column":2},"end":{"line":38,"column":11}},"loc":{"start":{"line":38,"column":11},"end":{"line":104,"column":null}},"line":38},"4":{"name":"(anonymous_4)","decl":{"start":{"line":86,"column":25},"end":{"line":86,"column":31}},"loc":{"start":{"line":86,"column":31},"end":{"line":86,"column":null}},"line":86},"5":{"name":"(anonymous_5)","decl":{"start":{"line":92,"column":25},"end":{"line":92,"column":31}},"loc":{"start":{"line":92,"column":31},"end":{"line":92,"column":null}},"line":92}},"branchMap":{"0":{"loc":{"start":{"line":33,"column":4},"end":{"line":35,"column":null}},"type":"if","locations":[{"start":{"line":33,"column":4},"end":{"line":35,"column":null}},{"start":{},"end":{}}],"line":33},"1":{"loc":{"start":{"line":39,"column":4},"end":{"line":101,"column":null}},"type":"if","locations":[{"start":{"line":39,"column":4},"end":{"line":101,"column":null}},{"start":{},"end":{}}],"line":39},"2":{"loc":{"start":{"line":41,"column":6},"end":{"line":43,"column":null}},"type":"if","locations":[{"start":{"line":41,"column":6},"end":{"line":43,"column":null}},{"start":{},"end":{}}],"line":41},"3":{"loc":{"start":{"line":73,"column":13},"end":{"line":81,"column":null}},"type":"binary-expr","locations":[{"start":{"line":73,"column":13},"end":{"line":73,"column":36}},{"start":{"line":73,"column":36},"end":{"line":73,"column":null}},{"start":{"line":74,"column":14},"end":{"line":81,"column":null}}],"line":73}},"s":{"0":0,"1":0,"2":0,"3":0,"4":0,"5":0,"6":0,"7":0,"8":0,"9":0,"10":0,"11":0,"12":0},"f":{"0":0,"1":0,"2":0,"3":0,"4":0,"5":0},"b":{"0":[0,0],"1":[0,0],"2":[0,0],"3":[0,0,0]},"meta":{"lastBranch":4,"lastFunction":6,"lastStatement":13,"seen":{"f:19:2:19:14":0,"s:20:4:20:Infinity":0,"s:21:4:21:Infinity":1,"f:24:9:24:34":1,"s:25:4:25:Infinity":2,"f:28:2:28:20":2,"s:30:4:30:Infinity":3,"b:33:4:35:Infinity:undefined:undefined:undefined:undefined":0,"s:33:4:35:Infinity":4,"s:34:6:34:Infinity":5,"f:38:2:38:11":3,"b:39:4:101:Infinity:undefined:undefined:undefined:undefined":1,"s:39:4:101:Infinity":6,"b:41:6:43:Infinity:undefined:undefined:undefined:undefined":2,"s:41:6:43:Infinity":7,"s:42:8:42:Infinity":8,"s:46:6:99:Infinity":9,"b:73:13:73:36:73:36:73:Infinity:74:14:81:Infinity":3,"f:86:25:86:31":4,"s:86:31:86:Infinity":10,"f:92:25:92:31":5,"s:92:31:92:Infinity":11,"s:103:4:103:Infinity":12}}}
,"/home/user/webapp/src/components/FrameWrapper.tsx": {"path":"/home/user/webapp/src/components/FrameWrapper.tsx","statementMap":{"0":{"start":{"line":11,"column":20},"end":{"line":13,"column":null}},"1":{"start":{"line":16,"column":30},"end":{"line":20,"column":null}},"2":{"start":{"line":23,"column":8},"end":{"line":23,"column":null}},"3":{"start":{"line":26,"column":22},"end":{"line":31,"column":null}},"4":{"start":{"line":27,"column":4},"end":{"line":29,"column":null}},"5":{"start":{"line":28,"column":6},"end":{"line":28,"column":null}},"6":{"start":{"line":30,"column":4},"end":{"line":30,"column":null}},"7":{"start":{"line":34,"column":2},"end":{"line":40,"column":null}},"8":{"start":{"line":35,"column":4},"end":{"line":38,"column":null}},"9":{"start":{"line":39,"column":4},"end":{"line":39,"column":null}},"10":{"start":{"line":43,"column":36},"end":{"line":45,"column":null}},"11":{"start":{"line":44,"column":4},"end":{"line":44,"column":null}},"12":{"start":{"line":47,"column":2},"end":{"line":52,"column":null}},"13":{"start":{"line":48,"column":4},"end":{"line":50,"column":null}},"14":{"start":{"line":51,"column":4},"end":{"line":51,"column":null}},"15":{"start":{"line":55,"column":2},"end":{"line":57,"column":null}},"16":{"start":{"line":58,"column":2},"end":{"line":58,"column":null}}},"fnMap":{"0":{"name":"FrameWrapper","decl":{"start":{"line":22,"column":24},"end":{"line":22,"column":37}},"loc":{"start":{"line":22,"column":70},"end":{"line":59,"column":null}},"line":22},"1":{"name":"(anonymous_1)","decl":{"start":{"line":26,"column":39},"end":{"line":26,"column":47}},"loc":{"start":{"line":26,"column":47},"end":{"line":31,"column":3}},"line":26},"2":{"name":"(anonymous_2)","decl":{"start":{"line":43,"column":63},"end":{"line":43,"column":71}},"loc":{"start":{"line":43,"column":71},"end":{"line":45,"column":3}},"line":43}},"branchMap":{"0":{"loc":{"start":{"line":27,"column":4},"end":{"line":29,"column":null}},"type":"if","locations":[{"start":{"line":27,"column":4},"end":{"line":29,"column":null}},{"start":{},"end":{}}],"line":27},"1":{"loc":{"start":{"line":30,"column":11},"end":{"line":30,"column":null}},"type":"binary-expr","locations":[{"start":{"line":30,"column":11},"end":{"line":30,"column":41}},{"start":{"line":30,"column":41},"end":{"line":30,"column":null}}],"line":30},"2":{"loc":{"start":{"line":34,"column":2},"end":{"line":40,"column":null}},"type":"if","locations":[{"start":{"line":34,"column":2},"end":{"line":40,"column":null}},{"start":{},"end":{}}],"line":34},"3":{"loc":{"start":{"line":37,"column":16},"end":{"line":37,"column":null}},"type":"cond-expr","locations":[{"start":{"line":37,"column":27},"end":{"line":37,"column":38}},{"start":{"line":37,"column":38},"end":{"line":37,"column":null}}],"line":37},"4":{"loc":{"start":{"line":47,"column":2},"end":{"line":52,"column":null}},"type":"if","locations":[{"start":{"line":47,"column":2},"end":{"line":52,"column":null}},{"start":{},"end":{}}],"line":47}},"s":{"0":0,"1":0,"2":0,"3":0,"4":0,"5":0,"6":0,"7":0,"8":0,"9":0,"10":0,"11":0,"12":0,"13":0,"14":0,"15":0,"16":0},"f":{"0":0,"1":0,"2":0},"b":{"0":[0,0],"1":[0,0],"2":[0,0],"3":[0,0],"4":[0,0]},"meta":{"lastBranch":5,"lastFunction":3,"lastStatement":17,"seen":{"s:11:20:13:Infinity":0,"s:16:30:20:Infinity":1,"f:22:24:22:37":0,"s:23:8:23:Infinity":2,"s:26:22:31:Infinity":3,"f:26:39:26:47":1,"b:27:4:29:Infinity:undefined:undefined:undefined:undefined":0,"s:27:4:29:Infinity":4,"s:28:6:28:Infinity":5,"s:30:4:30:Infinity":6,"b:30:11:30:41:30:41:30:Infinity":1,"b:34:2:40:Infinity:undefined:undefined:undefined:undefined":2,"s:34:2:40:Infinity":7,"s:35:4:38:Infinity":8,"b:37:27:37:38:37:38:37:Infinity":3,"s:39:4:39:Infinity":9,"s:43:36:45:Infinity":10,"f:43:63:43:71":2,"s:44:4:44:Infinity":11,"b:47:2:52:Infinity:undefined:undefined:undefined:undefined":4,"s:47:2:52:Infinity":12,"s:48:4:50:Infinity":13,"s:51:4:51:Infinity":14,"s:55:2:57:Infinity":15,"s:58:2:58:Infinity":16}}}
,"/home/user/webapp/src/components/GripFrameLayout.tsx": {"path":"/home/user/webapp/src/components/GripFrameLayout.tsx","statementMap":{"0":{"start":{"line":10,"column":2},"end":{"line":14,"column":null}},"1":{"start":{"line":27,"column":2},"end":{"line":31,"column":null}},"2":{"start":{"line":36,"column":8},"end":{"line":36,"column":null}},"3":{"start":{"line":37,"column":26},"end":{"line":37,"column":null}},"4":{"start":{"line":40,"column":2},"end":{"line":44,"column":null}},"5":{"start":{"line":46,"column":2},"end":{"line":264,"column":null}},"6":{"start":{"line":175,"column":28},"end":{"line":185,"column":null}}},"fnMap":{"0":{"name":"LiveBadge","decl":{"start":{"line":9,"column":9},"end":{"line":9,"column":21}},"loc":{"start":{"line":9,"column":21},"end":{"line":16,"column":null}},"line":9},"1":{"name":"ChatMessage","decl":{"start":{"line":18,"column":9},"end":{"line":18,"column":21}},"loc":{"start":{"line":26,"column":3},"end":{"line":33,"column":null}},"line":26},"2":{"name":"GripFrameLayout","decl":{"start":{"line":35,"column":24},"end":{"line":35,"column":40}},"loc":{"start":{"line":35,"column":76},"end":{"line":266,"column":null}},"line":35},"3":{"name":"(anonymous_3)","decl":{"start":{"line":174,"column":32},"end":{"line":174,"column":33}},"loc":{"start":{"line":175,"column":28},"end":{"line":185,"column":null}},"line":175}},"branchMap":{"0":{"loc":{"start":{"line":28,"column":83},"end":{"line":28,"column":115}},"type":"cond-expr","locations":[{"start":{"line":28,"column":95},"end":{"line":28,"column":113}},{"start":{"line":28,"column":113},"end":{"line":28,"column":115}}],"line":28},"1":{"loc":{"start":{"line":43,"column":14},"end":{"line":43,"column":null}},"type":"cond-expr","locations":[{"start":{"line":43,"column":25},"end":{"line":43,"column":36}},{"start":{"line":43,"column":36},"end":{"line":43,"column":null}}],"line":43},"2":{"loc":{"start":{"line":126,"column":21},"end":{"line":212,"column":null}},"type":"cond-expr","locations":[{"start":{"line":128,"column":22},"end":{"line":133,"column":null}},{"start":{"line":136,"column":22},"end":{"line":212,"column":null}}],"line":126},"3":{"loc":{"start":{"line":179,"column":103},"end":{"line":179,"column":177}},"type":"cond-expr","locations":[{"start":{"line":179,"column":119},"end":{"line":179,"column":150}},{"start":{"line":179,"column":150},"end":{"line":179,"column":177}}],"line":179}},"s":{"0":0,"1":0,"2":0,"3":0,"4":0,"5":0,"6":0},"f":{"0":0,"1":0,"2":0,"3":0},"b":{"0":[0,0],"1":[0,0],"2":[0,0],"3":[0,0]},"meta":{"lastBranch":4,"lastFunction":4,"lastStatement":7,"seen":{"f:9:9:9:21":0,"s:10:2:14:Infinity":0,"f:18:9:18:21":1,"s:27:2:31:Infinity":1,"b:28:95:28:113:28:113:28:115":0,"f:35:24:35:40":2,"s:36:8:36:Infinity":2,"s:37:26:37:Infinity":3,"s:40:2:44:Infinity":4,"b:43:25:43:36:43:36:43:Infinity":1,"s:46:2:264:Infinity":5,"b:128:22:133:Infinity:136:22:212:Infinity":2,"f:174:32:174:33":3,"s:175:28:185:Infinity":6,"b:179:119:179:150:179:150:179:177":3}}}
,"/home/user/webapp/src/components/ImageUpload.tsx": {"path":"/home/user/webapp/src/components/ImageUpload.tsx","statementMap":{"0":{"start":{"line":29,"column":32},"end":{"line":29,"column":null}},"1":{"start":{"line":30,"column":24},"end":{"line":30,"column":null}},"2":{"start":{"line":31,"column":34},"end":{"line":31,"column":null}},"3":{"start":{"line":32,"column":36},"end":{"line":32,"column":null}},"4":{"start":{"line":33,"column":8},"end":{"line":33,"column":null}},"5":{"start":{"line":36,"column":4},"end":{"line":36,"column":null}},"6":{"start":{"line":37,"column":4},"end":{"line":37,"column":null}},"7":{"start":{"line":39,"column":4},"end":{"line":104,"column":null}},"8":{"start":{"line":41,"column":6},"end":{"line":43,"column":null}},"9":{"start":{"line":42,"column":8},"end":{"line":42,"column":null}},"10":{"start":{"line":46,"column":6},"end":{"line":48,"column":null}},"11":{"start":{"line":47,"column":8},"end":{"line":47,"column":null}},"12":{"start":{"line":51,"column":22},"end":{"line":56,"column":null}},"13":{"start":{"line":58,"column":29},"end":{"line":58,"column":null}},"14":{"start":{"line":60,"column":6},"end":{"line":64,"column":null}},"15":{"start":{"line":67,"column":21},"end":{"line":67,"column":null}},"16":{"start":{"line":68,"column":6},"end":{"line":94,"column":null}},"17":{"start":{"line":69,"column":23},"end":{"line":69,"column":null}},"18":{"start":{"line":71,"column":8},"end":{"line":93,"column":null}},"19":{"start":{"line":73,"column":27},"end":{"line":76,"column":null}},"20":{"start":{"line":78,"column":10},"end":{"line":87,"column":null}},"21":{"start":{"line":79,"column":12},"end":{"line":79,"column":null}},"22":{"start":{"line":80,"column":12},"end":{"line":80,"column":null}},"23":{"start":{"line":82,"column":12},"end":{"line":84,"column":null}},"24":{"start":{"line":83,"column":14},"end":{"line":83,"column":null}},"25":{"start":{"line":86,"column":12},"end":{"line":86,"column":null}},"26":{"start":{"line":89,"column":10},"end":{"line":89,"column":null}},"27":{"start":{"line":90,"column":10},"end":{"line":90,"column":null}},"28":{"start":{"line":92,"column":10},"end":{"line":92,"column":null}},"29":{"start":{"line":95,"column":6},"end":{"line":97,"column":null}},"30":{"start":{"line":96,"column":8},"end":{"line":96,"column":null}},"31":{"start":{"line":98,"column":6},"end":{"line":98,"column":null}},"32":{"start":{"line":101,"column":6},"end":{"line":101,"column":null}},"33":{"start":{"line":102,"column":6},"end":{"line":102,"column":null}},"34":{"start":{"line":103,"column":6},"end":{"line":103,"column":null}},"35":{"start":{"line":108,"column":17},"end":{"line":108,"column":null}},"36":{"start":{"line":109,"column":4},"end":{"line":109,"column":null}},"37":{"start":{"line":109,"column":14},"end":{"line":109,"column":null}},"38":{"start":{"line":113,"column":4},"end":{"line":113,"column":null}},"39":{"start":{"line":114,"column":4},"end":{"line":114,"column":null}},"40":{"start":{"line":115,"column":17},"end":{"line":115,"column":null}},"41":{"start":{"line":116,"column":4},"end":{"line":116,"column":null}},"42":{"start":{"line":116,"column":14},"end":{"line":116,"column":null}},"43":{"start":{"line":120,"column":4},"end":{"line":120,"column":null}},"44":{"start":{"line":121,"column":4},"end":{"line":121,"column":null}},"45":{"start":{"line":125,"column":4},"end":{"line":125,"column":null}},"46":{"start":{"line":129,"column":4},"end":{"line":129,"column":null}},"47":{"start":{"line":130,"column":4},"end":{"line":132,"column":null}},"48":{"start":{"line":131,"column":6},"end":{"line":131,"column":null}},"49":{"start":{"line":135,"column":2},"end":{"line":252,"column":null}},"50":{"start":{"line":147,"column":25},"end":{"line":147,"column":null}},"51":{"start":{"line":194,"column":17},"end":{"line":194,"column":null}},"52":{"start":{"line":243,"column":29},"end":{"line":243,"column":null}}},"fnMap":{"0":{"name":"ImageUpload","decl":{"start":{"line":23,"column":24},"end":{"line":23,"column":36}},"loc":{"start":{"line":28,"column":21},"end":{"line":254,"column":null}},"line":28},"1":{"name":"handleFile","decl":{"start":{"line":35,"column":17},"end":{"line":35,"column":28}},"loc":{"start":{"line":35,"column":40},"end":{"line":105,"column":null}},"line":35},"2":{"name":"(anonymous_2)","decl":{"start":{"line":68,"column":22},"end":{"line":68,"column":29}},"loc":{"start":{"line":68,"column":35},"end":{"line":94,"column":null}},"line":68},"3":{"name":"(anonymous_3)","decl":{"start":{"line":95,"column":23},"end":{"line":95,"column":29}},"loc":{"start":{"line":95,"column":29},"end":{"line":97,"column":null}},"line":95},"4":{"name":"handleFileSelect","decl":{"start":{"line":107,"column":11},"end":{"line":107,"column":28}},"loc":{"start":{"line":107,"column":68},"end":{"line":110,"column":null}},"line":107},"5":{"name":"handleDrop","decl":{"start":{"line":112,"column":11},"end":{"line":112,"column":22}},"loc":{"start":{"line":112,"column":42},"end":{"line":117,"column":null}},"line":112},"6":{"name":"handleDragOver","decl":{"start":{"line":119,"column":11},"end":{"line":119,"column":26}},"loc":{"start":{"line":119,"column":46},"end":{"line":122,"column":null}},"line":119},"7":{"name":"handleDragLeave","decl":{"start":{"line":124,"column":11},"end":{"line":124,"column":29}},"loc":{"start":{"line":124,"column":29},"end":{"line":126,"column":null}},"line":124},"8":{"name":"handleRemove","decl":{"start":{"line":128,"column":11},"end":{"line":128,"column":26}},"loc":{"start":{"line":128,"column":26},"end":{"line":133,"column":null}},"line":128},"9":{"name":"(anonymous_9)","decl":{"start":{"line":147,"column":19},"end":{"line":147,"column":25}},"loc":{"start":{"line":147,"column":25},"end":{"line":147,"column":null}},"line":147},"10":{"name":"(anonymous_10)","decl":{"start":{"line":193,"column":23},"end":{"line":193,"column":24}},"loc":{"start":{"line":193,"column":30},"end":{"line":195,"column":null}},"line":193},"11":{"name":"(anonymous_11)","decl":{"start":{"line":243,"column":22},"end":{"line":243,"column":23}},"loc":{"start":{"line":243,"column":29},"end":{"line":243,"column":null}},"line":243}},"branchMap":{"0":{"loc":{"start":{"line":26,"column":2},"end":{"line":26,"column":null}},"type":"default-arg","locations":[{"start":{"line":26,"column":10},"end":{"line":26,"column":null}}],"line":26},"1":{"loc":{"start":{"line":27,"column":2},"end":{"line":27,"column":null}},"type":"default-arg","locations":[{"start":{"line":27,"column":14},"end":{"line":27,"column":null}}],"line":27},"2":{"loc":{"start":{"line":41,"column":6},"end":{"line":43,"column":null}},"type":"if","locations":[{"start":{"line":41,"column":6},"end":{"line":43,"column":null}},{"start":{},"end":{}}],"line":41},"3":{"loc":{"start":{"line":46,"column":6},"end":{"line":48,"column":null}},"type":"if","locations":[{"start":{"line":46,"column":6},"end":{"line":48,"column":null}},{"start":{},"end":{}}],"line":46},"4":{"loc":{"start":{"line":78,"column":10},"end":{"line":87,"column":null}},"type":"if","locations":[{"start":{"line":78,"column":10},"end":{"line":87,"column":null}},{"start":{"line":85,"column":17},"end":{"line":87,"column":null}}],"line":78},"5":{"loc":{"start":{"line":82,"column":12},"end":{"line":84,"column":null}},"type":"if","locations":[{"start":{"line":82,"column":12},"end":{"line":84,"column":null}},{"start":{},"end":{}}],"line":82},"6":{"loc":{"start":{"line":86,"column":28},"end":{"line":86,"column":59}},"type":"binary-expr","locations":[{"start":{"line":86,"column":28},"end":{"line":86,"column":51}},{"start":{"line":86,"column":51},"end":{"line":86,"column":59}}],"line":86},"7":{"loc":{"start":{"line":90,"column":26},"end":{"line":90,"column":88}},"type":"binary-expr","locations":[{"start":{"line":90,"column":26},"end":{"line":90,"column":60}},{"start":{"line":90,"column":60},"end":{"line":90,"column":80}},{"start":{"line":90,"column":80},"end":{"line":90,"column":88}}],"line":90},"8":{"loc":{"start":{"line":102,"column":15},"end":{"line":102,"column":48}},"type":"binary-expr","locations":[{"start":{"line":102,"column":15},"end":{"line":102,"column":30}},{"start":{"line":102,"column":30},"end":{"line":102,"column":48}}],"line":102},"9":{"loc":{"start":{"line":109,"column":4},"end":{"line":109,"column":null}},"type":"if","locations":[{"start":{"line":109,"column":4},"end":{"line":109,"column":null}},{"start":{},"end":{}}],"line":109},"10":{"loc":{"start":{"line":116,"column":4},"end":{"line":116,"column":null}},"type":"if","locations":[{"start":{"line":116,"column":4},"end":{"line":116,"column":null}},{"start":{},"end":{}}],"line":116},"11":{"loc":{"start":{"line":130,"column":4},"end":{"line":132,"column":null}},"type":"if","locations":[{"start":{"line":130,"column":4},"end":{"line":132,"column":null}},{"start":{},"end":{}}],"line":130},"12":{"loc":{"start":{"line":142,"column":7},"end":{"line":182,"column":null}},"type":"binary-expr","locations":[{"start":{"line":142,"column":7},"end":{"line":142,"column":null}},{"start":{"line":143,"column":8},"end":{"line":182,"column":null}}],"line":142},"13":{"loc":{"start":{"line":151,"column":14},"end":{"line":151,"column":97}},"type":"cond-expr","locations":[{"start":{"line":151,"column":27},"end":{"line":151,"column":58}},{"start":{"line":151,"column":58},"end":{"line":151,"column":97}}],"line":151},"14":{"loc":{"start":{"line":152,"column":14},"end":{"line":152,"column":63}},"type":"cond-expr","locations":[{"start":{"line":152,"column":26},"end":{"line":152,"column":61}},{"start":{"line":152,"column":61},"end":{"line":152,"column":63}}],"line":152},"15":{"loc":{"start":{"line":164,"column":11},"end":{"line":180,"column":null}},"type":"cond-expr","locations":[{"start":{"line":165,"column":12},"end":{"line":168,"column":null}},{"start":{"line":170,"column":12},"end":{"line":180,"column":null}}],"line":164},"16":{"loc":{"start":{"line":186,"column":7},"end":{"line":214,"column":null}},"type":"binary-expr","locations":[{"start":{"line":186,"column":7},"end":{"line":186,"column":null}},{"start":{"line":187,"column":8},"end":{"line":214,"column":null}}],"line":186},"17":{"loc":{"start":{"line":208,"column":13},"end":{"line":211,"column":null}},"type":"binary-expr","locations":[{"start":{"line":208,"column":13},"end":{"line":208,"column":null}},{"start":{"line":209,"column":14},"end":{"line":211,"column":null}}],"line":208},"18":{"loc":{"start":{"line":210,"column":17},"end":{"line":210,"column":null}},"type":"cond-expr","locations":[{"start":{"line":210,"column":40},"end":{"line":210,"column":49}},{"start":{"line":210,"column":49},"end":{"line":210,"column":null}}],"line":210},"19":{"loc":{"start":{"line":218,"column":7},"end":{"line":221,"column":null}},"type":"binary-expr","locations":[{"start":{"line":218,"column":7},"end":{"line":218,"column":null}},{"start":{"line":219,"column":8},"end":{"line":221,"column":null}}],"line":218},"20":{"loc":{"start":{"line":225,"column":7},"end":{"line":231,"column":null}},"type":"binary-expr","locations":[{"start":{"line":225,"column":7},"end":{"line":225,"column":null}},{"start":{"line":226,"column":8},"end":{"line":231,"column":null}}],"line":225},"21":{"loc":{"start":{"line":242,"column":19},"end":{"line":242,"column":null}},"type":"cond-expr","locations":[{"start":{"line":242,"column":46},"end":{"line":242,"column":54}},{"start":{"line":242,"column":54},"end":{"line":242,"column":null}}],"line":242}},"s":{"0":0,"1":0,"2":0,"3":0,"4":0,"5":0,"6":0,"7":0,"8":0,"9":0,"10":0,"11":0,"12":0,"13":0,"14":0,"15":0,"16":0,"17":0,"18":0,"19":0,"20":0,"21":0,"22":0,"23":0,"24":0,"25":0,"26":0,"27":0,"28":0,"29":0,"30":0,"31":0,"32":0,"33":0,"34":0,"35":0,"36":0,"37":0,"38":0,"39":0,"40":0,"41":0,"42":0,"43":0,"44":0,"45":0,"46":0,"47":0,"48":0,"49":0,"50":0,"51":0,"52":0},"f":{"0":0,"1":0,"2":0,"3":0,"4":0,"5":0,"6":0,"7":0,"8":0,"9":0,"10":0,"11":0},"b":{"0":[0],"1":[0],"2":[0,0],"3":[0,0],"4":[0,0],"5":[0,0],"6":[0,0],"7":[0,0,0],"8":[0,0],"9":[0,0],"10":[0,0],"11":[0,0],"12":[0,0],"13":[0,0],"14":[0,0],"15":[0,0],"16":[0,0],"17":[0,0],"18":[0,0],"19":[0,0],"20":[0,0],"21":[0,0]},"meta":{"lastBranch":22,"lastFunction":12,"lastStatement":53,"seen":{"f:23:24:23:36":0,"b:26:10:26:Infinity":0,"b:27:14:27:Infinity":1,"s:29:32:29:Infinity":0,"s:30:24:30:Infinity":1,"s:31:34:31:Infinity":2,"s:32:36:32:Infinity":3,"s:33:8:33:Infinity":4,"f:35:17:35:28":1,"s:36:4:36:Infinity":5,"s:37:4:37:Infinity":6,"s:39:4:104:Infinity":7,"b:41:6:43:Infinity:undefined:undefined:undefined:undefined":2,"s:41:6:43:Infinity":8,"s:42:8:42:Infinity":9,"b:46:6:48:Infinity:undefined:undefined:undefined:undefined":3,"s:46:6:48:Infinity":10,"s:47:8:47:Infinity":11,"s:51:22:56:Infinity":12,"s:58:29:58:Infinity":13,"s:60:6:64:Infinity":14,"s:67:21:67:Infinity":15,"s:68:6:94:Infinity":16,"f:68:22:68:29":2,"s:69:23:69:Infinity":17,"s:71:8:93:Infinity":18,"s:73:27:76:Infinity":19,"b:78:10:87:Infinity:85:17:87:Infinity":4,"s:78:10:87:Infinity":20,"s:79:12:79:Infinity":21,"s:80:12:80:Infinity":22,"b:82:12:84:Infinity:undefined:undefined:undefined:undefined":5,"s:82:12:84:Infinity":23,"s:83:14:83:Infinity":24,"s:86:12:86:Infinity":25,"b:86:28:86:51:86:51:86:59":6,"s:89:10:89:Infinity":26,"s:90:10:90:Infinity":27,"b:90:26:90:60:90:60:90:80:90:80:90:88":7,"s:92:10:92:Infinity":28,"s:95:6:97:Infinity":29,"f:95:23:95:29":3,"s:96:8:96:Infinity":30,"s:98:6:98:Infinity":31,"s:101:6:101:Infinity":32,"s:102:6:102:Infinity":33,"b:102:15:102:30:102:30:102:48":8,"s:103:6:103:Infinity":34,"f:107:11:107:28":4,"s:108:17:108:Infinity":35,"b:109:4:109:Infinity:undefined:undefined:undefined:undefined":9,"s:109:4:109:Infinity":36,"s:109:14:109:Infinity":37,"f:112:11:112:22":5,"s:113:4:113:Infinity":38,"s:114:4:114:Infinity":39,"s:115:17:115:Infinity":40,"b:116:4:116:Infinity:undefined:undefined:undefined:undefined":10,"s:116:4:116:Infinity":41,"s:116:14:116:Infinity":42,"f:119:11:119:26":6,"s:120:4:120:Infinity":43,"s:121:4:121:Infinity":44,"f:124:11:124:29":7,"s:125:4:125:Infinity":45,"f:128:11:128:26":8,"s:129:4:129:Infinity":46,"b:130:4:132:Infinity:undefined:undefined:undefined:undefined":11,"s:130:4:132:Infinity":47,"s:131:6:131:Infinity":48,"s:135:2:252:Infinity":49,"b:142:7:142:Infinity:143:8:182:Infinity":12,"f:147:19:147:25":9,"s:147:25:147:Infinity":50,"b:151:27:151:58:151:58:151:97":13,"b:152:26:152:61:152:61:152:63":14,"b:165:12:168:Infinity:170:12:180:Infinity":15,"b:186:7:186:Infinity:187:8:214:Infinity":16,"f:193:23:193:24":10,"s:194:17:194:Infinity":51,"b:208:13:208:Infinity:209:14:211:Infinity":17,"b:210:40:210:49:210:49:210:Infinity":18,"b:218:7:218:Infinity:219:8:221:Infinity":19,"b:225:7:225:Infinity:226:8:231:Infinity":20,"b:242:46:242:54:242:54:242:Infinity":21,"f:243:22:243:23":11,"s:243:29:243:Infinity":52}}}
,"/home/user/webapp/src/components/LanguageSwitcher.tsx": {"path":"/home/user/webapp/src/components/LanguageSwitcher.tsx","statementMap":{"0":{"start":{"line":13,"column":15},"end":{"line":13,"column":null}},"1":{"start":{"line":15,"column":8},"end":{"line":25,"column":null}},"2":{"start":{"line":27,"column":22},"end":{"line":27,"column":null}},"3":{"start":{"line":28,"column":26},"end":{"line":28,"column":null}},"4":{"start":{"line":28,"column":46},"end":{"line":28,"column":68}},"5":{"start":{"line":30,"column":21},"end":{"line":33,"column":null}},"6":{"start":{"line":31,"column":4},"end":{"line":31,"column":null}},"7":{"start":{"line":32,"column":4},"end":{"line":32,"column":null}},"8":{"start":{"line":35,"column":2},"end":{"line":59,"column":null}},"9":{"start":{"line":45,"column":10},"end":{"line":56,"column":null}},"10":{"start":{"line":47,"column":27},"end":{"line":47,"column":null}}},"fnMap":{"0":{"name":"LanguageSwitcher","decl":{"start":{"line":12,"column":24},"end":{"line":12,"column":43}},"loc":{"start":{"line":12,"column":43},"end":{"line":61,"column":null}},"line":12},"1":{"name":"(anonymous_1)","decl":{"start":{"line":28,"column":41},"end":{"line":28,"column":46}},"loc":{"start":{"line":28,"column":46},"end":{"line":28,"column":68}},"line":28},"2":{"name":"(anonymous_2)","decl":{"start":{"line":30,"column":21},"end":{"line":30,"column":22}},"loc":{"start":{"line":30,"column":39},"end":{"line":33,"column":null}},"line":30},"3":{"name":"(anonymous_3)","decl":{"start":{"line":44,"column":23},"end":{"line":44,"column":null}},"loc":{"start":{"line":45,"column":10},"end":{"line":56,"column":null}},"line":45},"4":{"name":"(anonymous_4)","decl":{"start":{"line":47,"column":21},"end":{"line":47,"column":27}},"loc":{"start":{"line":47,"column":27},"end":{"line":47,"column":null}},"line":47}},"branchMap":{"0":{"loc":{"start":{"line":15,"column":8},"end":{"line":25,"column":null}},"type":"cond-expr","locations":[{"start":{"line":16,"column":6},"end":{"line":19,"column":null}},{"start":{"line":20,"column":6},"end":{"line":25,"column":null}}],"line":15},"1":{"loc":{"start":{"line":27,"column":22},"end":{"line":27,"column":null}},"type":"binary-expr","locations":[{"start":{"line":27,"column":22},"end":{"line":27,"column":39}},{"start":{"line":27,"column":39},"end":{"line":27,"column":null}}],"line":27},"2":{"loc":{"start":{"line":28,"column":26},"end":{"line":28,"column":null}},"type":"binary-expr","locations":[{"start":{"line":28,"column":26},"end":{"line":28,"column":73}},{"start":{"line":28,"column":73},"end":{"line":28,"column":null}}],"line":28},"3":{"loc":{"start":{"line":51,"column":16},"end":{"line":51,"column":92}},"type":"cond-expr","locations":[{"start":{"line":51,"column":44},"end":{"line":51,"column":90}},{"start":{"line":51,"column":90},"end":{"line":51,"column":92}}],"line":51}},"s":{"0":0,"1":0,"2":0,"3":0,"4":0,"5":0,"6":0,"7":0,"8":0,"9":0,"10":0},"f":{"0":0,"1":0,"2":0,"3":0,"4":0},"b":{"0":[0,0],"1":[0,0],"2":[0,0],"3":[0,0]},"meta":{"lastBranch":4,"lastFunction":5,"lastStatement":11,"seen":{"f:12:24:12:43":0,"s:13:15:13:Infinity":0,"s:15:8:25:Infinity":1,"b:16:6:19:Infinity:20:6:25:Infinity":0,"s:27:22:27:Infinity":2,"b:27:22:27:39:27:39:27:Infinity":1,"s:28:26:28:Infinity":3,"b:28:26:28:73:28:73:28:Infinity":2,"f:28:41:28:46":1,"s:28:46:28:68":4,"s:30:21:33:Infinity":5,"f:30:21:30:22":2,"s:31:4:31:Infinity":6,"s:32:4:32:Infinity":7,"s:35:2:59:Infinity":8,"f:44:23:44:Infinity":3,"s:45:10:56:Infinity":9,"f:47:21:47:27":4,"s:47:27:47:Infinity":10,"b:51:44:51:90:51:90:51:92":3}}}
,"/home/user/webapp/src/components/LazyImage.tsx": {"path":"/home/user/webapp/src/components/LazyImage.tsx","statementMap":{"0":{"start":{"line":27,"column":30},"end":{"line":27,"column":null}},"1":{"start":{"line":28,"column":30},"end":{"line":28,"column":null}},"2":{"start":{"line":29,"column":30},"end":{"line":29,"column":null}},"3":{"start":{"line":30,"column":8},"end":{"line":30,"column":null}},"4":{"start":{"line":32,"column":2},"end":{"line":56,"column":null}},"5":{"start":{"line":34,"column":21},"end":{"line":47,"column":null}},"6":{"start":{"line":36,"column":8},"end":{"line":42,"column":null}},"7":{"start":{"line":37,"column":10},"end":{"line":41,"column":null}},"8":{"start":{"line":39,"column":12},"end":{"line":39,"column":null}},"9":{"start":{"line":40,"column":12},"end":{"line":40,"column":null}},"10":{"start":{"line":49,"column":4},"end":{"line":51,"column":null}},"11":{"start":{"line":50,"column":6},"end":{"line":50,"column":null}},"12":{"start":{"line":53,"column":4},"end":{"line":55,"column":null}},"13":{"start":{"line":54,"column":6},"end":{"line":54,"column":null}},"14":{"start":{"line":58,"column":21},"end":{"line":61,"column":null}},"15":{"start":{"line":59,"column":4},"end":{"line":59,"column":null}},"16":{"start":{"line":60,"column":4},"end":{"line":60,"column":null}},"17":{"start":{"line":63,"column":22},"end":{"line":67,"column":null}},"18":{"start":{"line":64,"column":4},"end":{"line":64,"column":null}},"19":{"start":{"line":65,"column":4},"end":{"line":65,"column":null}},"20":{"start":{"line":66,"column":4},"end":{"line":66,"column":null}},"21":{"start":{"line":69,"column":2},"end":{"line":84,"column":null}},"22":{"start":{"line":94,"column":2},"end":{"line":96,"column":null}},"23":{"start":{"line":95,"column":4},"end":{"line":95,"column":null}},"24":{"start":{"line":102,"column":2},"end":{"line":102,"column":null}}},"fnMap":{"0":{"name":"LazyImage","decl":{"start":{"line":18,"column":16},"end":{"line":18,"column":26}},"loc":{"start":{"line":26,"column":19},"end":{"line":86,"column":null}},"line":26},"1":{"name":"(anonymous_1)","decl":{"start":{"line":32,"column":12},"end":{"line":32,"column":18}},"loc":{"start":{"line":32,"column":18},"end":{"line":56,"column":5}},"line":32},"2":{"name":"(anonymous_2)","decl":{"start":{"line":35,"column":6},"end":{"line":35,"column":7}},"loc":{"start":{"line":35,"column":19},"end":{"line":43,"column":null}},"line":35},"3":{"name":"(anonymous_3)","decl":{"start":{"line":36,"column":24},"end":{"line":36,"column":25}},"loc":{"start":{"line":36,"column":35},"end":{"line":42,"column":9}},"line":36},"4":{"name":"(anonymous_4)","decl":{"start":{"line":53,"column":11},"end":{"line":53,"column":17}},"loc":{"start":{"line":53,"column":17},"end":{"line":55,"column":null}},"line":53},"5":{"name":"(anonymous_5)","decl":{"start":{"line":58,"column":21},"end":{"line":58,"column":27}},"loc":{"start":{"line":58,"column":27},"end":{"line":61,"column":null}},"line":58},"6":{"name":"(anonymous_6)","decl":{"start":{"line":63,"column":22},"end":{"line":63,"column":28}},"loc":{"start":{"line":63,"column":28},"end":{"line":67,"column":null}},"line":63},"7":{"name":"getOptimizedImageUrl","decl":{"start":{"line":92,"column":16},"end":{"line":92,"column":37}},"loc":{"start":{"line":92,"column":74},"end":{"line":103,"column":null}},"line":92}},"branchMap":{"0":{"loc":{"start":{"line":21,"column":2},"end":{"line":21,"column":null}},"type":"default-arg","locations":[{"start":{"line":21,"column":16},"end":{"line":21,"column":null}}],"line":21},"1":{"loc":{"start":{"line":22,"column":2},"end":{"line":22,"column":null}},"type":"default-arg","locations":[{"start":{"line":22,"column":14},"end":{"line":22,"column":null}}],"line":22},"2":{"loc":{"start":{"line":37,"column":10},"end":{"line":41,"column":null}},"type":"if","locations":[{"start":{"line":37,"column":10},"end":{"line":41,"column":null}},{"start":{},"end":{}}],"line":37},"3":{"loc":{"start":{"line":49,"column":4},"end":{"line":51,"column":null}},"type":"if","locations":[{"start":{"line":49,"column":4},"end":{"line":51,"column":null}},{"start":{},"end":{}}],"line":49},"4":{"loc":{"start":{"line":76,"column":10},"end":{"line":76,"column":67}},"type":"cond-expr","locations":[{"start":{"line":76,"column":35},"end":{"line":76,"column":65}},{"start":{"line":76,"column":65},"end":{"line":76,"column":67}}],"line":76},"5":{"loc":{"start":{"line":76,"column":10},"end":{"line":76,"column":35}},"type":"binary-expr","locations":[{"start":{"line":76,"column":10},"end":{"line":76,"column":23}},{"start":{"line":76,"column":23},"end":{"line":76,"column":35}}],"line":76},"6":{"loc":{"start":{"line":78,"column":10},"end":{"line":78,"column":48}},"type":"cond-expr","locations":[{"start":{"line":78,"column":21},"end":{"line":78,"column":37}},{"start":{"line":78,"column":37},"end":{"line":78,"column":48}}],"line":78},"7":{"loc":{"start":{"line":94,"column":2},"end":{"line":96,"column":null}},"type":"if","locations":[{"start":{"line":94,"column":2},"end":{"line":96,"column":null}},{"start":{},"end":{}}],"line":94}},"s":{"0":8,"1":8,"2":8,"3":8,"4":8,"5":8,"6":0,"7":0,"8":0,"9":0,"10":8,"11":8,"12":8,"13":8,"14":8,"15":0,"16":0,"17":8,"18":0,"19":0,"20":0,"21":8,"22":0,"23":0,"24":0},"f":{"0":8,"1":8,"2":0,"3":0,"4":8,"5":0,"6":0,"7":0},"b":{"0":[8],"1":[8],"2":[0,0],"3":[8,0],"4":[8,0],"5":[8,8],"6":[0,8],"7":[0,0]},"meta":{"lastBranch":8,"lastFunction":8,"lastStatement":25,"seen":{"f:18:16:18:26":0,"b:21:16:21:Infinity":0,"b:22:14:22:Infinity":1,"s:27:30:27:Infinity":0,"s:28:30:28:Infinity":1,"s:29:30:29:Infinity":2,"s:30:8:30:Infinity":3,"s:32:2:56:Infinity":4,"f:32:12:32:18":1,"s:34:21:47:Infinity":5,"f:35:6:35:7":2,"s:36:8:42:Infinity":6,"f:36:24:36:25":3,"b:37:10:41:Infinity:undefined:undefined:undefined:undefined":2,"s:37:10:41:Infinity":7,"s:39:12:39:Infinity":8,"s:40:12:40:Infinity":9,"b:49:4:51:Infinity:undefined:undefined:undefined:undefined":3,"s:49:4:51:Infinity":10,"s:50:6:50:Infinity":11,"s:53:4:55:Infinity":12,"f:53:11:53:17":4,"s:54:6:54:Infinity":13,"s:58:21:61:Infinity":14,"f:58:21:58:27":5,"s:59:4:59:Infinity":15,"s:60:4:60:Infinity":16,"s:63:22:67:Infinity":17,"f:63:22:63:28":6,"s:64:4:64:Infinity":18,"s:65:4:65:Infinity":19,"s:66:4:66:Infinity":20,"s:69:2:84:Infinity":21,"b:76:35:76:65:76:65:76:67":4,"b:76:10:76:23:76:23:76:35":5,"b:78:21:78:37:78:37:78:48":6,"f:92:16:92:37":7,"b:94:2:96:Infinity:undefined:undefined:undefined:undefined":7,"s:94:2:96:Infinity":22,"s:95:4:95:Infinity":23,"s:102:2:102:Infinity":24}}}
,"/home/user/webapp/src/components/MobileAppLayout.tsx": {"path":"/home/user/webapp/src/components/MobileAppLayout.tsx","statementMap":{"0":{"start":{"line":19,"column":2},"end":{"line":22,"column":null}}},"fnMap":{"0":{"name":"MobileAppLayout","decl":{"start":{"line":18,"column":24},"end":{"line":18,"column":40}},"loc":{"start":{"line":18,"column":76},"end":{"line":24,"column":null}},"line":18}},"branchMap":{},"s":{"0":0},"f":{"0":0},"b":{},"meta":{"lastBranch":0,"lastFunction":1,"lastStatement":1,"seen":{"f:18:24:18:40":0,"s:19:2:22:Infinity":0}}}
,"/home/user/webapp/src/components/MobileFooter.tsx": {"path":"/home/user/webapp/src/components/MobileFooter.tsx","statementMap":{"0":{"start":{"line":3,"column":2},"end":{"line":36,"column":null}}},"fnMap":{"0":{"name":"MobileFooter","decl":{"start":{"line":2,"column":24},"end":{"line":2,"column":39}},"loc":{"start":{"line":2,"column":39},"end":{"line":38,"column":null}},"line":2}},"branchMap":{},"s":{"0":0},"f":{"0":0},"b":{},"meta":{"lastBranch":0,"lastFunction":1,"lastStatement":1,"seen":{"f:2:24:2:39":0,"s:3:2:36:Infinity":0}}}
,"/home/user/webapp/src/components/NotificationBell.tsx": {"path":"/home/user/webapp/src/components/NotificationBell.tsx","statementMap":{"0":{"start":{"line":21,"column":8},"end":{"line":21,"column":null}},"1":{"start":{"line":22,"column":40},"end":{"line":22,"column":null}},"2":{"start":{"line":23,"column":36},"end":{"line":23,"column":null}},"3":{"start":{"line":24,"column":26},"end":{"line":24,"column":null}},"4":{"start":{"line":25,"column":28},"end":{"line":25,"column":null}},"5":{"start":{"line":26,"column":34},"end":{"line":26,"column":null}},"6":{"start":{"line":27,"column":8},"end":{"line":27,"column":null}},"7":{"start":{"line":31,"column":4},"end":{"line":50,"column":null}},"8":{"start":{"line":32,"column":6},"end":{"line":32,"column":null}},"9":{"start":{"line":33,"column":23},"end":{"line":33,"column":null}},"10":{"start":{"line":35,"column":6},"end":{"line":39,"column":null}},"11":{"start":{"line":36,"column":8},"end":{"line":36,"column":null}},"12":{"start":{"line":37,"column":8},"end":{"line":37,"column":null}},"13":{"start":{"line":38,"column":8},"end":{"line":38,"column":null}},"14":{"start":{"line":41,"column":6},"end":{"line":41,"column":null}},"15":{"start":{"line":42,"column":6},"end":{"line":42,"column":null}},"16":{"start":{"line":42,"column":28},"end":{"line":42,"column":36}},"17":{"start":{"line":45,"column":6},"end":{"line":47,"column":null}},"18":{"start":{"line":46,"column":8},"end":{"line":46,"column":null}},"19":{"start":{"line":49,"column":6},"end":{"line":49,"column":null}},"20":{"start":{"line":55,"column":4},"end":{"line":65,"column":null}},"21":{"start":{"line":56,"column":6},"end":{"line":56,"column":null}},"22":{"start":{"line":59,"column":6},"end":{"line":61,"column":null}},"23":{"start":{"line":60,"column":8},"end":{"line":60,"column":null}},"24":{"start":{"line":60,"column":22},"end":{"line":60,"column":75}},"25":{"start":{"line":62,"column":6},"end":{"line":62,"column":null}},"26":{"start":{"line":62,"column":29},"end":{"line":62,"column":50}},"27":{"start":{"line":64,"column":6},"end":{"line":64,"column":null}},"28":{"start":{"line":70,"column":4},"end":{"line":79,"column":null}},"29":{"start":{"line":71,"column":6},"end":{"line":71,"column":null}},"30":{"start":{"line":73,"column":6},"end":{"line":75,"column":null}},"31":{"start":{"line":74,"column":8},"end":{"line":74,"column":null}},"32":{"start":{"line":74,"column":23},"end":{"line":74,"column":47}},"33":{"start":{"line":76,"column":6},"end":{"line":76,"column":null}},"34":{"start":{"line":78,"column":6},"end":{"line":78,"column":null}},"35":{"start":{"line":85,"column":4},"end":{"line":87,"column":null}},"36":{"start":{"line":86,"column":6},"end":{"line":86,"column":null}},"37":{"start":{"line":90,"column":4},"end":{"line":92,"column":null}},"38":{"start":{"line":91,"column":6},"end":{"line":91,"column":null}},"39":{"start":{"line":95,"column":4},"end":{"line":95,"column":null}},"40":{"start":{"line":99,"column":2},"end":{"line":101,"column":null}},"41":{"start":{"line":100,"column":4},"end":{"line":100,"column":null}},"42":{"start":{"line":104,"column":2},"end":{"line":116,"column":null}},"43":{"start":{"line":106,"column":4},"end":{"line":109,"column":null}},"44":{"start":{"line":107,"column":6},"end":{"line":107,"column":null}},"45":{"start":{"line":108,"column":6},"end":{"line":108,"column":null}},"46":{"start":{"line":111,"column":21},"end":{"line":113,"column":null}},"47":{"start":{"line":112,"column":6},"end":{"line":112,"column":null}},"48":{"start":{"line":115,"column":4},"end":{"line":115,"column":null}},"49":{"start":{"line":115,"column":17},"end":{"line":115,"column":null}},"50":{"start":{"line":119,"column":2},"end":{"line":133,"column":null}},"51":{"start":{"line":121,"column":6},"end":{"line":123,"column":null}},"52":{"start":{"line":122,"column":8},"end":{"line":122,"column":null}},"53":{"start":{"line":126,"column":4},"end":{"line":128,"column":null}},"54":{"start":{"line":127,"column":6},"end":{"line":127,"column":null}},"55":{"start":{"line":130,"column":4},"end":{"line":132,"column":null}},"56":{"start":{"line":131,"column":6},"end":{"line":131,"column":null}},"57":{"start":{"line":137,"column":17},"end":{"line":137,"column":null}},"58":{"start":{"line":138,"column":16},"end":{"line":138,"column":null}},"59":{"start":{"line":139,"column":17},"end":{"line":139,"column":null}},"60":{"start":{"line":140,"column":20},"end":{"line":140,"column":null}},"61":{"start":{"line":141,"column":18},"end":{"line":141,"column":null}},"62":{"start":{"line":142,"column":17},"end":{"line":142,"column":null}},"63":{"start":{"line":144,"column":4},"end":{"line":144,"column":null}},"64":{"start":{"line":144,"column":21},"end":{"line":144,"column":null}},"65":{"start":{"line":145,"column":4},"end":{"line":145,"column":null}},"66":{"start":{"line":145,"column":22},"end":{"line":145,"column":null}},"67":{"start":{"line":146,"column":4},"end":{"line":146,"column":null}},"68":{"start":{"line":146,"column":20},"end":{"line":146,"column":null}},"69":{"start":{"line":147,"column":4},"end":{"line":147,"column":null}},"70":{"start":{"line":147,"column":18},"end":{"line":147,"column":null}},"71":{"start":{"line":148,"column":4},"end":{"line":148,"column":null}},"72":{"start":{"line":151,"column":2},"end":{"line":259,"column":null}},"73":{"start":{"line":155,"column":23},"end":{"line":155,"column":null}},"74":{"start":{"line":182,"column":31},"end":{"line":182,"column":null}},"75":{"start":{"line":202,"column":16},"end":{"line":238,"column":null}},"76":{"start":{"line":204,"column":33},"end":{"line":204,"column":null}},"77":{"start":{"line":248,"column":18},"end":{"line":248,"column":null}},"78":{"start":{"line":249,"column":18},"end":{"line":249,"column":null}}},"fnMap":{"0":{"name":"NotificationBell","decl":{"start":{"line":20,"column":24},"end":{"line":20,"column":41}},"loc":{"start":{"line":20,"column":78},"end":{"line":261,"column":null}},"line":20},"1":{"name":"loadNotifications","decl":{"start":{"line":30,"column":17},"end":{"line":30,"column":37}},"loc":{"start":{"line":30,"column":37},"end":{"line":51,"column":null}},"line":30},"2":{"name":"(anonymous_2)","decl":{"start":{"line":42,"column":20},"end":{"line":42,"column":28}},"loc":{"start":{"line":42,"column":28},"end":{"line":42,"column":36}},"line":42},"3":{"name":"markAsRead","decl":{"start":{"line":54,"column":17},"end":{"line":54,"column":28}},"loc":{"start":{"line":54,"column":52},"end":{"line":66,"column":null}},"line":54},"4":{"name":"(anonymous_4)","decl":{"start":{"line":59,"column":23},"end":{"line":59,"column":null}},"loc":{"start":{"line":60,"column":8},"end":{"line":60,"column":null}},"line":60},"5":{"name":"(anonymous_5)","decl":{"start":{"line":60,"column":17},"end":{"line":60,"column":22}},"loc":{"start":{"line":60,"column":22},"end":{"line":60,"column":75}},"line":60},"6":{"name":"(anonymous_6)","decl":{"start":{"line":62,"column":21},"end":{"line":62,"column":29}},"loc":{"start":{"line":62,"column":29},"end":{"line":62,"column":50}},"line":62},"7":{"name":"markAllAsRead","decl":{"start":{"line":69,"column":17},"end":{"line":69,"column":33}},"loc":{"start":{"line":69,"column":33},"end":{"line":80,"column":null}},"line":69},"8":{"name":"(anonymous_8)","decl":{"start":{"line":73,"column":23},"end":{"line":73,"column":null}},"loc":{"start":{"line":74,"column":8},"end":{"line":74,"column":null}},"line":74},"9":{"name":"(anonymous_9)","decl":{"start":{"line":74,"column":17},"end":{"line":74,"column":23}},"loc":{"start":{"line":74,"column":23},"end":{"line":74,"column":47}},"line":74},"10":{"name":"handleNotificationClick","decl":{"start":{"line":83,"column":11},"end":{"line":83,"column":35}},"loc":{"start":{"line":83,"column":63},"end":{"line":96,"column":null}},"line":83},"11":{"name":"(anonymous_11)","decl":{"start":{"line":99,"column":12},"end":{"line":99,"column":18}},"loc":{"start":{"line":99,"column":18},"end":{"line":101,"column":5}},"line":99},"12":{"name":"(anonymous_12)","decl":{"start":{"line":104,"column":12},"end":{"line":104,"column":18}},"loc":{"start":{"line":104,"column":18},"end":{"line":116,"column":5}},"line":104},"13":{"name":"(anonymous_13)","decl":{"start":{"line":111,"column":33},"end":{"line":111,"column":39}},"loc":{"start":{"line":111,"column":39},"end":{"line":113,"column":7}},"line":111},"14":{"name":"(anonymous_14)","decl":{"start":{"line":115,"column":11},"end":{"line":115,"column":17}},"loc":{"start":{"line":115,"column":17},"end":{"line":115,"column":null}},"line":115},"15":{"name":"(anonymous_15)","decl":{"start":{"line":119,"column":12},"end":{"line":119,"column":18}},"loc":{"start":{"line":119,"column":18},"end":{"line":133,"column":5}},"line":119},"16":{"name":"handleClickOutside","decl":{"start":{"line":120,"column":13},"end":{"line":120,"column":32}},"loc":{"start":{"line":120,"column":51},"end":{"line":124,"column":null}},"line":120},"17":{"name":"(anonymous_17)","decl":{"start":{"line":130,"column":11},"end":{"line":130,"column":17}},"loc":{"start":{"line":130,"column":17},"end":{"line":132,"column":null}},"line":130},"18":{"name":"formatTime","decl":{"start":{"line":136,"column":11},"end":{"line":136,"column":22}},"loc":{"start":{"line":136,"column":42},"end":{"line":149,"column":null}},"line":136},"19":{"name":"(anonymous_19)","decl":{"start":{"line":155,"column":17},"end":{"line":155,"column":23}},"loc":{"start":{"line":155,"column":23},"end":{"line":155,"column":null}},"line":155},"20":{"name":"(anonymous_20)","decl":{"start":{"line":182,"column":25},"end":{"line":182,"column":31}},"loc":{"start":{"line":182,"column":31},"end":{"line":182,"column":null}},"line":182},"21":{"name":"(anonymous_21)","decl":{"start":{"line":201,"column":45},"end":{"line":201,"column":46}},"loc":{"start":{"line":202,"column":16},"end":{"line":238,"column":null}},"line":202},"22":{"name":"(anonymous_22)","decl":{"start":{"line":204,"column":27},"end":{"line":204,"column":33}},"loc":{"start":{"line":204,"column":33},"end":{"line":204,"column":null}},"line":204},"23":{"name":"(anonymous_23)","decl":{"start":{"line":247,"column":25},"end":{"line":247,"column":31}},"loc":{"start":{"line":247,"column":31},"end":{"line":250,"column":null}},"line":247}},"branchMap":{"0":{"loc":{"start":{"line":35,"column":6},"end":{"line":39,"column":null}},"type":"if","locations":[{"start":{"line":35,"column":6},"end":{"line":39,"column":null}},{"start":{},"end":{}}],"line":35},"1":{"loc":{"start":{"line":36,"column":25},"end":{"line":36,"column":49}},"type":"binary-expr","locations":[{"start":{"line":36,"column":25},"end":{"line":36,"column":47}},{"start":{"line":36,"column":47},"end":{"line":36,"column":49}}],"line":36},"2":{"loc":{"start":{"line":37,"column":23},"end":{"line":37,"column":54}},"type":"binary-expr","locations":[{"start":{"line":37,"column":23},"end":{"line":37,"column":53}},{"start":{"line":37,"column":53},"end":{"line":37,"column":54}}],"line":37},"3":{"loc":{"start":{"line":45,"column":6},"end":{"line":47,"column":null}},"type":"if","locations":[{"start":{"line":45,"column":6},"end":{"line":47,"column":null}},{"start":{},"end":{}}],"line":45},"4":{"loc":{"start":{"line":60,"column":22},"end":{"line":60,"column":75}},"type":"cond-expr","locations":[{"start":{"line":60,"column":48},"end":{"line":60,"column":74}},{"start":{"line":60,"column":74},"end":{"line":60,"column":75}}],"line":60},"5":{"loc":{"start":{"line":85,"column":4},"end":{"line":87,"column":null}},"type":"if","locations":[{"start":{"line":85,"column":4},"end":{"line":87,"column":null}},{"start":{},"end":{}}],"line":85},"6":{"loc":{"start":{"line":90,"column":4},"end":{"line":92,"column":null}},"type":"if","locations":[{"start":{"line":90,"column":4},"end":{"line":92,"column":null}},{"start":{},"end":{}}],"line":90},"7":{"loc":{"start":{"line":106,"column":4},"end":{"line":109,"column":null}},"type":"if","locations":[{"start":{"line":106,"column":4},"end":{"line":109,"column":null}},{"start":{},"end":{}}],"line":106},"8":{"loc":{"start":{"line":121,"column":6},"end":{"line":123,"column":null}},"type":"if","locations":[{"start":{"line":121,"column":6},"end":{"line":123,"column":null}},{"start":{},"end":{}}],"line":121},"9":{"loc":{"start":{"line":121,"column":10},"end":{"line":121,"column":86}},"type":"binary-expr","locations":[{"start":{"line":121,"column":10},"end":{"line":121,"column":33}},{"start":{"line":121,"column":33},"end":{"line":121,"column":86}}],"line":121},"10":{"loc":{"start":{"line":126,"column":4},"end":{"line":128,"column":null}},"type":"if","locations":[{"start":{"line":126,"column":4},"end":{"line":128,"column":null}},{"start":{},"end":{}}],"line":126},"11":{"loc":{"start":{"line":144,"column":4},"end":{"line":144,"column":null}},"type":"if","locations":[{"start":{"line":144,"column":4},"end":{"line":144,"column":null}},{"start":{},"end":{}}],"line":144},"12":{"loc":{"start":{"line":145,"column":4},"end":{"line":145,"column":null}},"type":"if","locations":[{"start":{"line":145,"column":4},"end":{"line":145,"column":null}},{"start":{},"end":{}}],"line":145},"13":{"loc":{"start":{"line":146,"column":4},"end":{"line":146,"column":null}},"type":"if","locations":[{"start":{"line":146,"column":4},"end":{"line":146,"column":null}},{"start":{},"end":{}}],"line":146},"14":{"loc":{"start":{"line":147,"column":4},"end":{"line":147,"column":null}},"type":"if","locations":[{"start":{"line":147,"column":4},"end":{"line":147,"column":null}},{"start":{},"end":{}}],"line":147},"15":{"loc":{"start":{"line":159,"column":9},"end":{"line":162,"column":null}},"type":"binary-expr","locations":[{"start":{"line":159,"column":9},"end":{"line":159,"column":null}},{"start":{"line":160,"column":10},"end":{"line":162,"column":null}}],"line":159},"16":{"loc":{"start":{"line":161,"column":13},"end":{"line":161,"column":null}},"type":"cond-expr","locations":[{"start":{"line":161,"column":32},"end":{"line":161,"column":40}},{"start":{"line":161,"column":40},"end":{"line":161,"column":null}}],"line":161},"17":{"loc":{"start":{"line":167,"column":7},"end":{"line":257,"column":null}},"type":"binary-expr","locations":[{"start":{"line":167,"column":7},"end":{"line":167,"column":null}},{"start":{"line":168,"column":8},"end":{"line":257,"column":null}}],"line":167},"18":{"loc":{"start":{"line":173,"column":15},"end":{"line":179,"column":null}},"type":"binary-expr","locations":[{"start":{"line":173,"column":15},"end":{"line":173,"column":null}},{"start":{"line":174,"column":16},"end":{"line":179,"column":null}}],"line":173},"19":{"loc":{"start":{"line":192,"column":13},"end":{"line":239,"column":null}},"type":"cond-expr","locations":[{"start":{"line":193,"column":14},"end":{"line":195,"column":null}},{"start":{"line":196,"column":16},"end":{"line":239,"column":null}}],"line":192},"20":{"loc":{"start":{"line":196,"column":16},"end":{"line":239,"column":null}},"type":"cond-expr","locations":[{"start":{"line":197,"column":14},"end":{"line":199,"column":null}},{"start":{"line":201,"column":14},"end":{"line":239,"column":null}}],"line":196},"21":{"loc":{"start":{"line":207,"column":22},"end":{"line":207,"column":63}},"type":"cond-expr","locations":[{"start":{"line":207,"column":46},"end":{"line":207,"column":61}},{"start":{"line":207,"column":61},"end":{"line":207,"column":63}}],"line":207},"22":{"loc":{"start":{"line":214,"column":24},"end":{"line":214,"column":77}},"type":"cond-expr","locations":[{"start":{"line":214,"column":48},"end":{"line":214,"column":64}},{"start":{"line":214,"column":64},"end":{"line":214,"column":77}}],"line":214},"23":{"loc":{"start":{"line":221,"column":26},"end":{"line":221,"column":83}},"type":"cond-expr","locations":[{"start":{"line":221,"column":50},"end":{"line":221,"column":68}},{"start":{"line":221,"column":68},"end":{"line":221,"column":83}}],"line":221},"24":{"loc":{"start":{"line":234,"column":21},"end":{"line":235,"column":null}},"type":"binary-expr","locations":[{"start":{"line":234,"column":21},"end":{"line":234,"column":null}},{"start":{"line":235,"column":22},"end":{"line":235,"column":null}}],"line":234},"25":{"loc":{"start":{"line":244,"column":11},"end":{"line":255,"column":null}},"type":"binary-expr","locations":[{"start":{"line":244,"column":11},"end":{"line":244,"column":null}},{"start":{"line":245,"column":12},"end":{"line":255,"column":null}}],"line":244}},"s":{"0":0,"1":0,"2":0,"3":0,"4":0,"5":0,"6":0,"7":0,"8":0,"9":0,"10":0,"11":0,"12":0,"13":0,"14":0,"15":0,"16":0,"17":0,"18":0,"19":0,"20":0,"21":0,"22":0,"23":0,"24":0,"25":0,"26":0,"27":0,"28":0,"29":0,"30":0,"31":0,"32":0,"33":0,"34":0,"35":0,"36":0,"37":0,"38":0,"39":0,"40":0,"41":0,"42":0,"43":0,"44":0,"45":0,"46":0,"47":0,"48":0,"49":0,"50":0,"51":0,"52":0,"53":0,"54":0,"55":0,"56":0,"57":0,"58":0,"59":0,"60":0,"61":0,"62":0,"63":0,"64":0,"65":0,"66":0,"67":0,"68":0,"69":0,"70":0,"71":0,"72":0,"73":0,"74":0,"75":0,"76":0,"77":0,"78":0},"f":{"0":0,"1":0,"2":0,"3":0,"4":0,"5":0,"6":0,"7":0,"8":0,"9":0,"10":0,"11":0,"12":0,"13":0,"14":0,"15":0,"16":0,"17":0,"18":0,"19":0,"20":0,"21":0,"22":0,"23":0},"b":{"0":[0,0],"1":[0,0],"2":[0,0],"3":[0,0],"4":[0,0],"5":[0,0],"6":[0,0],"7":[0,0],"8":[0,0],"9":[0,0],"10":[0,0],"11":[0,0],"12":[0,0],"13":[0,0],"14":[0,0],"15":[0,0],"16":[0,0],"17":[0,0],"18":[0,0],"19":[0,0],"20":[0,0],"21":[0,0],"22":[0,0],"23":[0,0],"24":[0,0],"25":[0,0]},"meta":{"lastBranch":26,"lastFunction":24,"lastStatement":79,"seen":{"f:20:24:20:41":0,"s:21:8:21:Infinity":0,"s:22:40:22:Infinity":1,"s:23:36:23:Infinity":2,"s:24:26:24:Infinity":3,"s:25:28:25:Infinity":4,"s:26:34:26:Infinity":5,"s:27:8:27:Infinity":6,"f:30:17:30:37":1,"s:31:4:50:Infinity":7,"s:32:6:32:Infinity":8,"s:33:23:33:Infinity":9,"b:35:6:39:Infinity:undefined:undefined:undefined:undefined":0,"s:35:6:39:Infinity":10,"s:36:8:36:Infinity":11,"b:36:25:36:47:36:47:36:49":1,"s:37:8:37:Infinity":12,"b:37:23:37:53:37:53:37:54":2,"s:38:8:38:Infinity":13,"s:41:6:41:Infinity":14,"s:42:6:42:Infinity":15,"f:42:20:42:28":2,"s:42:28:42:36":16,"b:45:6:47:Infinity:undefined:undefined:undefined:undefined":3,"s:45:6:47:Infinity":17,"s:46:8:46:Infinity":18,"s:49:6:49:Infinity":19,"f:54:17:54:28":3,"s:55:4:65:Infinity":20,"s:56:6:56:Infinity":21,"s:59:6:61:Infinity":22,"f:59:23:59:Infinity":4,"s:60:8:60:Infinity":23,"f:60:17:60:22":5,"s:60:22:60:75":24,"b:60:48:60:74:60:74:60:75":4,"s:62:6:62:Infinity":25,"f:62:21:62:29":6,"s:62:29:62:50":26,"s:64:6:64:Infinity":27,"f:69:17:69:33":7,"s:70:4:79:Infinity":28,"s:71:6:71:Infinity":29,"s:73:6:75:Infinity":30,"f:73:23:73:Infinity":8,"s:74:8:74:Infinity":31,"f:74:17:74:23":9,"s:74:23:74:47":32,"s:76:6:76:Infinity":33,"s:78:6:78:Infinity":34,"f:83:11:83:35":10,"b:85:4:87:Infinity:undefined:undefined:undefined:undefined":5,"s:85:4:87:Infinity":35,"s:86:6:86:Infinity":36,"b:90:4:92:Infinity:undefined:undefined:undefined:undefined":6,"s:90:4:92:Infinity":37,"s:91:6:91:Infinity":38,"s:95:4:95:Infinity":39,"s:99:2:101:Infinity":40,"f:99:12:99:18":11,"s:100:4:100:Infinity":41,"s:104:2:116:Infinity":42,"f:104:12:104:18":12,"b:106:4:109:Infinity:undefined:undefined:undefined:undefined":7,"s:106:4:109:Infinity":43,"s:107:6:107:Infinity":44,"s:108:6:108:Infinity":45,"s:111:21:113:Infinity":46,"f:111:33:111:39":13,"s:112:6:112:Infinity":47,"s:115:4:115:Infinity":48,"f:115:11:115:17":14,"s:115:17:115:Infinity":49,"s:119:2:133:Infinity":50,"f:119:12:119:18":15,"f:120:13:120:32":16,"b:121:6:123:Infinity:undefined:undefined:undefined:undefined":8,"s:121:6:123:Infinity":51,"b:121:10:121:33:121:33:121:86":9,"s:122:8:122:Infinity":52,"b:126:4:128:Infinity:undefined:undefined:undefined:undefined":10,"s:126:4:128:Infinity":53,"s:127:6:127:Infinity":54,"s:130:4:132:Infinity":55,"f:130:11:130:17":17,"s:131:6:131:Infinity":56,"f:136:11:136:22":18,"s:137:17:137:Infinity":57,"s:138:16:138:Infinity":58,"s:139:17:139:Infinity":59,"s:140:20:140:Infinity":60,"s:141:18:141:Infinity":61,"s:142:17:142:Infinity":62,"b:144:4:144:Infinity:undefined:undefined:undefined:undefined":11,"s:144:4:144:Infinity":63,"s:144:21:144:Infinity":64,"b:145:4:145:Infinity:undefined:undefined:undefined:undefined":12,"s:145:4:145:Infinity":65,"s:145:22:145:Infinity":66,"b:146:4:146:Infinity:undefined:undefined:undefined:undefined":13,"s:146:4:146:Infinity":67,"s:146:20:146:Infinity":68,"b:147:4:147:Infinity:undefined:undefined:undefined:undefined":14,"s:147:4:147:Infinity":69,"s:147:18:147:Infinity":70,"s:148:4:148:Infinity":71,"s:151:2:259:Infinity":72,"f:155:17:155:23":19,"s:155:23:155:Infinity":73,"b:159:9:159:Infinity:160:10:162:Infinity":15,"b:161:32:161:40:161:40:161:Infinity":16,"b:167:7:167:Infinity:168:8:257:Infinity":17,"b:173:15:173:Infinity:174:16:179:Infinity":18,"f:182:25:182:31":20,"s:182:31:182:Infinity":74,"b:193:14:195:Infinity:196:16:239:Infinity":19,"b:197:14:199:Infinity:201:14:239:Infinity":20,"f:201:45:201:46":21,"s:202:16:238:Infinity":75,"f:204:27:204:33":22,"s:204:33:204:Infinity":76,"b:207:46:207:61:207:61:207:63":21,"b:214:48:214:64:214:64:214:77":22,"b:221:50:221:68:221:68:221:83":23,"b:234:21:234:Infinity:235:22:235:Infinity":24,"b:244:11:244:Infinity:245:12:255:Infinity":25,"f:247:25:247:31":23,"s:248:18:248:Infinity":77,"s:249:18:249:Infinity":78}}}
,"/home/user/webapp/src/components/NotificationDropdown.tsx": {"path":"/home/user/webapp/src/components/NotificationDropdown.tsx","statementMap":{"0":{"start":{"line":30,"column":26},"end":{"line":30,"column":null}},"1":{"start":{"line":31,"column":40},"end":{"line":31,"column":null}},"2":{"start":{"line":32,"column":36},"end":{"line":32,"column":null}},"3":{"start":{"line":33,"column":28},"end":{"line":33,"column":null}},"4":{"start":{"line":36,"column":2},"end":{"line":40,"column":null}},"5":{"start":{"line":37,"column":4},"end":{"line":39,"column":null}},"6":{"start":{"line":38,"column":6},"end":{"line":38,"column":null}},"7":{"start":{"line":43,"column":2},"end":{"line":47,"column":null}},"8":{"start":{"line":44,"column":4},"end":{"line":46,"column":null}},"9":{"start":{"line":45,"column":6},"end":{"line":45,"column":null}},"10":{"start":{"line":49,"column":28},"end":{"line":63,"column":null}},"11":{"start":{"line":50,"column":4},"end":{"line":62,"column":null}},"12":{"start":{"line":51,"column":6},"end":{"line":51,"column":null}},"13":{"start":{"line":52,"column":23},"end":{"line":52,"column":null}},"14":{"start":{"line":54,"column":6},"end":{"line":57,"column":null}},"15":{"start":{"line":55,"column":8},"end":{"line":55,"column":null}},"16":{"start":{"line":56,"column":8},"end":{"line":56,"column":null}},"17":{"start":{"line":59,"column":6},"end":{"line":59,"column":null}},"18":{"start":{"line":61,"column":6},"end":{"line":61,"column":null}},"19":{"start":{"line":65,"column":21},"end":{"line":77,"column":null}},"20":{"start":{"line":66,"column":4},"end":{"line":76,"column":null}},"21":{"start":{"line":67,"column":6},"end":{"line":67,"column":null}},"22":{"start":{"line":70,"column":6},"end":{"line":72,"column":null}},"23":{"start":{"line":71,"column":8},"end":{"line":71,"column":null}},"24":{"start":{"line":71,"column":23},"end":{"line":71,"column":74}},"25":{"start":{"line":73,"column":6},"end":{"line":73,"column":null}},"26":{"start":{"line":73,"column":29},"end":{"line":73,"column":50}},"27":{"start":{"line":75,"column":6},"end":{"line":75,"column":null}},"28":{"start":{"line":79,"column":24},"end":{"line":89,"column":null}},"29":{"start":{"line":80,"column":4},"end":{"line":88,"column":null}},"30":{"start":{"line":81,"column":6},"end":{"line":81,"column":null}},"31":{"start":{"line":84,"column":6},"end":{"line":84,"column":null}},"32":{"start":{"line":84,"column":31},"end":{"line":84,"column":68}},"33":{"start":{"line":84,"column":46},"end":{"line":84,"column":67}},"34":{"start":{"line":85,"column":6},"end":{"line":85,"column":null}},"35":{"start":{"line":87,"column":6},"end":{"line":87,"column":null}},"36":{"start":{"line":91,"column":29},"end":{"line":103,"column":null}},"37":{"start":{"line":92,"column":4},"end":{"line":102,"column":null}},"38":{"start":{"line":93,"column":6},"end":{"line":93,"column":null}},"39":{"start":{"line":96,"column":6},"end":{"line":96,"column":null}},"40":{"start":{"line":96,"column":31},"end":{"line":96,"column":72}},"41":{"start":{"line":96,"column":48},"end":{"line":96,"column":71}},"42":{"start":{"line":97,"column":6},"end":{"line":99,"column":null}},"43":{"start":{"line":97,"column":34},"end":{"line":97,"column":76}},"44":{"start":{"line":98,"column":8},"end":{"line":98,"column":null}},"45":{"start":{"line":98,"column":31},"end":{"line":98,"column":52}},"46":{"start":{"line":101,"column":6},"end":{"line":101,"column":null}},"47":{"start":{"line":105,"column":34},"end":{"line":115,"column":null}},"48":{"start":{"line":106,"column":4},"end":{"line":108,"column":null}},"49":{"start":{"line":107,"column":6},"end":{"line":107,"column":null}},"50":{"start":{"line":110,"column":4},"end":{"line":112,"column":null}},"51":{"start":{"line":111,"column":6},"end":{"line":111,"column":null}},"52":{"start":{"line":114,"column":4},"end":{"line":114,"column":null}},"53":{"start":{"line":117,"column":24},"end":{"line":127,"column":null}},"54":{"start":{"line":118,"column":17},"end":{"line":118,"column":null}},"55":{"start":{"line":119,"column":16},"end":{"line":119,"column":null}},"56":{"start":{"line":120,"column":20},"end":{"line":120,"column":null}},"57":{"start":{"line":122,"column":4},"end":{"line":122,"column":null}},"58":{"start":{"line":122,"column":22},"end":{"line":122,"column":null}},"59":{"start":{"line":123,"column":4},"end":{"line":123,"column":null}},"60":{"start":{"line":123,"column":24},"end":{"line":123,"column":null}},"61":{"start":{"line":124,"column":4},"end":{"line":124,"column":null}},"62":{"start":{"line":124,"column":25},"end":{"line":124,"column":null}},"63":{"start":{"line":125,"column":4},"end":{"line":125,"column":null}},"64":{"start":{"line":125,"column":26},"end":{"line":125,"column":null}},"65":{"start":{"line":126,"column":4},"end":{"line":126,"column":null}},"66":{"start":{"line":129,"column":2},"end":{"line":266,"column":null}},"67":{"start":{"line":133,"column":23},"end":{"line":133,"column":null}},"68":{"start":{"line":151,"column":27},"end":{"line":151,"column":null}},"69":{"start":{"line":188,"column":20},"end":{"line":226,"column":null}},"70":{"start":{"line":193,"column":37},"end":{"line":193,"column":null}},"71":{"start":{"line":217,"column":28},"end":{"line":217,"column":null}},"72":{"start":{"line":218,"column":28},"end":{"line":218,"column":null}},"73":{"start":{"line":237,"column":20},"end":{"line":237,"column":null}},"74":{"start":{"line":238,"column":20},"end":{"line":238,"column":null}}},"fnMap":{"0":{"name":"NotificationDropdown","decl":{"start":{"line":29,"column":24},"end":{"line":29,"column":45}},"loc":{"start":{"line":29,"column":84},"end":{"line":268,"column":null}},"line":29},"1":{"name":"(anonymous_1)","decl":{"start":{"line":36,"column":12},"end":{"line":36,"column":18}},"loc":{"start":{"line":36,"column":18},"end":{"line":40,"column":5}},"line":36},"2":{"name":"(anonymous_2)","decl":{"start":{"line":43,"column":12},"end":{"line":43,"column":18}},"loc":{"start":{"line":43,"column":18},"end":{"line":47,"column":5}},"line":43},"3":{"name":"(anonymous_3)","decl":{"start":{"line":49,"column":28},"end":{"line":49,"column":40}},"loc":{"start":{"line":49,"column":40},"end":{"line":63,"column":null}},"line":49},"4":{"name":"(anonymous_4)","decl":{"start":{"line":65,"column":21},"end":{"line":65,"column":28}},"loc":{"start":{"line":65,"column":55},"end":{"line":77,"column":null}},"line":65},"5":{"name":"(anonymous_5)","decl":{"start":{"line":70,"column":23},"end":{"line":70,"column":null}},"loc":{"start":{"line":71,"column":8},"end":{"line":71,"column":null}},"line":71},"6":{"name":"(anonymous_6)","decl":{"start":{"line":71,"column":17},"end":{"line":71,"column":23}},"loc":{"start":{"line":71,"column":23},"end":{"line":71,"column":74}},"line":71},"7":{"name":"(anonymous_7)","decl":{"start":{"line":73,"column":21},"end":{"line":73,"column":29}},"loc":{"start":{"line":73,"column":29},"end":{"line":73,"column":50}},"line":73},"8":{"name":"(anonymous_8)","decl":{"start":{"line":79,"column":24},"end":{"line":79,"column":36}},"loc":{"start":{"line":79,"column":36},"end":{"line":89,"column":null}},"line":79},"9":{"name":"(anonymous_9)","decl":{"start":{"line":84,"column":23},"end":{"line":84,"column":31}},"loc":{"start":{"line":84,"column":31},"end":{"line":84,"column":68}},"line":84},"10":{"name":"(anonymous_10)","decl":{"start":{"line":84,"column":40},"end":{"line":84,"column":46}},"loc":{"start":{"line":84,"column":46},"end":{"line":84,"column":67}},"line":84},"11":{"name":"(anonymous_11)","decl":{"start":{"line":91,"column":29},"end":{"line":91,"column":36}},"loc":{"start":{"line":91,"column":63},"end":{"line":103,"column":null}},"line":91},"12":{"name":"(anonymous_12)","decl":{"start":{"line":96,"column":23},"end":{"line":96,"column":31}},"loc":{"start":{"line":96,"column":31},"end":{"line":96,"column":72}},"line":96},"13":{"name":"(anonymous_13)","decl":{"start":{"line":96,"column":43},"end":{"line":96,"column":48}},"loc":{"start":{"line":96,"column":48},"end":{"line":96,"column":71}},"line":96},"14":{"name":"(anonymous_14)","decl":{"start":{"line":97,"column":29},"end":{"line":97,"column":34}},"loc":{"start":{"line":97,"column":34},"end":{"line":97,"column":76}},"line":97},"15":{"name":"(anonymous_15)","decl":{"start":{"line":98,"column":23},"end":{"line":98,"column":31}},"loc":{"start":{"line":98,"column":31},"end":{"line":98,"column":52}},"line":98},"16":{"name":"(anonymous_16)","decl":{"start":{"line":105,"column":34},"end":{"line":105,"column":35}},"loc":{"start":{"line":105,"column":66},"end":{"line":115,"column":null}},"line":105},"17":{"name":"(anonymous_17)","decl":{"start":{"line":117,"column":24},"end":{"line":117,"column":25}},"loc":{"start":{"line":117,"column":48},"end":{"line":127,"column":null}},"line":117},"18":{"name":"(anonymous_18)","decl":{"start":{"line":133,"column":17},"end":{"line":133,"column":23}},"loc":{"start":{"line":133,"column":23},"end":{"line":133,"column":null}},"line":133},"19":{"name":"(anonymous_19)","decl":{"start":{"line":151,"column":21},"end":{"line":151,"column":27}},"loc":{"start":{"line":151,"column":27},"end":{"line":151,"column":null}},"line":151},"20":{"name":"(anonymous_20)","decl":{"start":{"line":187,"column":37},"end":{"line":187,"column":null}},"loc":{"start":{"line":188,"column":20},"end":{"line":226,"column":null}},"line":188},"21":{"name":"(anonymous_21)","decl":{"start":{"line":193,"column":31},"end":{"line":193,"column":37}},"loc":{"start":{"line":193,"column":37},"end":{"line":193,"column":null}},"line":193},"22":{"name":"(anonymous_22)","decl":{"start":{"line":216,"column":35},"end":{"line":216,"column":36}},"loc":{"start":{"line":216,"column":42},"end":{"line":219,"column":null}},"line":216},"23":{"name":"(anonymous_23)","decl":{"start":{"line":236,"column":27},"end":{"line":236,"column":33}},"loc":{"start":{"line":236,"column":33},"end":{"line":239,"column":null}},"line":236}},"branchMap":{"0":{"loc":{"start":{"line":37,"column":4},"end":{"line":39,"column":null}},"type":"if","locations":[{"start":{"line":37,"column":4},"end":{"line":39,"column":null}},{"start":{},"end":{}}],"line":37},"1":{"loc":{"start":{"line":37,"column":8},"end":{"line":37,"column":26}},"type":"binary-expr","locations":[{"start":{"line":37,"column":8},"end":{"line":37,"column":18}},{"start":{"line":37,"column":18},"end":{"line":37,"column":26}}],"line":37},"2":{"loc":{"start":{"line":44,"column":4},"end":{"
[...]
,"/home/user/webapp/src/components/ui/badge.tsx": {"path":"/home/user/webapp/src/components/ui/badge.tsx","statementMap":{"0":{"start":{"line":6,"column":6},"end":{"line":24,"column":null}},"1":{"start":{"line":31,"column":2},"end":{"line":32,"column":null}}},"fnMap":{"0":{"name":"Badge","decl":{"start":{"line":30,"column":9},"end":{"line":30,"column":15}},"loc":{"start":{"line":30,"column":61},"end":{"line":34,"column":null}},"line":30}},"branchMap":{},"s":{"0":1,"1":32},"f":{"0":32},"b":{},"meta":{"lastBranch":0,"lastFunction":1,"lastStatement":2,"seen":{"s:6:6:24:Infinity":0,"f:30:9:30:15":0,"s:31:2:32:Infinity":1}}}
,"/home/user/webapp/src/components/ui/button.tsx": {"path":"/home/user/webapp/src/components/ui/button.tsx","statementMap":{"0":{"start":{"line":7,"column":6},"end":{"line":34,"column":null}},"1":{"start":{"line":42,"column":15},"end":{"line":53,"column":null}},"2":{"start":{"line":44,"column":17},"end":{"line":44,"column":null}},"3":{"start":{"line":45,"column":4},"end":{"line":50,"column":null}},"4":{"start":{"line":54,"column":0},"end":{"line":54,"column":null}}},"fnMap":{"0":{"name":"(anonymous_0)","decl":{"start":{"line":43,"column":2},"end":{"line":43,"column":3}},"loc":{"start":{"line":43,"column":68},"end":{"line":52,"column":null}},"line":43}},"branchMap":{"0":{"loc":{"start":{"line":43,"column":31},"end":{"line":43,"column":48}},"type":"default-arg","locations":[{"start":{"line":43,"column":41},"end":{"line":43,"column":48}}],"line":43},"1":{"loc":{"start":{"line":44,"column":17},"end":{"line":44,"column":null}},"type":"cond-expr","locations":[{"start":{"line":44,"column":27},"end":{"line":44,"column":34}},{"start":{"line":44,"column":34},"end":{"line":44,"column":null}}],"line":44}},"s":{"0":3,"1":3,"2":13,"3":13,"4":3},"f":{"0":13},"b":{"0":[13],"1":[13,0]},"meta":{"lastBranch":2,"lastFunction":1,"lastStatement":5,"seen":{"s:7:6:34:Infinity":0,"s:42:15:53:Infinity":1,"f:43:2:43:3":0,"b:43:41:43:48":0,"s:44:17:44:Infinity":2,"b:44:27:44:34:44:34:44:Infinity":1,"s:45:4:50:Infinity":3,"s:54:0:54:Infinity":4}}}
,"/home/user/webapp/src/components/ui/card.tsx": {"path":"/home/user/webapp/src/components/ui/card.tsx","statementMap":{"0":{"start":{"line":5,"column":13},"end":{"line":17,"column":null}},"1":{"start":{"line":9,"column":2},"end":{"line":16,"column":null}},"2":{"start":{"line":18,"column":0},"end":{"line":18,"column":null}},"3":{"start":{"line":20,"column":19},"end":{"line":29,"column":null}},"4":{"start":{"line":24,"column":2},"end":{"line":28,"column":null}},"5":{"start":{"line":30,"column":0},"end":{"line":30,"column":null}},"6":{"start":{"line":32,"column":18},"end":{"line":44,"column":null}},"7":{"start":{"line":36,"column":2},"end":{"line":43,"column":null}},"8":{"start":{"line":45,"column":0},"end":{"line":45,"column":null}},"9":{"start":{"line":47,"column":24},"end":{"line":56,"column":null}},"10":{"start":{"line":51,"column":2},"end":{"line":55,"column":null}},"11":{"start":{"line":57,"column":0},"end":{"line":57,"column":null}},"12":{"start":{"line":59,"column":20},"end":{"line":64,"column":null}},"13":{"start":{"line":63,"column":2},"end":{"line":63,"column":null}},"14":{"start":{"line":65,"column":0},"end":{"line":65,"column":null}},"15":{"start":{"line":67,"column":19},"end":{"line":76,"column":null}},"16":{"start":{"line":71,"column":2},"end":{"line":75,"column":null}},"17":{"start":{"line":77,"column":0},"end":{"line":77,"column":null}}},"fnMap":{"0":{"name":"(anonymous_0)","decl":{"start":{"line":8,"column":2},"end":{"line":8,"column":3}},"loc":{"start":{"line":9,"column":2},"end":{"line":16,"column":null}},"line":9},"1":{"name":"(anonymous_1)","decl":{"start":{"line":23,"column":2},"end":{"line":23,"column":3}},"loc":{"start":{"line":24,"column":2},"end":{"line":28,"column":null}},"line":24},"2":{"name":"(anonymous_2)","decl":{"start":{"line":35,"column":2},"end":{"line":35,"column":3}},"loc":{"start":{"line":36,"column":2},"end":{"line":43,"column":null}},"line":36},"3":{"name":"(anonymous_3)","decl":{"start":{"line":50,"column":2},"end":{"line":50,"column":3}},"loc":{"start":{"line":51,"column":2},"end":{"line":55,"column":null}},"line":51},"4":{"name":"(anonymous_4)","decl":{"start":{"line":62,"column":2},"end":{"line":62,"column":3}},"loc":{"start":{"line":63,"column":2},"end":{"line":63,"column":null}},"line":63},"5":{"name":"(anonymous_5)","decl":{"start":{"line":70,"column":2},"end":{"line":70,"column":3}},"loc":{"start":{"line":71,"column":2},"end":{"line":75,"column":null}},"line":71}},"branchMap":{},"s":{"0":0,"1":0,"2":0,"3":0,"4":0,"5":0,"6":0,"7":0,"8":0,"9":0,"10":0,"11":0,"12":0,"13":0,"14":0,"15":0,"16":0,"17":0},"f":{"0":0,"1":0,"2":0,"3":0,"4":0,"5":0},"b":{},"meta":{"lastBranch":0,"lastFunction":6,"lastStatement":18,"seen":{"s:5:13:17:Infinity":0,"f:8:2:8:3":0,"s:9:2:16:Infinity":1,"s:18:0:18:Infinity":2,"s:20:19:29:Infinity":3,"f:23:2:23:3":1,"s:24:2:28:Infinity":4,"s:30:0:30:Infinity":5,"s:32:18:44:Infinity":6,"f:35:2:35:3":2,"s:36:2:43:Infinity":7,"s:45:0:45:Infinity":8,"s:47:24:56:Infinity":9,"f:50:2:50:3":3,"s:51:2:55:Infinity":10,"s:57:0:57:Infinity":11,"s:59:20:64:Infinity":12,"f:62:2:62:3":4,"s:63:2:63:Infinity":13,"s:65:0:65:Infinity":14,"s:67:19:76:Infinity":15,"f:70:2:70:3":5,"s:71:2:75:Infinity":16,"s:77:0:77:Infinity":17}}}
,"/home/user/webapp/src/components/ui/checkbox.tsx": {"path":"/home/user/webapp/src/components/ui/checkbox.tsx","statementMap":{"0":{"start":{"line":7,"column":0},"end":{"line":7,"column":null}},"1":{"start":{"line":9,"column":17},"end":{"line":27,"column":null}},"2":{"start":{"line":13,"column":2},"end":{"line":26,"column":null}},"3":{"start":{"line":28,"column":0},"end":{"line":28,"column":null}}},"fnMap":{"0":{"name":"(anonymous_0)","decl":{"start":{"line":12,"column":2},"end":{"line":12,"column":3}},"loc":{"start":{"line":13,"column":2},"end":{"line":26,"column":null}},"line":13}},"branchMap":{},"s":{"0":0,"1":0,"2":0,"3":0},"f":{"0":0},"b":{},"meta":{"lastBranch":0,"lastFunction":1,"lastStatement":4,"seen":{"s:7:0:7:Infinity":0,"s:9:17:27:Infinity":1,"f:12:2:12:3":0,"s:13:2:26:Infinity":2,"s:28:0:28:Infinity":3}}}
,"/home/user/webapp/src/components/ui/progressive-image.tsx": {"path":"/home/user/webapp/src/components/ui/progressive-image.tsx","statementMap":{"0":{"start":{"line":30,"column":30},"end":{"line":30,"column":null}},"1":{"start":{"line":31,"column":30},"end":{"line":31,"column":null}},"2":{"start":{"line":33,"column":2},"end":{"line":56,"column":null}},"3":{"start":{"line":35,"column":4},"end":{"line":38,"column":null}},"4":{"start":{"line":36,"column":6},"end":{"line":36,"column":null}},"5":{"start":{"line":37,"column":6},"end":{"line":37,"column":null}},"6":{"start":{"line":41,"column":16},"end":{"line":41,"column":null}},"7":{"start":{"line":43,"column":4},"end":{"line":47,"column":null}},"8":{"start":{"line":44,"column":6},"end":{"line":44,"column":null}},"9":{"start":{"line":45,"column":6},"end":{"line":45,"column":null}},"10":{"start":{"line":46,"column":6},"end":{"line":46,"column":null}},"11":{"start":{"line":49,"column":4},"end":{"line":52,"column":null}},"12":{"start":{"line":50,"column":6},"end":{"line":50,"column":null}},"13":{"start":{"line":51,"column":6},"end":{"line":51,"column":null}},"14":{"start":{"line":55,"column":4},"end":{"line":55,"column":null}},"15":{"start":{"line":58,"column":8},"end":{"line":58,"column":null}},"16":{"start":{"line":60,"column":2},"end":{"line":96,"column":null}},"17":{"start":{"line":110,"column":8},"end":{"line":110,"column":null}},"18":{"start":{"line":112,"column":2},"end":{"line":119,"column":null}}},"fnMap":{"0":{"name":"ProgressiveImage","decl":{"start":{"line":21,"column":16},"end":{"line":21,"column":33}},"loc":{"start":{"line":29,"column":26},"end":{"line":98,"column":null}},"line":29},"1":{"name":"(anonymous_1)","decl":{"start":{"line":33,"column":12},"end":{"line":33,"column":18}},"loc":{"start":{"line":33,"column":18},"end":{"line":56,"column":5}},"line":33},"2":{"name":"(anonymous_2)","decl":{"start":{"line":43,"column":17},"end":{"line":43,"column":23}},"loc":{"start":{"line":43,"column":23},"end":{"line":47,"column":null}},"line":43},"3":{"name":"(anonymous_3)","decl":{"start":{"line":49,"column":18},"end":{"line":49,"column":24}},"loc":{"start":{"line":49,"column":24},"end":{"line":52,"column":null}},"line":49},"4":{"name":"OptimizedImage","decl":{"start":{"line":103,"column":16},"end":{"line":103,"column":31}},"loc":{"start":{"line":109,"column":53},"end":{"line":121,"column":null}},"line":109}},"branchMap":{"0":{"loc":{"start":{"line":24,"column":2},"end":{"line":24,"column":null}},"type":"default-arg","locations":[{"start":{"line":24,"column":14},"end":{"line":24,"column":null}}],"line":24},"1":{"loc":{"start":{"line":27,"column":2},"end":{"line":27,"column":null}},"type":"default-arg","locations":[{"start":{"line":27,"column":13},"end":{"line":27,"column":null}}],"line":27},"2":{"loc":{"start":{"line":35,"column":4},"end":{"line":38,"column":null}},"type":"if","locations":[{"start":{"line":35,"column":4},"end":{"line":38,"column":null}},{"start":{},"end":{}}],"line":35},"3":{"loc":{"start":{"line":63,"column":7},"end":{"line":72,"column":null}},"type":"binary-expr","locations":[{"start":{"line":63,"column":7},"end":{"line":63,"column":null}},{"start":{"line":64,"column":8},"end":{"line":72,"column":null}}],"line":63},"4":{"loc":{"start":{"line":70,"column":21},"end":{"line":70,"column":null}},"type":"cond-expr","locations":[{"start":{"line":70,"column":32},"end":{"line":70,"column":36}},{"start":{"line":70,"column":36},"end":{"line":70,"column":null}}],"line":70},"5":{"loc":{"start":{"line":76,"column":7},"end":{"line":87,"column":null}},"type":"binary-expr","locations":[{"start":{"line":76,"column":7},"end":{"line":76,"column":null}},{"start":{"line":77,"column":8},"end":{"line":87,"column":null}}],"line":76},"6":{"loc":{"start":{"line":83,"column":12},"end":{"line":83,"column":null}},"type":"cond-expr","locations":[{"start":{"line":83,"column":23},"end":{"line":83,"column":39}},{"start":{"line":83,"column":39},"end":{"line":83,"column":null}}],"line":83},"7":{"loc":{"start":{"line":85,"column":19},"end":{"line":85,"column":null}},"type":"cond-expr","locations":[{"start":{"line":85,"column":30},"end":{"line":85,"column":40}},{"start":{"line":85,"column":40},"end":{"line":85,"column":null}}],"line":85},"8":{"loc":{"start":{"line":91,"column":7},"end":{"line":94,"column":null}},"type":"binary-expr","locations":[{"start":{"line":91,"column":7},"end":{"line":91,"column":20}},{"start":{"line":91,"column":20},"end":{"line":91,"column":null}},{"start":{"line":92,"column":8},"end":{"line":94,"column":null}}],"line":91},"9":{"loc":{"start":{"line":106,"column":2},"end":{"line":106,"column":null}},"type":"default-arg","locations":[{"start":{"line":106,"column":14},"end":{"line":106,"column":null}}],"line":106},"10":{"loc":{"start":{"line":108,"column":2},"end":{"line":108,"column":null}},"type":"default-arg","locations":[{"start":{"line":108,"column":13},"end":{"line":108,"column":null}}],"line":108},"11":{"loc":{"start":{"line":117,"column":15},"end":{"line":117,"column":null}},"type":"cond-expr","locations":[{"start":{"line":117,"column":26},"end":{"line":117,"column":36}},{"start":{"line":117,"column":36},"end":{"line":117,"column":null}}],"line":117}},"s":{"0":0,"1":0,"2":0,"3":0,"4":0,"5":0,"6":0,"7":0,"8":0,"9":0,"10":0,"11":0,"12":0,"13":0,"14":0,"15":0,"16":0,"17":0,"18":0},"f":{"0":0,"1":0,"2":0,"3":0,"4":0},"b":{"0":[0],"1":[0],"2":[0,0],"3":[0,0],"4":[0,0],"5":[0,0],"6":[0,0],"7":[0,0],"8":[0,0,0],"9":[0],"10":[0],"11":[0,0]},"meta":{"lastBranch":12,"lastFunction":5,"lastStatement":19,"seen":{"f:21:16:21:33":0,"b:24:14:24:Infinity":0,"b:27:13:27:Infinity":1,"s:30:30:30:Infinity":0,"s:31:30:31:Infinity":1,"s:33:2:56:Infinity":2,"f:33:12:33:18":1,"b:35:4:38:Infinity:undefined:undefined:undefined:undefined":2,"s:35:4:38:Infinity":3,"s:36:6:36:Infinity":4,"s:37:6:37:Infinity":5,"s:41:16:41:Infinity":6,"s:43:4:47:Infinity":7,"f:43:17:43:23":2,"s:44:6:44:Infinity":8,"s:45:6:45:Infinity":9,"s:46:6:46:Infinity":10,"s:49:4:52:Infinity":11,"f:49:18:49:24":3,"s:50:6:50:Infinity":12,"s:51:6:51:Infinity":13,"s:55:4:55:Infinity":14,"s:58:8:58:Infinity":15,"s:60:2:96:Infinity":16,"b:63:7:63:Infinity:64:8:72:Infinity":3,"b:70:32:70:36:70:36:70:Infinity":4,"b:76:7:76:Infinity:77:8:87:Infinity":5,"b:83:23:83:39:83:39:83:Infinity":6,"b:85:30:85:40:85:40:85:Infinity":7,"b:91:7:91:20:91:20:91:Infinity:92:8:94:Infinity":8,"f:103:16:103:31":4,"b:106:14:106:Infinity":9,"b:108:13:108:Infinity":10,"s:110:8:110:Infinity":17,"s:112:2:119:Infinity":18,"b:117:26:117:36:117:36:117:Infinity":11}}}
,"/home/user/webapp/src/components/ui/separator.tsx": {"path":"/home/user/webapp/src/components/ui/separator.tsx","statementMap":{"0":{"start":{"line":6,"column":0},"end":{"line":6,"column":null}},"1":{"start":{"line":8,"column":18},"end":{"line":28,"column":null}},"2":{"start":{"line":16,"column":4},"end":{"line":26,"column":null}},"3":{"start":{"line":29,"column":0},"end":{"line":29,"column":null}}},"fnMap":{"0":{"name":"(anonymous_0)","decl":{"start":{"line":12,"column":2},"end":{"line":12,"column":null}},"loc":{"start":{"line":16,"column":4},"end":{"line":26,"column":null}},"line":16}},"branchMap":{"0":{"loc":{"start":{"line":13,"column":17},"end":{"line":13,"column":45}},"type":"default-arg","locations":[{"start":{"line":13,"column":31},"end":{"line":13,"column":45}}],"line":13},"1":{"loc":{"start":{"line":13,"column":45},"end":{"line":13,"column":64}},"type":"default-arg","locations":[{"start":{"line":13,"column":58},"end":{"line":13,"column":64}}],"line":13},"2":{"loc":{"start":{"line":22,"column":8},"end":{"line":22,"column":null}},"type":"cond-expr","locations":[{"start":{"line":22,"column":39},"end":{"line":22,"column":58}},{"start":{"line":22,"column":58},"end":{"line":22,"column":null}}],"line":22}},"s":{"0":0,"1":0,"2":0,"3":0},"f":{"0":0},"b":{"0":[0],"1":[0],"2":[0,0]},"meta":{"lastBranch":3,"lastFunction":1,"lastStatement":4,"seen":{"s:6:0:6:Infinity":0,"s:8:18:28:Infinity":1,"f:12:2:12:Infinity":0,"s:16:4:26:Infinity":2,"b:13:31:13:45":0,"b:13:58:13:64":1,"b:22:39:22:58:22:58:22:Infinity":2,"s:29:0:29:Infinity":3}}}
,"/home/user/webapp/src/components/ui/skeleton.tsx": {"path":"/home/user/webapp/src/components/ui/skeleton.tsx","statementMap":{"0":{"start":{"line":23,"column":20},"end":{"line":23,"column":null}},"1":{"start":{"line":25,"column":23},"end":{"line":30,"column":null}},"2":{"start":{"line":32,"column":25},"end":{"line":36,"column":null}},"3":{"start":{"line":38,"column":37},"end":{"line":38,"column":null}},"4":{"start":{"line":39,"column":2},"end":{"line":39,"column":null}},"5":{"start":{"line":39,"column":13},"end":{"line":39,"column":null}},"6":{"start":{"line":40,"column":2},"end":{"line":40,"column":null}},"7":{"start":{"line":40,"column":14},"end":{"line":40,"column":null}},"8":{"start":{"line":42,"column":2},"end":{"line":46,"column":null}},"9":{"start":{"line":54,"column":2},"end":{"line":120,"column":null}},"10":{"start":{"line":71,"column":12},"end":{"line":71,"column":null}},"11":{"start":{"line":105,"column":12},"end":{"line":108,"column":null}},"12":{"start":{"line":128,"column":2},"end":{"line":139,"column":null}},"13":{"start":{"line":147,"column":2},"end":{"line":159,"column":null}},"14":{"start":{"line":150,"column":8},"end":{"line":157,"column":null}}},"fnMap":{"0":{"name":"Skeleton","decl":{"start":{"line":16,"column":16},"end":{"line":16,"column":25}},"loc":{"start":{"line":22,"column":18},"end":{"line":48,"column":null}},"line":22},"1":{"name":"ProductDetailSkeleton","decl":{"start":{"line":53,"column":16},"end":{"line":53,"column":40}},"loc":{"start":{"line":53,"column":40},"end":{"line":122,"column":null}},"line":53},"2":{"name":"(anonymous_2)","decl":{"start":{"line":70,"column":29},"end":{"line":70,"column":30}},"loc":{"start":{"line":71,"column":12},"end":{"line":71,"column":null}},"line":71},"3":{"name":"(anonymous_3)","decl":{"start":{"line":104,"column":29},"end":{"line":104,"column":30}},"loc":{"start":{"line":105,"column":12},"end":{"line":108,"column":null}},"line":105},"4":{"name":"CardSkeleton","decl":{"start":{"line":127,"column":16},"end":{"line":127,"column":31}},"loc":{"start":{"line":127,"column":31},"end":{"line":141,"column":null}},"line":127},"5":{"name":"ListSkeleton","decl":{"start":{"line":146,"column":16},"end":{"line":146,"column":29}},"loc":{"start":{"line":146,"column":64},"end":{"line":161,"column":null}},"line":146},"6":{"name":"(anonymous_6)","decl":{"start":{"line":149,"column":29},"end":{"line":149,"column":30}},"loc":{"start":{"line":150,"column":8},"end":{"line":157,"column":null}},"line":150}},"branchMap":{"0":{"loc":{"start":{"line":18,"column":2},"end":{"line":18,"column":null}},"type":"default-arg","locations":[{"start":{"line":18,"column":12},"end":{"line":18,"column":null}}],"line":18},"1":{"loc":{"start":{"line":21,"column":2},"end":{"line":21,"column":null}},"type":"default-arg","locations":[{"start":{"line":21,"column":14},"end":{"line":21,"column":null}}],"line":21},"2":{"loc":{"start":{"line":39,"column":2},"end":{"line":39,"column":null}},"type":"if","locations":[{"start":{"line":39,"column":2},"end":{"line":39,"column":null}},{"start":{},"end":{}}],"line":39},"3":{"loc":{"start":{"line":39,"column":27},"end":{"line":39,"column":null}},"type":"cond-expr","locations":[{"start":{"line":39,"column":55},"end":{"line":39,"column":70}},{"start":{"line":39,"column":70},"end":{"line":39,"column":null}}],"line":39},"4":{"loc":{"start":{"line":40,"column":2},"end":{"line":40,"column":null}},"type":"if","locations":[{"start":{"line":40,"column":2},"end":{"line":40,"column":null}},{"start":{},"end":{}}],"line":40},"5":{"loc":{"start":{"line":40,"column":29},"end":{"line":40,"column":null}},"type":"cond-expr","locations":[{"start":{"line":40,"column":58},"end":{"line":40,"column":74}},{"start":{"line":40,"column":74},"end":{"line":40,"column":null}}],"line":40},"6":{"loc":{"start":{"line":146,"column":31},"end":{"line":146,"column":41}},"type":"default-arg","locations":[{"start":{"line":146,"column":39},"end":{"line":146,"column":41}}],"line":146}},"s":{"0":0,"1":0,"2":0,"3":0,"4":0,"5":0,"6":0,"7":0,"8":0,"9":0,"10":0,"11":0,"12":0,"13":0,"14":0},"f":{"0":0,"1":0,"2":0,"3":0,"4":0,"5":0,"6":0},"b":{"0":[0],"1":[0],"2":[0,0],"3":[0,0],"4":[0,0],"5":[0,0],"6":[0]},"meta":{"lastBranch":7,"lastFunction":7,"lastStatement":15,"seen":{"f:16:16:16:25":0,"b:18:12:18:Infinity":0,"b:21:14:21:Infinity":1,"s:23:20:23:Infinity":0,"s:25:23:30:Infinity":1,"s:32:25:36:Infinity":2,"s:38:37:38:Infinity":3,"b:39:2:39:Infinity:undefined:undefined:undefined:undefined":2,"s:39:2:39:Infinity":4,"s:39:13:39:Infinity":5,"b:39:55:39:70:39:70:39:Infinity":3,"b:40:2:40:Infinity:undefined:undefined:undefined:undefined":4,"s:40:2:40:Infinity":6,"s:40:14:40:Infinity":7,"b:40:58:40:74:40:74:40:Infinity":5,"s:42:2:46:Infinity":8,"f:53:16:53:40":1,"s:54:2:120:Infinity":9,"f:70:29:70:30":2,"s:71:12:71:Infinity":10,"f:104:29:104:30":3,"s:105:12:108:Infinity":11,"f:127:16:127:31":4,"s:128:2:139:Infinity":12,"f:146:16:146:29":5,"b:146:39:146:41":6,"s:147:2:159:Infinity":13,"f:149:29:149:30":6,"s:150:8:157:Infinity":14}}}
}
