{"/home/user/webapp/src/features/auth/login-flow.service.ts": {"path":"/home/user/webapp/src/features/auth/login-flow.service.ts","statementMap":{"0":{"start":{"line":23,"column":2},"end":{"line":23,"column":null}},"1":{"start":{"line":25,"column":2},"end":{"line":59,"column":null}},"2":{"start":{"line":27,"column":21},"end":{"line":31,"column":null}},"3":{"start":{"line":33,"column":4},"end":{"line":35,"column":null}},"4":{"start":{"line":34,"column":6},"end":{"line":34,"column":null}},"5":{"start":{"line":37,"column":17},"end":{"line":37,"column":null}},"6":{"start":{"line":39,"column":4},"end":{"line":41,"column":null}},"7":{"start":{"line":40,"column":6},"end":{"line":40,"column":null}},"8":{"start":{"line":43,"column":24},"end":{"line":43,"column":null}},"9":{"start":{"line":46,"column":4},"end":{"line":46,"column":null}},"10":{"start":{"line":47,"column":23},"end":{"line":47,"column":null}},"11":{"start":{"line":49,"column":4},"end":{"line":49,"column":null}},"12":{"start":{"line":52,"column":4},"end":{"line":54,"column":null}},"13":{"start":{"line":53,"column":18},"end":{"line":53,"column":65}},"14":{"start":{"line":54,"column":22},"end":{"line":54,"column":75}},"15":{"start":{"line":57,"column":4},"end":{"line":57,"column":null}},"16":{"start":{"line":58,"column":4},"end":{"line":58,"column":null}},"17":{"start":{"line":66,"column":2},"end":{"line":66,"column":null}},"18":{"start":{"line":68,"column":2},"end":{"line":80,"column":null}},"19":{"start":{"line":69,"column":23},"end":{"line":69,"column":null}},"20":{"start":{"line":70,"column":4},"end":{"line":70,"column":null}},"21":{"start":{"line":73,"column":4},"end":{"line":75,"column":null}},"22":{"start":{"line":74,"column":18},"end":{"line":74,"column":65}},"23":{"start":{"line":75,"column":22},"end":{"line":75,"column":75}},"24":{"start":{"line":78,"column":4},"end":{"line":78,"column":null}},"25":{"start":{"line":79,"column":4},"end":{"line":79,"column":null}},"26":{"start":{"line":101,"column":2},"end":{"line":101,"column":null}},"27":{"start":{"line":103,"column":2},"end":{"line":127,"column":null}},"28":{"start":{"line":104,"column":21},"end":{"line":107,"column":null}},"29":{"start":{"line":109,"column":17},"end":{"line":109,"column":null}},"30":{"start":{"line":112,"column":4},"end":{"line":118,"column":null}},"31":{"start":{"line":113,"column":6},"end":{"line":113,"column":null}},"32":{"start":{"line":114,"column":6},"end":{"line":114,"column":null}},"33":{"start":{"line":115,"column":6},"end":{"line":115,"column":null}},"34":{"start":{"line":117,"column":6},"end":{"line":117,"column":null}},"35":{"start":{"line":120,"column":4},"end":{"line":120,"column":null}},"36":{"start":{"line":122,"column":4},"end":{"line":122,"column":null}},"37":{"start":{"line":125,"column":20},"end":{"line":125,"column":null}},"38":{"start":{"line":126,"column":4},"end":{"line":126,"column":null}},"39":{"start":{"line":148,"column":2},"end":{"line":148,"column":null}},"40":{"start":{"line":150,"column":2},"end":{"line":174,"column":null}},"41":{"start":{"line":151,"column":21},"end":{"line":154,"column":null}},"42":{"start":{"line":156,"column":17},"end":{"line":156,"column":null}},"43":{"start":{"line":159,"column":4},"end":{"line":165,"column":null}},"44":{"start":{"line":160,"column":6},"end":{"line":160,"column":null}},"45":{"start":{"line":161,"column":6},"end":{"line":161,"column":null}},"46":{"start":{"line":162,"column":6},"end":{"line":162,"column":null}},"47":{"start":{"line":164,"column":6},"end":{"line":164,"column":null}},"48":{"start":{"line":167,"column":4},"end":{"line":167,"column":null}},"49":{"start":{"line":169,"column":4},"end":{"line":169,"column":null}},"50":{"start":{"line":172,"column":20},"end":{"line":172,"column":null}},"51":{"start":{"line":173,"column":4},"end":{"line":173,"column":null}},"52":{"start":{"line":185,"column":2},"end":{"line":185,"column":null}},"53":{"start":{"line":187,"column":2},"end":{"line":211,"column":null}},"54":{"start":{"line":189,"column":4},"end":{"line":194,"column":null}},"55":{"start":{"line":190,"column":6},"end":{"line":190,"column":null}},"56":{"start":{"line":191,"column":6},"end":{"line":191,"column":null}},"57":{"start":{"line":193,"column":6},"end":{"line":193,"column":null}},"58":{"start":{"line":197,"column":25},"end":{"line":203,"column":null}},"59":{"start":{"line":205,"column":4},"end":{"line":205,"column":null}},"60":{"start":{"line":205,"column":32},"end":{"line":205,"column":60}},"61":{"start":{"line":207,"column":4},"end":{"line":207,"column":null}},"62":{"start":{"line":209,"column":4},"end":{"line":209,"column":null}},"63":{"start":{"line":210,"column":4},"end":{"line":210,"column":null}},"64":{"start":{"line":222,"column":19},"end":{"line":222,"column":null}},"65":{"start":{"line":224,"column":2},"end":{"line":226,"column":null}},"66":{"start":{"line":225,"column":4},"end":{"line":225,"column":null}},"67":{"start":{"line":228,"column":2},"end":{"line":230,"column":null}},"68":{"start":{"line":229,"column":4},"end":{"line":229,"column":null}},"69":{"start":{"line":232,"column":2},"end":{"line":234,"column":null}},"70":{"start":{"line":233,"column":4},"end":{"line":233,"column":null}},"71":{"start":{"line":236,"column":2},"end":{"line":236,"column":null}},"72":{"start":{"line":243,"column":14},"end":{"line":243,"column":null}},"73":{"start":{"line":244,"column":2},"end":{"line":244,"column":null}}},"fnMap":{"0":{"name":"loginWithKakaoToken","decl":{"start":{"line":22,"column":22},"end":{"line":22,"column":42}},"loc":{"start":{"line":22,"column":78},"end":{"line":60,"column":null}},"line":22},"1":{"name":"(anonymous_1)","decl":{"start":{"line":53,"column":12},"end":{"line":53,"column":18}},"loc":{"start":{"line":53,"column":18},"end":{"line":53,"column":65}},"line":53},"2":{"name":"(anonymous_2)","decl":{"start":{"line":54,"column":13},"end":{"line":54,"column":14}},"loc":{"start":{"line":54,"column":22},"end":{"line":54,"column":75}},"line":54},"3":{"name":"loginWithFirebaseToken","decl":{"start":{"line":65,"column":22},"end":{"line":65,"column":45}},"loc":{"start":{"line":65,"column":83},"end":{"line":81,"column":null}},"line":65},"4":{"name":"(anonymous_4)","decl":{"start":{"line":74,"column":12},"end":{"line":74,"column":18}},"loc":{"start":{"line":74,"column":18},"end":{"line":74,"column":65}},"line":74},"5":{"name":"(anonymous_5)","decl":{"start":{"line":75,"column":13},"end":{"line":75,"column":14}},"loc":{"start":{"line":75,"column":22},"end":{"line":75,"column":75}},"line":75},"6":{"name":"loginSeller","decl":{"start":{"line":100,"column":22},"end":{"line":100,"column":34}},"loc":{"start":{"line":100,"column":97},"end":{"line":128,"column":null}},"line":100},"7":{"name":"loginAdmin","decl":{"start":{"line":147,"column":22},"end":{"line":147,"column":33}},"loc":{"start":{"line":147,"column":95},"end":{"line":175,"column":null}},"line":147},"8":{"name":"logout","decl":{"start":{"line":184,"column":22},"end":{"line":184,"column":46}},"loc":{"start":{"line":184,"column":46},"end":{"line":212,"column":null}},"line":184},"9":{"name":"(anonymous_9)","decl":{"start":{"line":205,"column":25},"end":{"line":205,"column":32}},"loc":{"start":{"line":205,"column":32},"end":{"line":205,"column":60}},"line":205},"10":{"name":"getLoginType","decl":{"start":{"line":221,"column":16},"end":{"line":221,"column":67}},"loc":{"start":{"line":221,"column":67},"end":{"line":237,"column":null}},"line":221},"11":{"name":"getJWTToken","decl":{"start":{"line":242,"column":16},"end":{"line":242,"column":28}},"loc":{"start":{"line":242,"column":69},"end":{"line":245,"column":null}},"line":242}},"branchMap":{"0":{"loc":{"start":{"line":33,"column":4},"end":{"line":35,"column":null}},"type":"if","locations":[{"start":{"line":33,"column":4},"end":{"line":35,"column":null}},{"start":{},"end":{}}],"line":33},"1":{"loc":{"start":{"line":39,"column":4},"end":{"line":41,"column":null}},"type":"if","locations":[{"start":{"line":39,"column":4},"end":{"line":41,"column":null}},{"start":{},"end":{}}],"line":39},"2":{"loc":{"start":{"line":39,"column":8},"end":{"line":39,"column":50}},"type":"binary-expr","locations":[{"start":{"line":39,"column":8},"end":{"line":39,"column":31}},{"start":{"line":39,"column":31},"end":{"line":39,"column":50}}],"line":39},"3":{"loc":{"start":{"line":43,"column":24},"end":{"line":43,"column":null}},"type":"binary-expr","locations":[{"start":{"line":43,"column":24},"end":{"line":43,"column":46}},{"start":{"line":43,"column":46},"end":{"line":43,"column":null}}],"line":43},"4":{"loc":{"start":{"line":112,"column":4},"end":{"line":118,"column":null}},"type":"if","locations":[{"start":{"line":112,"column":4},"end":{"line":118,"column":null}},{"start":{"line":116,"column":11},"end":{"line":118,"column":null}}],"line":112},"5":{"loc":{"start":{"line":125,"column":20},"end":{"line":125,"column":null}},"type":"binary-expr","locations":[{"start":{"line":125,"column":20},"end":{"line":125,"column":53}},{"start":{"line":125,"column":53},"end":{"line":125,"column":70}},{"start":{"line":125,"column":70},"end":{"line":125,"column":null}}],"line":125},"6":{"loc":{"start":{"line":159,"column":4},"end":{"line":165,"column":null}},"type":"if","locations":[{"start":{"line":159,"column":4},"end":{"line":165,"column":null}},{"start":{"line":163,"column":11},"end":{"line":165,"column":null}}],"line":159},"7":{"loc":{"start":{"line":172,"column":20},"end":{"line":172,"column":null}},"type":"binary-expr","locations":[{"start":{"line":172,"column":20},"end":{"line":172,"column":53}},{"start":{"line":172,"column":53},"end":{"line":172,"column":70}},{"start":{"line":172,"column":70},"end":{"line":172,"column":null}}],"line":172},"8":{"loc":{"start":{"line":224,"column":2},"end":{"line":226,"column":null}},"type":"if","locations":[{"start":{"line":224,"column":2},"end":{"line":226,"column":null}},{"start":{},"end":{}}],"line":224},"9":{"loc":{"start":{"line":224,"column":6},"end":{"line":224,"column":69}},"type":"binary-expr","locations":[{"start":{"line":224,"column":6},"end":{"line":224,"column":31}},{"start":{"line":224,"column":31},"end":{"line":224,"column":69}}],"line":224},"10":{"loc":{"start":{"line":228,"column":2},"end":{"line":230,"column":null}},"type":"if","locations":[{"start":{"line":228,"column":2},"end":{"line":230,"column":null}},{"start":{},"end":{}}],"line":228},"11":{"loc":{"start":{"line":228,"column":6},"end":{"line":228,"column":67}},"type":"binary-expr","locations":[{"start":{"line":228,"column":6},"end":{"line":228,"column":30}},{"start":{"line":228,"column":30},"end":{"line":228,"column":67}}],"line":228},"12":{"loc":{"start":{"line":232,"column":2},"end":{"line":234,"column":null}},"type":"if","locations":[{"start":{"line":232,"column":2},"end":{"line":234,"column":null}},{"start":{},"end":{}}],"line":232},"13":{"loc":{"start":{"line":243,"column":14},"end":{"line":243,"column":null}},"type":"cond-expr","locations":[{"start":{"line":243,"column":34},"end":{"line":243,"column":51}},{"start":{"line":243,"column":51},"end":{"line":243,"column":null}}],"line":243}},"s":{"0":6,"1":6,"2":6,"3":6,"4":1,"5":5,"6":5,"7":1,"8":4,"9":6,"10":6,"11":3,"12":3,"13":3,"14":0,"15":3,"16":3,"17":2,"18":2,"19":2,"20":1,"21":1,"22":1,"23":0,"24":1,"25":1,"26":5,"27":5,"28":5,"29":3,"30":3,"31":2,"32":2,"33":2,"34":1,"35":2,"36":3,"37":3,"38":3,"39":3,"40":3,"41":3,"42":2,"43":2,"44":1,"45":1,"46":1,"47":1,"48":1,"49":2,"50":2,"51":2,"52":3,"53":3,"54":3,"55":3,"56":2,"57":1,"58":3,"59":3,"60":15,"61":3,"62":0,"63":0,"64":8,"65":8,"66":2,"67":6,"68":1,"69":5,"70":2,"71":3,"72":4,"73":4},"f":{"0":6,"1":3,"2":0,"3":2,"4":1,"5":0,"6":5,"7":3,"8":3,"9":15,"10":8,"11":4},"b":{"0":[1,5],"1":[1,4],"2":[5,2],"3":[4,1],"4":[2,1],"5":[3,2,0],"6":[1,1],"7":[2,1,0],"8":[2,6],"9":[8,3],"10":[1,5],"11":[6,1],"12":[2,3],"13":[2,2]},"meta":{"lastBranch":14,"lastFunction":12,"lastStatement":74,"seen":{"f:22:22:22:42":0,"s:23:2:23:Infinity":0,"s:25:2:59:Infinity":1,"s:27:21:31:Infinity":2,"b:33:4:35:Infinity:undefined:undefined:undefined:undefined":0,"s:33:4:35:Infinity":3,"s:34:6:34:Infinity":4,"s:37:17:37:Infinity":5,"b:39:4:41:Infinity:undefined:undefined:undefined:undefined":1,"s:39:4:41:Infinity":6,"b:39:8:39:31:39:31:39:50":2,"s:40:6:40:Infinity":7,"s:43:24:43:Infinity":8,"b:43:24:43:46:43:46:43:Infinity":3,"s:46:4:46:Infinity":9,"s:47:23:47:Infinity":10,"s:49:4:49:Infinity":11,"s:52:4:54:Infinity":12,"f:53:12:53:18":1,"s:53:18:53:65":13,"f:54:13:54:14":2,"s:54:22:54:75":14,"s:57:4:57:Infinity":15,"s:58:4:58:Infinity":16,"f:65:22:65:45":3,"s:66:2:66:Infinity":17,"s:68:2:80:Infinity":18,"s:69:23:69:Infinity":19,"s:70:4:70:Infinity":20,"s:73:4:75:Infinity":21,"f:74:12:74:18":4,"s:74:18:74:65":22,"f:75:13:75:14":5,"s:75:22:75:75":23,"s:78:4:78:Infinity":24,"s:79:4:79:Infinity":25,"f:100:22:100:34":6,"s:101:2:101:Infinity":26,"s:103:2:127:Infinity":27,"s:104:21:107:Infinity":28,"s:109:17:109:Infinity":29,"b:112:4:118:Infinity:116:11:118:Infinity":4,"s:112:4:118:Infinity":30,"s:113:6:113:Infinity":31,"s:114:6:114:Infinity":32,"s:115:6:115:Infinity":33,"s:117:6:117:Infinity":34,"s:120:4:120:Infinity":35,"s:122:4:122:Infinity":36,"s:125:20:125:Infinity":37,"b:125:20:125:53:125:53:125:70:125:70:125:Infinity":5,"s:126:4:126:Infinity":38,"f:147:22:147:33":7,"s:148:2:148:Infinity":39,"s:150:2:174:Infinity":40,"s:151:21:154:Infinity":41,"s:156:17:156:Infinity":42,"b:159:4:165:Infinity:163:11:165:Infinity":6,"s:159:4:165:Infinity":43,"s:160:6:160:Infinity":44,"s:161:6:161:Infinity":45,"s:162:6:162:Infinity":46,"s:164:6:164:Infinity":47,"s:167:4:167:Infinity":48,"s:169:4:169:Infinity":49,"s:172:20:172:Infinity":50,"b:172:20:172:53:172:53:172:70:172:70:172:Infinity":7,"s:173:4:173:Infinity":51,"f:184:22:184:46":8,"s:185:2:185:Infinity":52,"s:187:2:211:Infinity":53,"s:189:4:194:Infinity":54,"s:190:6:190:Infinity":55,"s:191:6:191:Infinity":56,"s:193:6:193:Infinity":57,"s:197:25:203:Infinity":58,"s:205:4:205:Infinity":59,"f:205:25:205:32":9,"s:205:32:205:60":60,"s:207:4:207:Infinity":61,"s:209:4:209:Infinity":62,"s:210:4:210:Infinity":63,"f:221:16:221:67":10,"s:222:19:222:Infinity":64,"b:224:2:226:Infinity:undefined:undefined:undefined:undefined":8,"s:224:2:226:Infinity":65,"b:224:6:224:31:224:31:224:69":9,"s:225:4:225:Infinity":66,"b:228:2:230:Infinity:undefined:undefined:undefined:undefined":10,"s:228:2:230:Infinity":67,"b:228:6:228:30:228:30:228:67":11,"s:229:4:229:Infinity":68,"b:232:2:234:Infinity:undefined:undefined:undefined:undefined":12,"s:232:2:234:Infinity":69,"s:233:4:233:Infinity":70,"s:236:2:236:Infinity":71,"f:242:16:242:28":11,"s:243:14:243:Infinity":72,"b:243:34:243:51:243:51:243:Infinity":13,"s:244:2:244:Infinity":73}}}
,"/home/user/webapp/src/lib/sentry-events.ts": {"path":"/home/user/webapp/src/lib/sentry-events.ts","statementMap":{"0":{"start":{"line":19,"column":28},"end":{"line":339,"column":null}},"1":{"start":{"line":28,"column":4},"end":{"line":33,"column":null}},"2":{"start":{"line":40,"column":4},"end":{"line":54,"column":null}},"3":{"start":{"line":57,"column":4},"end":{"line":57,"column":null}},"4":{"start":{"line":58,"column":4},"end":{"line":58,"column":null}},"5":{"start":{"line":65,"column":4},"end":{"line":78,"column":null}},"6":{"start":{"line":85,"column":4},"end":{"line":90,"column":null}},"7":{"start":{"line":93,"column":4},"end":{"line":93,"column":null}},"8":{"start":{"line":104,"column":4},"end":{"line":109,"column":null}},"9":{"start":{"line":116,"column":4},"end":{"line":132,"column":null}},"10":{"start":{"line":139,"column":4},"end":{"line":154,"column":null}},"11":{"start":{"line":165,"column":4},"end":{"line":180,"column":null}},"12":{"start":{"line":187,"column":4},"end":{"line":192,"column":null}},"13":{"start":{"line":199,"column":4},"end":{"line":212,"column":null}},"14":{"start":{"line":223,"column":4},"end":{"line":232,"column":null}},"15":{"start":{"line":235,"column":4},"end":{"line":249,"column":null}},"16":{"start":{"line":236,"column":6},"end":{"line":248,"column":null}},"17":{"start":{"line":256,"column":4},"end":{"line":261,"column":null}},"18":{"start":{"line":264,"column":4},"end":{"line":276,"column":null}},"19":{"start":{"line":265,"column":6},"end":{"line":275,"column":null}},"20":{"start":{"line":287,"column":4},"end":{"line":292,"column":null}},"21":{"start":{"line":299,"column":4},"end":{"line":304,"column":null}},"22":{"start":{"line":311,"column":4},"end":{"line":320,"column":null}},"23":{"start":{"line":331,"column":4},"end":{"line":337,"column":null}}},"fnMap":{"0":{"name":"(anonymous_0)","decl":{"start":{"line":27,"column":2},"end":{"line":27,"column":15}},"loc":{"start":{"line":27,"column":72},"end":{"line":34,"column":null}},"line":27},"1":{"name":"(anonymous_1)","decl":{"start":{"line":39,"column":2},"end":{"line":39,"column":15}},"loc":{"start":{"line":39,"column":45},"end":{"line":59,"column":null}},"line":39},"2":{"name":"(anonymous_2)","decl":{"start":{"line":64,"column":2},"end":{"line":64,"column":15}},"loc":{"start":{"line":64,"column":43},"end":{"line":79,"column":null}},"line":64},"3":{"name":"(anonymous_3)","decl":{"start":{"line":84,"column":2},"end":{"line":84,"column":9}},"loc":{"start":{"line":84,"column":39},"end":{"line":94,"column":null}},"line":84},"4":{"name":"(anonymous_4)","decl":{"start":{"line":103,"column":2},"end":{"line":103,"column":17}},"loc":{"start":{"line":103,"column":78},"end":{"line":110,"column":null}},"line":103},"5":{"name":"(anonymous_5)","decl":{"start":{"line":115,"column":2},"end":{"line":115,"column":17}},"loc":{"start":{"line":115,"column":66},"end":{"line":133,"column":null}},"line":115},"6":{"name":"(anonymous_6)","decl":{"start":{"line":138,"column":2},"end":{"line":138,"column":17}},"loc":{"start":{"line":138,"column":81},"end":{"line":155,"column":null}},"line":138},"7":{"name":"(anonymous_7)","decl":{"start":{"line":164,"column":2},"end":{"line":164,"column":18}},"loc":{"start":{"line":164,"column":69},"end":{"line":181,"column":null}},"line":164},"8":{"name":"(anonymous_8)","decl":{"start":{"line":186,"column":2},"end":{"line":186,"column":16}},"loc":{"start":{"line":186,"column":73},"end":{"line":193,"column":null}},"line":186},"9":{"name":"(anonymous_9)","decl":{"start":{"line":198,"column":2},"end":{"line":198,"column":18}},"loc":{"start":{"line":198,"column":50},"end":{"line":213,"column":null}},"line":198},"10":{"name":"(anonymous_10)","decl":{"start":{"line":222,"column":2},"end":{"line":222,"column":11}},"loc":{"start":{"line":222,"column":47},"end":{"line":250,"column":null}},"line":222},"11":{"name":"(anonymous_11)","decl":{"start":{"line":255,"column":2},"end":{"line":255,"column":18}},"loc":{"start":{"line":255,"column":86},"end":{"line":277,"column":null}},"line":255},"12":{"name":"(anonymous_12)","decl":{"start":{"line":286,"column":2},"end":{"line":286,"column":12}},"loc":{"start":{"line":286,"column":64},"end":{"line":293,"column":null}},"line":286},"13":{"name":"(anonymous_13)","decl":{"start":{"line":298,"column":2},"end":{"line":298,"column":15}},"loc":{"start":{"line":298,"column":72},"end":{"line":305,"column":null}},"line":298},"14":{"name":"(anonymous_14)","decl":{"start":{"line":310,"column":2},"end":{"line":310,"column":17}},"loc":{"start":{"line":310,"column":50},"end":{"line":321,"column":null}},"line":310},"15":{"name":"(anonymous_15)","decl":{"start":{"line":330,"column":2},"end":{"line":330,"column":9}},"loc":{"start":{"line":330,"column":102},"end":{"line":338,"column":null}},"line":330}},"branchMap":{"0":{"loc":{"start":{"line":128,"column":20},"end":{"line":128,"column":null}},"type":"cond-expr","locations":[{"start":{"line":128,"column":40},"end":{"line":128,"column":48}},{"start":{"line":128,"column":48},"end":{"line":128,"column":null}}],"line":128},"1":{"loc":{"start":{"line":235,"column":4},"end":{"line":249,"column":null}},"type":"if","locations":[{"start":{"line":235,"column":4},"end":{"line":249,"column":null}},{"start":{},"end":{}}],"line":235},"2":{"loc":{"start":{"line":259,"column":13},"end":{"line":259,"column":null}},"type":"cond-expr","locations":[{"start":{"line":259,"column":29},"end":{"line":259,"column":39}},{"start":{"line":259,"column":39},"end":{"line":259,"column":null}}],"line":259},"3":{"loc":{"start":{"line":264,"column":4},"end":{"line":276,"column":null}},"type":"if","locations":[{"start":{"line":264,"column":4},"end":{"line":276,"column":null}},{"start":{},"end":{}}],"line":264},"4":{"loc":{"start":{"line":330,"column":56},"end":{"line":330,"column":102}},"type":"default-arg","locations":[{"start":{"line":330,"column":94},"end":{"line":330,"column":102}}],"line":330}},"s":{"0":1,"1":1,"2":1,"3":1,"4":1,"5":1,"6":1,"7":1,"8":1,"9":3,"10":1,"11":1,"12":1,"13":1,"14":3,"15":3,"16":1,"17":2,"18":2,"19":1,"20":1,"21":1,"22":1,"23":3},"f":{"0":1,"1":1,"2":1,"3":1,"4":1,"5":3,"6":1,"7":1,"8":1,"9":1,"10":3,"11":2,"12":1,"13":1,"14":1,"15":3},"b":{"0":[2,1],"1":[1,2],"2":[0,2],"3":[1,1],"4":[3]},"meta":{"lastBranch":5,"lastFunction":16,"lastStatement":24,"seen":{"s:19:28:339:Infinity":0,"f:27:2:27:15":0,"s:28:4:33:Infinity":1,"f:39:2:39:15":1,"s:40:4:54:Infinity":2,"s:57:4:57:Infinity":3,"s:58:4:58:Infinity":4,"f:64:2:64:15":2,"s:65:4:78:Infinity":5,"f:84:2:84:9":3,"s:85:4:90:Infinity":6,"s:93:4:93:Infinity":7,"f:103:2:103:17":4,"s:104:4:109:Infinity":8,"f:115:2:115:17":5,"s:116:4:132:Infinity":9,"b:128:40:128:48:128:48:128:Infinity":0,"f:138:2:138:17":6,"s:139:4:154:Infinity":10,"f:164:2:164:18":7,"s:165:4:180:Infinity":11,"f:186:2:186:16":8,"s:187:4:192:Infinity":12,"f:198:2:198:18":9,"s:199:4:212:Infinity":13,"f:222:2:222:11":10,"s:223:4:232:Infinity":14,"b:235:4:249:Infinity:undefined:undefined:undefined:undefined":1,"s:235:4:249:Infinity":15,"s:236:6:248:Infinity":16,"f:255:2:255:18":11,"s:256:4:261:Infinity":17,"b:259:29:259:39:259:39:259:Infinity":2,"b:264:4:276:Infinity:undefined:undefined:undefined:undefined":3,"s:264:4:276:Infinity":18,"s:265:6:275:Infinity":19,"f:286:2:286:12":12,"s:287:4:292:Infinity":20,"f:298:2:298:15":13,"s:299:4:304:Infinity":21,"f:310:2:310:17":14,"s:311:4:320:Infinity":22,"f:330:2:330:9":15,"b:330:94:330:102":4,"s:331:4:337:Infinity":23}}}
,"/home/user/webapp/src/shared/stores/useAuthKR.ts": {"path":"/home/user/webapp/src/shared/stores/useAuthKR.ts","statementMap":{"0":{"start":{"line":41,"column":13},"end":{"line":248,"column":null}},"1":{"start":{"line":44,"column":21},"end":{"line":237,"column":null}},"2":{"start":{"line":53,"column":27},"end":{"line":53,"column":null}},"3":{"start":{"line":54,"column":35},"end":{"line":54,"column":null}},"4":{"start":{"line":55,"column":29},"end":{"line":55,"column":null}},"5":{"start":{"line":56,"column":39},"end":{"line":56,"column":null}},"6":{"start":{"line":60,"column":10},"end":{"line":85,"column":null}},"7":{"start":{"line":61,"column":12},"end":{"line":61,"column":null}},"8":{"start":{"line":62,"column":35},"end":{"line":62,"column":null}},"9":{"start":{"line":63,"column":25},"end":{"line":63,"column":null}},"10":{"start":{"line":66,"column":33},"end":{"line":68,"column":null}},"11":{"start":{"line":69,"column":29},"end":{"line":69,"column":null}},"12":{"start":{"line":71,"column":12},"end":{"line":77,"column":null}},"13":{"start":{"line":79,"column":12},"end":{"line":79,"column":null}},"14":{"start":{"line":80,"column":12},"end":{"line":83,"column":null}},"15":{"start":{"line":84,"column":12},"end":{"line":84,"column":null}},"16":{"start":{"line":90,"column":10},"end":{"line":118,"column":null}},"17":{"start":{"line":91,"column":12},"end":{"line":91,"column":null}},"18":{"start":{"line":92,"column":35},"end":{"line":92,"column":null}},"19":{"start":{"line":93,"column":25},"end":{"line":93,"column":null}},"20":{"start":{"line":96,"column":12},"end":{"line":103,"column":null}},"21":{"start":{"line":105,"column":12},"end":{"line":110,"column":null}},"22":{"start":{"line":112,"column":12},"end":{"line":112,"column":null}},"23":{"start":{"line":113,"column":12},"end":{"line":116,"column":null}},"24":{"start":{"line":117,"column":12},"end":{"line":117,"column":null}},"25":{"start":{"line":123,"column":10},"end":{"line":136,"column":null}},"26":{"start":{"line":124,"column":12},"end":{"line":124,"column":null}},"27":{"start":{"line":127,"column":35},"end":{"line":127,"column":null}},"28":{"start":{"line":128,"column":12},"end":{"line":128,"column":null}},"29":{"start":{"line":130,"column":12},"end":{"line":130,"column":null}},"30":{"start":{"line":131,"column":12},"end":{"line":134,"column":null}},"31":{"start":{"line":135,"column":12},"end":{"line":135,"column":null}},"32":{"start":{"line":141,"column":10},"end":{"line":155,"column":null}},"33":{"start":{"line":142,"column":12},"end":{"line":142,"column":null}},"34":{"start":{"line":143,"column":12},"end":{"line":143,"column":null}},"35":{"start":{"line":144,"column":12},"end":{"line":147,"column":null}},"36":{"start":{"line":149,"column":12},"end":{"line":149,"column":null}},"37":{"start":{"line":150,"column":12},"end":{"line":153,"column":null}},"38":{"start":{"line":154,"column":12},"end":{"line":154,"column":null}},"39":{"start":{"line":160,"column":10},"end":{"line":181,"column":null}},"40":{"start":{"line":161,"column":12},"end":{"line":161,"column":null}},"41":{"start":{"line":162,"column":12},"end":{"line":162,"column":null}},"42":{"start":{"line":165,"column":12},"end":{"line":165,"column":null}},"43":{"start":{"line":166,"column":12},"end":{"line":166,"column":null}},"44":{"start":{"line":168,"column":12},"end":{"line":173,"column":null}},"45":{"start":{"line":175,"column":12},"end":{"line":175,"column":null}},"46":{"start":{"line":176,"column":12},"end":{"line":179,"column":null}},"47":{"start":{"line":180,"column":12},"end":{"line":180,"column":null}},"48":{"start":{"line":186,"column":10},"end":{"line":235,"column":null}},"49":{"start":{"line":187,"column":12},"end":{"line":187,"column":null}},"50":{"start":{"line":190,"column":12},"end":{"line":226,"column":null}},"51":{"start":{"line":191,"column":34},"end":{"line":225,"column":null}},"52":{"start":{"line":192,"column":16},"end":{"line":222,"column":null}},"53":{"start":{"line":194,"column":18},"end":{"line":214,"column":null}},"54":{"start":{"line":195,"column":41},"end":{"line":197,"column":null}},"55":{"start":{"line":198,"column":37},"end":{"line":198,"column":null}},"56":{"start":{"line":200,"column":20},"end":{"line":205,"column":null}},"57":{"start":{"line":207,"column":20},"end":{"line":207,"column":null}},"58":{"start":{"line":208,"column":20},"end":{"line":213,"column":null}},"59":{"start":{"line":216,"column":18},"end":{"line":221,"column":null}},"60":{"start":{"line":223,"column":16},"end":{"line":223,"column":null}},"61":{"start":{"line":224,"column":16},"end":{"line":224,"column":null}},"62":{"start":{"line":228,"column":12},"end":{"line":228,"column":null}},"63":{"start":{"line":229,"column":12},"end":{"line":233,"column":null}},"64":{"start":{"line":234,"column":12},"end":{"line":234,"column":null}},"65":{"start":{"line":240,"column":32},"end":{"line":243,"column":null}},"66":{"start":{"line":251,"column":29},"end":{"line":251,"column":null}},"67":{"start":{"line":251,"column":35},"end":{"line":251,"column":null}},"68":{"start":{"line":251,"column":56},"end":{"line":251,"column":66}},"69":{"start":{"line":252,"column":32},"end":{"line":252,"column":null}},"70":{"start":{"line":252,"column":38},"end":{"line":252,"column":null}},"71":{"start":{"line":252,"column":59},"end":{"line":252,"column":74}},"72":{"start":{"line":253,"column":30},"end":{"line":253,"column":null}},"73":{"start":{"line":253,"column":36},"end":{"line":253,"column":null}},"74":{"start":{"line":253,"column":57},"end":{"line":253,"column":68}},"75":{"start":{"line":254,"column":29},"end":{"line":254,"column":null}},"76":{"start":{"line":254,"column":35},"end":{"line":254,"column":null}},"77":{"start":{"line":254,"column":56},"end":{"line":254,"column":70}},"78":{"start":{"line":255,"column":30},"end":{"line":255,"column":null}},"79":{"start":{"line":255,"column":36},"end":{"line":255,"column":null}},"80":{"start":{"line":255,"column":57},"end":{"line":255,"column":74}}},"fnMap":{"0":{"name":"(anonymous_0)","decl":{"start":{"line":44,"column":6},"end":{"line":44,"column":7}},"loc":{"start":{"line":44,"column":21},"end":{"line":237,"column":null}},"line":44},"1":{"name":"(anonymous_1)","decl":{"start":{"line":53,"column":17},"end":{"line":53,"column":18}},"loc":{"start":{"line":53,"column":27},"end":{"line":53,"column":null}},"line":53},"2":{"name":"(anonymous_2)","decl":{"start":{"line":54,"column":20},"end":{"line":54,"column":21}},"loc":{"start":{"line":54,"column":35},"end":{"line":54,"column":null}},"line":54},"3":{"name":"(anonymous_3)","decl":{"start":{"line":55,"column":18},"end":{"line":55,"column":19}},"loc":{"start":{"line":55,"column":29},"end":{"line":55,"column":null}},"line":55},"4":{"name":"(anonymous_4)","decl":{"start":{"line":56,"column":22},"end":{"line":56,"column":23}},"loc":{"start":{"line":56,"column":39},"end":{"line":56,"column":null}},"line":56},"5":{"name":"(anonymous_5)","decl":{"start":{"line":59,"column":24},"end":{"line":59,"column":31}},"loc":{"start":{"line":59,"column":51},"end":{"line":86,"column":null}},"line":59},"6":{"name":"(anonymous_6)","decl":{"start":{"line":89,"column":25},"end":{"line":89,"column":32}},"loc":{"start":{"line":89,"column":65},"end":{"line":119,"column":null}},"line":89},"7":{"name":"(anonymous_7)","decl":{"start":{"line":122,"column":24},"end":{"line":122,"column":36}},"loc":{"start":{"line":122,"column":36},"end":{"line":137,"column":null}},"line":122},"8":{"name":"(anonymous_8)","decl":{"start":{"line":140,"column":32},"end":{"line":140,"column":39}},"loc":{"start":{"line":140,"column":49},"end":{"line":156,"column":null}},"line":140},"9":{"name":"(anonymous_9)","decl":{"start":{"line":159,"column":16},"end":{"line":159,"column":28}},"loc":{"start":{"line":159,"column":28},"end":{"line":182,"column":null}},"line":159},"10":{"name":"(anonymous_10)","decl":{"start":{"line":185,"column":24},"end":{"line":185,"column":36}},"loc":{"start":{"line":185,"column":36},"end":{"line":236,"column":null}},"line":185},"11":{"name":"(anonymous_11)","decl":{"start":{"line":190,"column":37},"end":{"line":190,"column":38}},"loc":{"start":{"line":190,"column":50},"end":{"line":226,"column":13}},"line":190},"12":{"name":"(anonymous_12)","decl":{"start":{"line":191,"column":58},"end":{"line":191,"column":65}},"loc":{"start":{"line":191,"column":74},"end":{"line":225,"column":15}},"line":191},"13":{"name":"(anonymous_13)","decl":{"start":{"line":240,"column":20},"end":{"line":240,"column":21}},"loc":{"start":{"line":240,"column":32},"end":{"line":243,"column":null}},"line":240},"14":{"name":"(anonymous_14)","decl":{"start":{"line":251,"column":29},"end":{"line":251,"column":35}},"loc":{"start":{"line":251,"column":35},"end":{"line":251,"column":null}},"line":251},"15":{"name":"(anonymous_15)","decl":{"start":{"line":251,"column":45},"end":{"line":251,"column":46}},"loc":{"start":{"line":251,"column":56},"end":{"line":251,"column":66}},"line":251},"16":{"name":"(anonymous_16)","decl":{"start":{"line":252,"column":32},"end":{"line":252,"column":38}},"loc":{"start":{"line":252,"column":38},"end":{"line":252,"column":null}},"line":252},"17":{"name":"(anonymous_17)","decl":{"start":{"line":252,"column":48},"end":{"line":252,"column":49}},"loc":{"start":{"line":252,"column":59},"end":{"line":252,"column":74}},"line":252},"18":{"name":"(anonymous_18)","decl":{"start":{"line":253,"column":30},"end":{"line":253,"column":36}},"loc":{"start":{"line":253,"column":36},"end":{"line":253,"column":null}},"line":253},"19":{"name":"(anonymous_19)","decl":{"start":{"line":253,"column":46},"end":{"line":253,"column":47}},"loc":{"start":{"line":253,"column":57},"end":{"line":253,"column":68}},"line":253},"20":{"name":"(anonymous_20)","decl":{"start":{"line":254,"column":29},"end":{"line":254,"column":35}},"loc":{"start":{"line":254,"column":35},"end":{"line":254,"column":null}},"line":254},"21":{"name":"(anonymous_21)","decl":{"start":{"line":254,"column":45},"end":{"line":254,"column":46}},"loc":{"start":{"line":254,"column":56},"end":{"line":254,"column":70}},"line":254},"22":{"name":"(anonymous_22)","decl":{"start":{"line":255,"column":30},"end":{"line":255,"column":36}},"loc":{"start":{"line":255,"column":36},"end":{"line":255,"column":null}},"line":255},"23":{"name":"(anonymous_23)","decl":{"start":{"line":255,"column":46},"end":{"line":255,"column":47}},"loc":{"start":{"line":255,"column":57},"end":{"line":255,"column":74}},"line":255}},"branchMap":{"0":{"loc":{"start":{"line":81,"column":21},"end":{"line":81,"column":null}},"type":"binary-expr","locations":[{"start":{"line":81,"column":21},"end":{"line":81,"column":36}},{"start":{"line":81,"column":36},"end":{"line":81,"column":null}}],"line":81},"1":{"loc":{"start":{"line":114,"column":21},"end":{"line":114,"column":null}},"type":"binary-expr","locations":[{"start":{"line":114,"column":21},"end":{"line":114,"column":36}},{"start":{"line":114,"column":36},"end":{"line":114,"column":null}}],"line":114},"2":{"loc":{"start":{"line":127,"column":35},"end":{"line":127,"column":null}},"type":"binary-expr","locations":[{"start":{"line":127,"column":35},"end":{"line":127,"column":74}},{"start":{"line":127,"column":74},"end":{"line":127,"column":null}}],"line":127},"3":{"loc":{"start":{"line":132,"column":21},"end":{"line":132,"column":null}},"type":"binary-expr","locations":[{"start":{"line":132,"column":21},"end":{"line":132,"column":36}},{"start":{"line":132,"column":36},"end":{"line":132,"column":null}}],"line":132},"4":{"loc":{"start":{"line":151,"column":21},"end":{"line":151,"column":null}},"type":"binary-expr","locations":[{"start":{"line":151,"column":21},"end":{"line":151,"column":36}},{"start":{"line":151,"column":36},"end":{"line":151,"column":null}}],"line":151},"5":{"loc":{"start":{"line":177,"column":21},"end":{"line":177,"column":null}},"type":"binary-expr","locations":[{"start":{"line":177,"column":21},"end":{"line":177,"column":36}},{"start":{"line":177,"column":36},"end":{"line":177,"column":null}}],"line":177},"6":{"loc":{"start":{"line":192,"column":16},"end":{"line":222,"column":null}},"type":"if","locations":[{"start":{"line":192,"column":16},"end":{"line":222,"column":null}},{"start":{"line":215,"column":23},"end":{"line":222,"column":null}}],"line":192},"7":{"loc":{"start":{"line":230,"column":21},"end":{"line":230,"column":null}},"type":"binary-expr","locations":[{"start":{"line":230,"column":21},"end":{"line":230,"column":36}},{"start":{"line":230,"column":36},"end":{"line":230,"column":null}}],"line":230}},"s":{"0":1,"1":1,"2":2,"3":1,"4":0,"5":0,"6":1,"7":1,"8":1,"9":1,"10":1,"11":1,"12":1,"13":0,"14":0,"15":0,"16":1,"17":1,"18":1,"19":1,"20":1,"21":1,"22":0,"23":0,"24":0,"25":0,"26":0,"27":0,"28":0,"29":0,"30":0,"31":0,"32":1,"33":1,"34":1,"35":1,"36":0,"37":0,"38":0,"39":1,"40":1,"41":1,"42":1,"43":1,"44":1,"45":0,"46":0,"47":0,"48":0,"49":0,"50":0,"51":0,"52":0,"53":0,"54":0,"55":0,"56":0,"57":0,"58":0,"59":0,"60":0,"61":0,"62":0,"63":0,"64":0,"65":22,"66":1,"67":1,"68":3,"69":1,"70":1,"71":3,"72":1,"73":0,"74":0,"75":1,"76":0,"77":0,"78":1,"79":0,"80":0},"f":{"0":1,"1":2,"2":1,"3":0,"4":0,"5":1,"6":1,"7":0,"8":1,"9":1,"10":0,"11":0,"12":0,"13":22,"14":1,"15":3,"16":1,"17":3,"18":0,"19":0,"20":0,"21":0,"22":0,"23":0},"b":{"0":[0,0],"1":[0,0],"2":[0,0],"3":[0,0],"4":[0,0],"5":[0,0],"6":[0,0],"7":[0,0]},"meta":{"lastBranch":8,"lastFunction":24,"lastStatement":81,"seen":{"s:41:13:248:Infinity":0,"f:44:6:44:7":0,"s:44:21:237:Infinity":1,"f:53:17:53:18":1,"s:53:27:53:Infinity":2,"f:54:20:54:21":2,"s:54:35:54:Infinity":3,"f:55:18:55:19":3,"s:55:29:55:Infinity":4,"f:56:22:56:23":4,"s:56:39:56:Infinity":5,"f:59:24:59:31":5,"s:60:10:85:Infinity":6,"s:61:12:61:Infinity":7,"s:62:35:62:Infinity":8,"s:63:25:63:Infinity":9,"s:66:33:68:Infinity":10,"s:69:29:69:Infinity":11,"s:71:12:77:Infinity":12,"s:79:12:79:Infinity":13,"s:80:12:83:Infinity":14,"b:81:21:81:36:81:36:81:Infinity":0,"s:84:12:84:Infinity":15,"f:89:25:89:32":6,"s:90:10:118:Infinity":16,"s:91:12:91:Infinity":17,"s:92:35:92:Infinity":18,"s:93:25:93:Infinity":19,"s:96:12:103:Infinity":20,"s:105:12:110:Infinity":21,"s:112:12:112:Infinity":22,"s:113:12:116:Infinity":23,"b:114:21:114:36:114:36:114:Infinity":1,"s:117:12:117:Infinity":24,"f:122:24:122:36":7,"s:123:10:136:Infinity":25,"s:124:12:124:Infinity":26,"s:127:35:127:Infinity":27,"b:127:35:127:74:127:74:127:Infinity":2,"s:128:12:128:Infinity":28,"s:130:12:130:Infinity":29,"s:131:12:134:Infinity":30,"b:132:21:132:36:132:36:132:Infinity":3,"s:135:12:135:Infinity":31,"f:140:32:140:39":8,"s:141:10:155:Infinity":32,"s:142:12:142:Infinity":33,"s:143:12:143:Infinity":34,"s:144:12:147:Infinity":35,"s:149:12:149:Infinity":36,"s:150:12:153:Infinity":37,"b:151:21:151:36:151:36:151:Infinity":4,"s:154:12:154:Infinity":38,"f:159:16:159:28":9,"s:160:10:181:Infinity":39,"s:161:12:161:Infinity":40,"s:162:12:162:Infinity":41,"s:165:12:165:Infinity":42,"s:166:12:166:Infinity":43,"s:168:12:173:Infinity":44,"s:175:12:175:Infinity":45,"s:176:12:179:Infinity":46,"b:177:21:177:36:177:36:177:Infinity":5,"s:180:12:180:Infinity":47,"f:185:24:185:36":10,"s:186:10:235:Infinity":48,"s:187:12:187:Infinity":49,"s:190:12:226:Infinity":50,"f:190:37:190:38":11,"s:191:34:225:Infinity":51,"f:191:58:191:65":12,"b:192:16:222:Infinity:215:23:222:Infinity":6,"s:192:16:222:Infinity":52,"s:194:18:214:Infinity":53,"s:195:41:197:Infinity":54,"s:198:37:198:Infinity":55,"s:200:20:205:Infinity":56,"s:207:20:207:Infinity":57,"s:208:20:213:Infinity":58,"s:216:18:221:Infinity":59,"s:223:16:223:Infinity":60,"s:224:16:224:Infinity":61,"s:228:12:228:Infinity":62,"s:229:12:233:Infinity":63,"b:230:21:230:36:230:36:230:Infinity":7,"s:234:12:234:Infinity":64,"f:240:20:240:21":13,"s:240:32:243:Infinity":65,"s:251:29:251:Infinity":66,"f:251:29:251:35":14,"s:251:35:251:Infinity":67,"f:251:45:251:46":15,"s:251:56:251:66":68,"s:252:32:252:Infinity":69,"f:252:32:252:38":16,"s:252:38:252:Infinity":70,"f:252:48:252:49":17,"s:252:59:252:74":71,"s:253:30:253:Infinity":72,"f:253:30:253:36":18,"s:253:36:253:Infinity":73,"f:253:46:253:47":19,"s:253:57:253:68":74,"s:254:29:254:Infinity":75,"f:254:29:254:35":20,"s:254:35:254:Infinity":76,"f:254:45:254:46":21,"s:254:56:254:70":77,"s:255:30:255:Infinity":78,"f:255:30:255:36":22,"s:255:36:255:Infinity":79,"f:255:46:255:47":23,"s:255:57:255:74":80}}}
}
