TN:
SF:src/features/auth/login-flow.service.ts
FN:22,loginWithKakaoToken
FN:53,(anonymous_1)
FN:54,(anonymous_2)
FN:65,loginWithFirebaseToken
FN:74,(anonymous_4)
FN:75,(anonymous_5)
FN:100,loginSeller
FN:147,loginAdmin
FN:184,logout
FN:205,(anonymous_9)
FN:221,getLoginType
FN:242,getJWTToken
FNF:12
FNH:10
FNDA:6,loginWithKakaoToken
FNDA:3,(anonymous_1)
FNDA:0,(anonymous_2)
FNDA:2,loginWithFirebaseToken
FNDA:1,(anonymous_4)
FNDA:0,(anonymous_5)
FNDA:5,loginSeller
FNDA:3,loginAdmin
FNDA:3,logout
FNDA:15,(anonymous_9)
FNDA:8,getLoginType
FNDA:4,getJWTToken
DA:23,6
DA:25,6
DA:27,6
DA:33,6
DA:34,1
DA:37,5
DA:39,5
DA:40,1
DA:43,4
DA:46,6
DA:47,6
DA:49,3
DA:52,3
DA:53,3
DA:54,0
DA:57,3
DA:58,3
DA:66,2
DA:68,2
DA:69,2
DA:70,1
DA:73,1
DA:74,1
DA:75,0
DA:78,1
DA:79,1
DA:101,5
DA:103,5
DA:104,5
DA:109,3
DA:112,3
DA:113,2
DA:114,2
DA:115,2
DA:117,1
DA:120,2
DA:122,3
DA:125,3
DA:126,3
DA:148,3
DA:150,3
DA:151,3
DA:156,2
DA:159,2
DA:160,1
DA:161,1
DA:162,1
DA:164,1
DA:167,1
DA:169,2
DA:172,2
DA:173,2
DA:185,3
DA:187,3
DA:189,3
DA:190,3
DA:191,2
DA:193,1
DA:197,3
DA:205,15
DA:207,3
DA:209,0
DA:210,0
DA:222,8
DA:224,8
DA:225,2
DA:228,6
DA:229,1
DA:232,5
DA:233,2
DA:236,3
DA:243,4
DA:244,4
LF:73
LH:69
BRDA:33,0,0,1
BRDA:33,0,1,5
BRDA:39,1,0,1
BRDA:39,1,1,4
BRDA:39,2,0,5
BRDA:39,2,1,2
BRDA:43,3,0,4
BRDA:43,3,1,1
BRDA:112,4,0,2
BRDA:112,4,1,1
BRDA:125,5,0,3
BRDA:125,5,1,2
BRDA:125,5,2,0
BRDA:159,6,0,1
BRDA:159,6,1,1
BRDA:172,7,0,2
BRDA:172,7,1,1
BRDA:172,7,2,0
BRDA:224,8,0,2
BRDA:224,8,1,6
BRDA:224,9,0,8
BRDA:224,9,1,3
BRDA:228,10,0,1
BRDA:228,10,1,5
BRDA:228,11,0,6
BRDA:228,11,1,1
BRDA:232,12,0,2
BRDA:232,12,1,3
BRDA:243,13,0,2
BRDA:243,13,1,2
BRF:30
BRH:28
end_of_record
TN:
SF:src/lib/sentry-events.ts
FN:27,(anonymous_0)
FN:39,(anonymous_1)
FN:64,(anonymous_2)
FN:84,(anonymous_3)
FN:103,(anonymous_4)
FN:115,(anonymous_5)
FN:138,(anonymous_6)
FN:164,(anonymous_7)
FN:186,(anonymous_8)
FN:198,(anonymous_9)
FN:222,(anonymous_10)
FN:255,(anonymous_11)
FN:286,(anonymous_12)
FN:298,(anonymous_13)
FN:310,(anonymous_14)
FN:330,(anonymous_15)
FNF:16
FNH:16
FNDA:1,(anonymous_0)
FNDA:1,(anonymous_1)
FNDA:1,(anonymous_2)
FNDA:1,(anonymous_3)
FNDA:1,(anonymous_4)
FNDA:3,(anonymous_5)
FNDA:1,(anonymous_6)
FNDA:1,(anonymous_7)
FNDA:1,(anonymous_8)
FNDA:1,(anonymous_9)
FNDA:3,(anonymous_10)
FNDA:2,(anonymous_11)
FNDA:1,(anonymous_12)
FNDA:1,(anonymous_13)
FNDA:1,(anonymous_14)
FNDA:3,(anonymous_15)
DA:19,1
DA:28,1
DA:40,1
DA:57,1
DA:58,1
DA:65,1
DA:85,1
DA:93,1
DA:104,1
DA:116,3
DA:139,1
DA:165,1
DA:187,1
DA:199,1
DA:223,3
DA:235,3
DA:236,1
DA:256,2
DA:264,2
DA:265,1
DA:287,1
DA:299,1
DA:311,1
DA:331,3
LF:24
LH:24
BRDA:128,0,0,2
BRDA:128,0,1,1
BRDA:235,1,0,1
BRDA:235,1,1,2
BRDA:259,2,0,0
BRDA:259,2,1,2
BRDA:264,3,0,1
BRDA:264,3,1,1
BRDA:330,4,0,3
BRF:9
BRH:8
end_of_record
TN:
SF:src/shared/stores/useAuthKR.ts
FN:44,(anonymous_0)
FN:53,(anonymous_1)
FN:54,(anonymous_2)
FN:55,(anonymous_3)
FN:56,(anonymous_4)
FN:59,(anonymous_5)
FN:89,(anonymous_6)
FN:122,(anonymous_7)
FN:140,(anonymous_8)
FN:159,(anonymous_9)
FN:185,(anonymous_10)
FN:190,(anonymous_11)
FN:191,(anonymous_12)
FN:240,(anonymous_13)
FN:251,(anonymous_14)
FN:251,(anonymous_15)
FN:252,(anonymous_16)
FN:252,(anonymous_17)
FN:253,(anonymous_18)
FN:253,(anonymous_19)
FN:254,(anonymous_20)
FN:254,(anonymous_21)
FN:255,(anonymous_22)
FN:255,(anonymous_23)
FNF:24
FNH:12
FNDA:1,(anonymous_0)
FNDA:2,(anonymous_1)
FNDA:1,(anonymous_2)
FNDA:0,(anonymous_3)
FNDA:0,(anonymous_4)
FNDA:1,(anonymous_5)
FNDA:1,(anonymous_6)
FNDA:0,(anonymous_7)
FNDA:1,(anonymous_8)
FNDA:1,(anonymous_9)
FNDA:0,(anonymous_10)
FNDA:0,(anonymous_11)
FNDA:0,(anonymous_12)
FNDA:22,(anonymous_13)
FNDA:1,(anonymous_14)
FNDA:3,(anonymous_15)
FNDA:1,(anonymous_16)
FNDA:3,(anonymous_17)
FNDA:0,(anonymous_18)
FNDA:0,(anonymous_19)
FNDA:0,(anonymous_20)
FNDA:0,(anonymous_21)
FNDA:0,(anonymous_22)
FNDA:0,(anonymous_23)
DA:41,1
DA:44,1
DA:53,2
DA:54,1
DA:55,0
DA:56,0
DA:60,1
DA:61,1
DA:62,1
DA:63,1
DA:66,1
DA:69,1
DA:71,1
DA:79,0
DA:80,0
DA:84,0
DA:90,1
DA:91,1
DA:92,1
DA:93,1
DA:96,1
DA:105,1
DA:112,0
DA:113,0
DA:117,0
DA:123,0
DA:124,0
DA:127,0
DA:128,0
DA:130,0
DA:131,0
DA:135,0
DA:141,1
DA:142,1
DA:143,1
DA:144,1
DA:149,0
DA:150,0
DA:154,0
DA:160,1
DA:161,1
DA:162,1
DA:165,1
DA:166,1
DA:168,1
DA:175,0
DA:176,0
DA:180,0
DA:186,0
DA:187,0
DA:190,0
DA:191,0
DA:192,0
DA:194,0
DA:195,0
DA:198,0
DA:200,0
DA:207,0
DA:208,0
DA:216,0
DA:223,0
DA:224,0
DA:228,0
DA:229,0
DA:234,0
DA:240,22
DA:251,3
DA:252,3
DA:253,1
DA:254,1
DA:255,1
LF:71
LH:33
BRDA:81,0,0,0
BRDA:81,0,1,0
BRDA:114,1,0,0
BRDA:114,1,1,0
BRDA:127,2,0,0
BRDA:127,2,1,0
BRDA:132,3,0,0
BRDA:132,3,1,0
BRDA:151,4,0,0
BRDA:151,4,1,0
BRDA:177,5,0,0
BRDA:177,5,1,0
BRDA:192,6,0,0
BRDA:192,6,1,0
BRDA:230,7,0,0
BRDA:230,7,1,0
BRF:16
BRH:0
end_of_record
