TN:
SF:src/components/ConfirmModal.tsx
FN:9,ConfirmModal
FNF:1
FNH:0
FNDA:0,ConfirmModal
DA:16,0
LF:1
LH:0
BRDA:13,0,0,0
BRDA:14,1,0,0
BRF:2
BRH:0
end_of_record
TN:
SF:src/components/CustomModal.tsx
FN:16,CustomModal
FN:31,(anonymous_1)
FN:46,(anonymous_2)
FN:58,(anonymous_3)
FN:67,(anonymous_4)
FN:84,(anonymous_5)
FN:126,(anonymous_6)
FN:179,useModal
FN:191,(anonymous_8)
FN:204,(anonymous_9)
FN:214,(anonymous_10)
FNF:11
FNH:0
FNDA:0,CustomModal
FNDA:0,(anonymous_1)
FNDA:0,(anonymous_2)
FNDA:0,(anonymous_3)
FNDA:0,(anonymous_4)
FNDA:0,(anonymous_5)
FNDA:0,(anonymous_6)
FNDA:0,useModal
FNDA:0,(anonymous_8)
FNDA:0,(anonymous_9)
FNDA:0,(anonymous_10)
DA:26,0
DA:28,0
DA:29,0
DA:31,0
DA:32,0
DA:34,0
DA:36,0
DA:38,0
DA:40,0
DA:42,0
DA:46,0
DA:47,0
DA:48,0
DA:49,0
DA:50,0
DA:51,0
DA:56,0
DA:60,0
DA:61,0
DA:67,0
DA:84,0
DA:127,0
DA:128,0
DA:175,0
DA:180,0
DA:191,0
DA:196,0
DA:204,0
DA:205,0
DA:214,0
DA:215,0
DA:221,0
LF:32
LH:0
BRDA:23,0,0,0
BRDA:24,1,0,0
BRDA:26,2,0,0
BRDA:26,2,1,0
BRDA:32,3,0,0
BRDA:32,3,1,0
BRDA:32,3,2,0
BRDA:32,3,3,0
BRDA:32,3,4,0
BRDA:47,4,0,0
BRDA:47,4,1,0
BRDA:47,4,2,0
BRDA:47,4,3,0
BRDA:60,5,0,0
BRDA:60,5,1,0
BRDA:66,6,0,0
BRDA:66,6,1,0
BRDA:69,7,0,0
BRDA:69,7,1,0
BRDA:91,8,0,0
BRDA:91,8,1,0
BRDA:98,9,0,0
BRDA:98,9,1,0
BRDA:105,10,0,0
BRDA:105,10,1,0
BRDA:109,11,0,0
BRDA:109,11,1,0
BRDA:116,12,0,0
BRDA:116,12,1,0
BRDA:117,13,0,0
BRDA:117,13,1,0
BRDA:193,14,0,0
BRF:32
BRH:0
end_of_record
TN:
SF:src/components/ErrorBoundary.tsx
FN:19,(anonymous_0)
FN:24,(anonymous_1)
FN:28,(anonymous_2)
FN:38,(anonymous_3)
FN:86,(anonymous_4)
FN:92,(anonymous_5)
FNF:6
FNH:0
FNDA:0,(anonymous_0)
FNDA:0,(anonymous_1)
FNDA:0,(anonymous_2)
FNDA:0,(anonymous_3)
FNDA:0,(anonymous_4)
FNDA:0,(anonymous_5)
DA:20,0
DA:21,0
DA:25,0
DA:30,0
DA:33,0
DA:34,0
DA:39,0
DA:41,0
DA:42,0
DA:46,0
DA:86,0
DA:92,0
DA:103,0
LF:13
LH:0
BRDA:33,0,0,0
BRDA:33,0,1,0
BRDA:39,1,0,0
BRDA:39,1,1,0
BRDA:41,2,0,0
BRDA:41,2,1,0
BRDA:73,3,0,0
BRDA:73,3,1,0
BRDA:73,3,2,0
BRF:9
BRH:0
end_of_record
TN:
SF:src/components/FrameWrapper.tsx
FN:22,FrameWrapper
FN:26,(anonymous_1)
FN:43,(anonymous_2)
FNF:3
FNH:0
FNDA:0,FrameWrapper
FNDA:0,(anonymous_1)
FNDA:0,(anonymous_2)
DA:11,0
DA:16,0
DA:23,0
DA:26,0
DA:27,0
DA:28,0
DA:30,0
DA:34,0
DA:35,0
DA:39,0
DA:43,0
DA:44,0
DA:47,0
DA:48,0
DA:51,0
DA:55,0
DA:58,0
LF:17
LH:0
BRDA:27,0,0,0
BRDA:27,0,1,0
BRDA:30,1,0,0
BRDA:30,1,1,0
BRDA:34,2,0,0
BRDA:34,2,1,0
BRDA:37,3,0,0
BRDA:37,3,1,0
BRDA:47,4,0,0
BRDA:47,4,1,0
BRF:10
BRH:0
end_of_record
TN:
SF:src/components/GripFrameLayout.tsx
FN:9,LiveBadge
FN:18,ChatMessage
FN:35,GripFrameLayout
FN:174,(anonymous_3)
FNF:4
FNH:0
FNDA:0,LiveBadge
FNDA:0,ChatMessage
FNDA:0,GripFrameLayout
FNDA:0,(anonymous_3)
DA:10,0
DA:27,0
DA:36,0
DA:37,0
DA:40,0
DA:46,0
DA:175,0
LF:7
LH:0
BRDA:28,0,0,0
BRDA:28,0,1,0
BRDA:43,1,0,0
BRDA:43,1,1,0
BRDA:126,2,0,0
BRDA:126,2,1,0
BRDA:179,3,0,0
BRDA:179,3,1,0
BRF:8
BRH:0
end_of_record
TN:
SF:src/components/ImageUpload.tsx
FN:23,ImageUpload
FN:35,handleFile
FN:68,(anonymous_2)
FN:95,(anonymous_3)
FN:107,handleFileSelect
FN:112,handleDrop
FN:119,handleDragOver
FN:124,handleDragLeave
FN:128,handleRemove
FN:147,(anonymous_9)
FN:193,(anonymous_10)
FN:243,(anonymous_11)
FNF:12
FNH:0
FNDA:0,ImageUpload
FNDA:0,handleFile
FNDA:0,(anonymous_2)
FNDA:0,(anonymous_3)
FNDA:0,handleFileSelect
FNDA:0,handleDrop
FNDA:0,handleDragOver
FNDA:0,handleDragLeave
FNDA:0,handleRemove
FNDA:0,(anonymous_9)
FNDA:0,(anonymous_10)
FNDA:0,(anonymous_11)
DA:29,0
DA:30,0
DA:31,0
DA:32,0
DA:33,0
DA:36,0
DA:37,0
DA:39,0
DA:41,0
DA:42,0
DA:46,0
DA:47,0
DA:51,0
DA:58,0
DA:60,0
DA:67,0
DA:68,0
DA:69,0
DA:71,0
DA:73,0
DA:78,0
DA:79,0
DA:80,0
DA:82,0
DA:83,0
DA:86,0
DA:89,0
DA:90,0
DA:92,0
DA:95,0
DA:96,0
DA:98,0
DA:101,0
DA:102,0
DA:103,0
DA:108,0
DA:109,0
DA:113,0
DA:114,0
DA:115,0
DA:116,0
DA:120,0
DA:121,0
DA:125,0
DA:129,0
DA:130,0
DA:131,0
DA:135,0
DA:147,0
DA:194,0
DA:243,0
LF:51
LH:0
BRDA:26,0,0,0
BRDA:27,1,0,0
BRDA:41,2,0,0
BRDA:41,2,1,0
BRDA:46,3,0,0
BRDA:46,3,1,0
BRDA:78,4,0,0
BRDA:78,4,1,0
BRDA:82,5,0,0
BRDA:82,5,1,0
BRDA:86,6,0,0
BRDA:86,6,1,0
BRDA:90,7,0,0
BRDA:90,7,1,0
BRDA:90,7,2,0
BRDA:102,8,0,0
BRDA:102,8,1,0
BRDA:109,9,0,0
BRDA:109,9,1,0
BRDA:116,10,0,0
BRDA:116,10,1,0
BRDA:130,11,0,0
BRDA:130,11,1,0
BRDA:142,12,0,0
BRDA:142,12,1,0
BRDA:151,13,0,0
BRDA:151,13,1,0
BRDA:152,14,0,0
BRDA:152,14,1,0
BRDA:164,15,0,0
BRDA:164,15,1,0
BRDA:186,16,0,0
BRDA:186,16,1,0
BRDA:208,17,0,0
BRDA:208,17,1,0
BRDA:210,18,0,0
BRDA:210,18,1,0
BRDA:218,19,0,0
BRDA:218,19,1,0
BRDA:225,20,0,0
BRDA:225,20,1,0
BRDA:242,21,0,0
BRDA:242,21,1,0
BRF:43
BRH:0
end_of_record
TN:
SF:src/components/LanguageSwitcher.tsx
FN:12,LanguageSwitcher
FN:28,(anonymous_1)
FN:30,(anonymous_2)
FN:44,(anonymous_3)
FN:47,(anonymous_4)
FNF:5
FNH:0
FNDA:0,LanguageSwitcher
FNDA:0,(anonymous_1)
FNDA:0,(anonymous_2)
FNDA:0,(anonymous_3)
FNDA:0,(anonymous_4)
DA:13,0
DA:15,0
DA:27,0
DA:28,0
DA:30,0
DA:31,0
DA:32,0
DA:35,0
DA:45,0
DA:47,0
LF:10
LH:0
BRDA:15,0,0,0
BRDA:15,0,1,0
BRDA:27,1,0,0
BRDA:27,1,1,0
BRDA:28,2,0,0
BRDA:28,2,1,0
BRDA:51,3,0,0
BRDA:51,3,1,0
BRF:8
BRH:0
end_of_record
TN:
SF:src/components/LazyImage.tsx
FN:18,LazyImage
FN:32,(anonymous_1)
FN:35,(anonymous_2)
FN:36,(anonymous_3)
FN:53,(anonymous_4)
FN:58,(anonymous_5)
FN:63,(anonymous_6)
FN:92,getOptimizedImageUrl
FNF:8
FNH:3
FNDA:8,LazyImage
FNDA:8,(anonymous_1)
FNDA:0,(anonymous_2)
FNDA:0,(anonymous_3)
FNDA:8,(anonymous_4)
FNDA:0,(anonymous_5)
FNDA:0,(anonymous_6)
FNDA:0,getOptimizedImageUrl
DA:27,8
DA:28,8
DA:29,8
DA:30,8
DA:32,8
DA:34,8
DA:36,0
DA:37,0
DA:39,0
DA:40,0
DA:49,8
DA:50,8
DA:53,8
DA:54,8
DA:58,8
DA:59,0
DA:60,0
DA:63,8
DA:64,0
DA:65,0
DA:66,0
DA:69,8
DA:94,0
DA:95,0
DA:102,0
LF:25
LH:13
BRDA:21,0,0,8
BRDA:22,1,0,8
BRDA:37,2,0,0
BRDA:37,2,1,0
BRDA:49,3,0,8
BRDA:49,3,1,0
BRDA:76,4,0,8
BRDA:76,4,1,0
BRDA:76,5,0,8
BRDA:76,5,1,8
BRDA:78,6,0,0
BRDA:78,6,1,8
BRDA:94,7,0,0
BRDA:94,7,1,0
BRF:14
BRH:7
end_of_record
TN:
SF:src/components/MobileAppLayout.tsx
FN:18,MobileAppLayout
FNF:1
FNH:0
FNDA:0,MobileAppLayout
DA:19,0
LF:1
LH:0
BRF:0
BRH:0
end_of_record
TN:
SF:src/components/MobileFooter.tsx
FN:2,MobileFooter
FNF:1
FNH:0
FNDA:0,MobileFooter
DA:3,0
LF:1
LH:0
BRF:0
BRH:0
end_of_record
TN:
SF:src/components/NotificationBell.tsx
FN:20,NotificationBell
FN:30,loadNotifications
FN:42,(anonymous_2)
FN:54,markAsRead
FN:59,(anonymous_4)
FN:60,(anonymous_5)
FN:62,(anonymous_6)
FN:69,markAllAsRead
FN:73,(anonymous_8)
FN:74,(anonymous_9)
FN:83,handleNotificationClick
FN:99,(anonymous_11)
FN:104,(anonymous_12)
FN:111,(anonymous_13)
FN:115,(anonymous_14)
FN:119,(anonymous_15)
FN:120,handleClickOutside
FN:130,(anonymous_17)
FN:136,formatTime
FN:155,(anonymous_19)
FN:182,(anonymous_20)
FN:201,(anonymous_21)
FN:204,(anonymous_22)
FN:247,(anonymous_23)
FNF:24
FNH:0
FNDA:0,NotificationBell
FNDA:0,loadNotifications
FNDA:0,(anonymous_2)
FNDA:0,markAsRead
FNDA:0,(anonymous_4)
FNDA:0,(anonymous_5)
FNDA:0,(anonymous_6)
FNDA:0,markAllAsRead
FNDA:0,(anonymous_8)
FNDA:0,(anonymous_9)
FNDA:0,handleNotificationClick
FNDA:0,(anonymous_11)
FNDA:0,(anonymous_12)
FNDA:0,(anonymous_13)
FNDA:0,(anonymous_14)
FNDA:0,(anonymous_15)
FNDA:0,handleClickOutside
FNDA:0,(anonymous_17)
FNDA:0,formatTime
FNDA:0,(anonymous_19)
FNDA:0,(anonymous_20)
FNDA:0,(anonymous_21)
FNDA:0,(anonymous_22)
FNDA:0,(anonymous_23)
DA:21,0
DA:22,0
DA:23,0
DA:24,0
DA:25,0
DA:26,0
DA:27,0
DA:31,0
DA:32,0
DA:33,0
DA:35,0
DA:36,0
DA:37,0
DA:38,0
DA:41,0
DA:42,0
DA:45,0
DA:46,0
DA:49,0
DA:55,0
DA:56,0
DA:59,0
DA:60,0
DA:62,0
DA:64,0
DA:70,0
DA:71,0
DA:73,0
DA:74,0
DA:76,0
DA:78,0
DA:85,0
DA:86,0
DA:90,0
DA:91,0
DA:95,0
DA:99,0
DA:100,0
DA:104,0
DA:106,0
DA:107,0
DA:108,0
DA:111,0
DA:112,0
DA:115,0
DA:119,0
DA:121,0
DA:122,0
DA:126,0
DA:127,0
DA:130,0
DA:131,0
DA:137,0
DA:138,0
DA:139,0
DA:140,0
DA:141,0
DA:142,0
DA:144,0
DA:145,0
DA:146,0
DA:147,0
DA:148,0
DA:151,0
DA:155,0
DA:182,0
DA:202,0
DA:204,0
DA:248,0
DA:249,0
LF:70
LH:0
BRDA:35,0,0,0
BRDA:35,0,1,0
BRDA:36,1,0,0
BRDA:36,1,1,0
BRDA:37,2,0,0
BRDA:37,2,1,0
BRDA:45,3,0,0
BRDA:45,3,1,0
BRDA:60,4,0,0
BRDA:60,4,1,0
BRDA:85,5,0,0
BRDA:85,5,1,0
BRDA:90,6,0,0
BRDA:90,6,1,0
BRDA:106,7,0,0
BRDA:106,7,1,0
BRDA:121,8,0,0
BRDA:121,8,1,0
BRDA:121,9,0,0
BRDA:121,9,1,0
BRDA:126,10,0,0
BRDA:126,10,1,0
BRDA:144,11,0,0
BRDA:144,11,1,0
BRDA:145,12,0,0
BRDA:145,12,1,0
BRDA:146,13,0,0
BRDA:146,13,1,0
BRDA:147,14,0,0
BRDA:147,14,1,0
BRDA:159,15,0,0
BRDA:159,15,1,0
BRDA:161,16,0,0
BRDA:161,16,1,0
BRDA:167,17,0,0
BRDA:167,17,1,0
BRDA:173,18,0,0
BRDA:173,18,1,0
BRDA:192,19,0,0
BRDA:192,19,1,0
BRDA:196,20,0,0
BRDA:196,20,1,0
BRDA:207,21,0,0
BRDA:207,21,1,0
BRDA:214,22,0,0
BRDA:214,22,1,0
BRDA:221,23,0,0
BRDA:221,23,1,0
BRDA:234,24,0,0
BRDA:234,24,1,0
BRDA:244,25,0,0
BRDA:244,25,1,0
BRF:52
BRH:0
end_of_record
TN:
SF:src/components/NotificationDropdown.tsx
FN:29,NotificationDropdown
FN:36,(anonymous_1)
FN:43,(anonymous_2)
FN:49,(anonymous_3)
FN:65,(anonymous_4)
FN:70,(anonymous_5)
FN:71,(anonymous_6)
FN:73,(anonymous_7)
FN:79,(anonymous_8)
FN:84,(anonymous_9)
FN:84,(anonymous_10)
FN:91,(anonymous_11)
FN:96,(anonymous_12)
FN:96,(anonymous_13)
FN:97,(anonymous_14)
FN:98,(anonymous_15)
FN:105,(anonymous_16)
FN:117,(anonymous_17)
FN:133,(anonymous_18)
FN:151,(anonymous_19)
FN:187,(anonymous_20)
FN:193,(anonymous_21)
FN:216,(anonymous_22)
FN:236,(anonymous_23)
FNF:24
FNH:0
FNDA:0,NotificationDropdown
FNDA:0,(anonymous_1)
FNDA:0,(anonymous_2)
FNDA:0,(anonymous_3)
FNDA:0,(anonymous_4)
FNDA:0,(anonymous_5)
FNDA:0,(anonymous_6)
FNDA:0,(anonymous_7)
FNDA:0,(anonymous_8)
FNDA:0,(anonymous_9)
FNDA:0,(anonymous_10)
FNDA:0,(anonymous_11)
FNDA:0,(anonymous_12)
FNDA:0,(anonymous_13)
FNDA:0,(anonymous_14)
FNDA:0,(anonymous_15)
FNDA:0,(anonymous_16)
FNDA:0,(anonymous_17)
FNDA:0,(anonymous_18)
FNDA:0,(anonymous_19)
FNDA:0,(anonymous_20)
FNDA:0,(anonymous_21)
FNDA:0,(anonymous_22)
FNDA:0,(anonymous_23)
DA:30,0
DA:31,0
DA:32,0
DA:33,0
DA:36,0
DA:37,0
DA:38,0
DA:43,0
DA:44,0
DA:45,0
DA:49,0
DA:50,0
DA:51,0
DA:52,0
DA:54,0
DA:55,0
DA:56,0
DA:59,0
DA:61,0
DA:65,0
DA:66,0
DA:67,0
DA:70,0
DA:71,0
DA:73,0
DA:75,0
DA:79,0
DA:80,0
DA:81,0
DA:84,0
DA:85,0
DA:87,0
DA:91,0
DA:92,0
DA:93,0
DA:96,0
DA:97,0
DA:98,0
DA:101,0
DA:105,0
DA:106,0
DA:107,0
DA:110,0
DA:111,0
DA:114,0
DA:117,0
DA:118,0
DA:119,0
DA:120,0
DA:122,0
DA:123,0
DA:124,0
DA:125,0
DA:126,0
DA:129,0
DA:133,0
DA:151,0
DA:188,0
DA:193,0
DA:217,0
DA:218,0
DA:237,0
DA:238,0
LF:63
LH:0
BRDA:37,0,0,0
BRDA:37,0,1,0
BRDA:37,1,0,0
BRDA:37,1,1,0
BRDA:44,2,0,0
BRDA:44,2,1,0
BRDA:54,3,0,0
BRDA:54,3,1,0
BRDA:55,4,0,0
BRDA:55,4,1,0
BRDA:56,5,0,0
BRDA:56,5,1,0
BRDA:71,6,0,0
BRDA:71,6,1,0
BRDA:97,7,0,0
BRDA:97,7,1,0
BRDA:97,8,0,0
BRDA:97,8,1,0
BRDA:106,9,0,0
BRDA:106,9,1,0
BRDA:110,10,0,0
BRDA:110,10,1,0
BRDA:122,11,0,0
BRDA:122,11,1,0
BRDA:123,12,0,0
BRDA:123,12,1,0
BRDA:124,13,0,0
BRDA:124,13,1,0
BRDA:125,14,0,0
BRDA:125,14,1,0
BRDA:138,15,0,0
BRDA:138,15,1,0
BRDA:140,16,0,0
BRDA:140,16,1,0
BRDA:146,17,0,0
BRDA:146,17,1,0
BRDA:159,18,0,0
BRDA:159,18,1,0
BRDA:171,19,0,0
BRDA:171,19,1,0
BRDA:175,20,0,0
BRDA:175,20,1,0
BRDA:191,21,0,0
BRDA:191,21,1,0
BRDA:196,22,0,0
BRDA:196,22,1,0
BRDA:233,23,0,0
BRDA:233,23,1,0
BRF:48
BRH:0
end_of_record
TN:
SF:src/components/OptimizedImage.tsx
FN:29,(anonymous_0)
FN:47,(anonymous_1)
FN:54,(anonymous_2)
FN:55,(anonymous_3)
FN:71,(anonymous_4)
FN:76,(anonymous_5)
FN:81,(anonymous_6)
FN:157,(anonymous_7)
FNF:8
FNH:0
FNDA:0,(anonymous_0)
FNDA:0,(anonymous_1)
FNDA:0,(anonymous_2)
FNDA:0,(anonymous_3)
FNDA:0,(anonymous_4)
FNDA:0,(anonymous_5)
FNDA:0,(anonymous_6)
FNDA:0,(anonymous_7)
DA:29,0
DA:41,0
DA:42,0
DA:44,0
DA:45,0
DA:47,0
DA:48,0
DA:49,0
DA:53,0
DA:55,0
DA:56,0
DA:57,0
DA:58,0
DA:67,0
DA:68,0
DA:71,0
DA:72,0
DA:76,0
DA:77,0
DA:78,0
DA:81,0
DA:82,0
DA:83,0
DA:84,0
DA:87,0
DA:88,0
DA:110,0
DA:113,0
DA:114,0
DA:125,0
DA:157,0
DA:158,0
LF:32
LH:0
BRDA:32,0,0,0
BRDA:33,1,0,0
BRDA:36,2,0,0
BRDA:39,3,0,0
BRDA:48,4,0,0
BRDA:48,4,1,0
BRDA:48,5,0,0
BRDA:48,5,1,0
BRDA:48,5,2,0
BRDA:56,6,0,0
BRDA:56,6,1,0
BRDA:67,7,0,0
BRDA:67,7,1,0
BRDA:87,8,0,0
BRDA:87,8,1,0
BRDA:113,9,0,0
BRDA:113,9,1,0
BRDA:113,10,0,0
BRDA:113,10,1,0
BRDA:127,11,0,0
BRDA:127,11,1,0
BRDA:140,12,0,0
BRDA:140,12,1,0
BRDA:145,13,0,0
BRDA:145,13,1,0
BRDA:157,14,0,0
BRDA:157,15,0,0
BRF:27
BRH:0
end_of_record
TN:
SF:src/components/OptionSelectModal.tsx
FN:24,OptionSelectModal
FN:39,(anonymous_1)
FN:47,(anonymous_2)
FN:53,loadOptions
FN:74,(anonymous_4)
FN:78,(anonymous_5)
FN:81,(anonymous_6)
FN:94,(anonymous_7)
FN:130,(anonymous_8)
FN:136,(anonymous_9)
FN:144,(anonymous_10)
FNF:11
FNH:0
FNDA:0,OptionSelectModal
FNDA:0,(anonymous_1)
FNDA:0,(anonymous_2)
FNDA:0,loadOptions
FNDA:0,(anonymous_4)
FNDA:0,(anonymous_5)
FNDA:0,(anonymous_6)
FNDA:0,(anonymous_7)
FNDA:0,(anonymous_8)
FNDA:0,(anonymous_9)
FNDA:0,(anonymous_10)
DA:33,0
DA:34,0
DA:35,0
DA:36,0
DA:39,0
DA:40,0
DA:41,0
DA:43,0
DA:44,0
DA:47,0
DA:48,0
DA:49,0
DA:54,0
DA:55,0
DA:56,0
DA:57,0
DA:58,0
DA:59,0
DA:60,0
DA:61,0
DA:64,0
DA:67,0
DA:68,0
DA:70,0
DA:74,0
DA:75,0
DA:78,0
DA:79,0
DA:81,0
DA:82,0
DA:83,0
DA:84,0
DA:88,0
DA:90,0
DA:94,0
DA:131,0
DA:137,0
DA:138,0
DA:139,0
DA:141,0
DA:144,0
LF:41
LH:0
BRDA:40,0,0,0
BRDA:40,0,1,0
BRDA:48,1,0,0
BRDA:48,1,1,0
BRDA:48,2,0,0
BRDA:48,2,1,0
BRDA:58,3,0,0
BRDA:58,3,1,0
BRDA:59,4,0,0
BRDA:59,4,1,0
BRDA:60,5,0,0
BRDA:60,5,1,0
BRDA:79,6,0,0
BRDA:79,6,1,0
BRDA:82,7,0,0
BRDA:82,7,1,0
BRDA:88,8,0,0
BRDA:88,8,1,0
BRDA:119,9,0,0
BRDA:119,9,1,0
BRDA:123,10,0,0
BRDA:123,10,1,0
BRDA:144,11,0,0
BRDA:144,11,1,0
BRDA:150,12,0,0
BRDA:150,12,1,0
BRDA:152,13,0,0
BRDA:152,13,1,0
BRDA:158,14,0,0
BRDA:158,14,1,0
BRDA:166,15,0,0
BRDA:166,15,1,0
BRDA:166,15,2,0
BRDA:175,16,0,0
BRDA:175,16,1,0
BRDA:180,17,0,0
BRDA:180,17,1,0
BRDA:182,18,0,0
BRDA:182,18,1,0
BRDA:186,19,0,0
BRDA:186,19,1,0
BRDA:199,20,0,0
BRDA:199,20,1,0
BRDA:211,21,0,0
BRDA:211,21,1,0
BRDA:211,21,2,0
BRDA:218,22,0,0
BRDA:218,22,1,0
BRF:48
BRH:0
end_of_record
TN:
SF:src/components/ProductOptionForm.tsx
FN:19,ProductOptionForm
FN:31,(anonymous_1)
FN:53,(anonymous_2)
FN:54,(anonymous_3)
FN:57,(anonymous_4)
FN:84,(anonymous_5)
FN:97,(anonymous_6)
FN:110,(anonymous_7)
FN:123,(anonymous_8)
FN:136,(anonymous_9)
FN:145,(anonymous_10)
FN:172,(anonymous_11)
FN:188,(anonymous_12)
FN:204,(anonymous_13)
FN:220,(anonymous_14)
FNF:15
FNH:0
FNDA:0,ProductOptionForm
FNDA:0,(anonymous_1)
FNDA:0,(anonymous_2)
FNDA:0,(anonymous_3)
FNDA:0,(anonymous_4)
FNDA:0,(anonymous_5)
FNDA:0,(anonymous_6)
FNDA:0,(anonymous_7)
FNDA:0,(anonymous_8)
FNDA:0,(anonymous_9)
FNDA:0,(anonymous_10)
FNDA:0,(anonymous_11)
FNDA:0,(anonymous_12)
FNDA:0,(anonymous_13)
FNDA:0,(anonymous_14)
DA:24,0
DA:31,0
DA:32,0
DA:33,0
DA:34,0
DA:37,0
DA:38,0
DA:39,0
DA:42,0
DA:45,0
DA:53,0
DA:54,0
DA:57,0
DA:58,0
DA:59,0
DA:60,0
DA:63,0
DA:85,0
DA:97,0
DA:110,0
DA:123,0
DA:136,0
DA:145,0
DA:172,0
DA:188,0
DA:204,0
DA:220,0
LF:27
LH:0
BRDA:22,0,0,0
BRDA:32,1,0,0
BRDA:32,1,1,0
BRDA:32,2,0,0
BRDA:32,2,1,0
BRDA:37,3,0,0
BRDA:37,3,1,0
BRDA:78,4,0,0
BRDA:78,4,1,0
BRDA:232,5,0,0
BRDA:232,5,1,0
BRDA:232,5,2,0
BRF:12
BRH:0
end_of_record
TN:
SF:src/components/Toast.tsx
FN:11,Toast
FN:12,(anonymous_1)
FN:13,(anonymous_2)
FN:17,(anonymous_3)
FNF:4
FNH:0
FNDA:0,Toast
FNDA:0,(anonymous_1)
FNDA:0,(anonymous_2)
FNDA:0,(anonymous_3)
DA:12,0
DA:13,0
DA:14,0
DA:17,0
DA:20,0
DA:26,0
DA:32,0
LF:7
LH:0
BRDA:11,0,0,0
BRDA:11,1,0,0
BRF:2
BRH:0
end_of_record
TN:
SF:src/components/UpdateNotification.tsx
FN:12,UpdateNotification
FNF:1
FNH:0
FNDA:0,UpdateNotification
DA:13,0
DA:16,0
DA:18,0
LF:3
LH:0
BRDA:16,0,0,0
BRDA:16,0,1,0
BRDA:16,1,0,0
BRDA:16,1,1,0
BRF:4
BRH:0
end_of_record
TN:
SF:src/components/WishlistButton.tsx
FN:23,(anonymous_0)
FN:43,(anonymous_1)
FN:50,(anonymous_2)
FN:63,(anonymous_3)
FN:124,(anonymous_4)
FN:139,(anonymous_5)
FN:141,(anonymous_6)
FNF:7
FNH:0
FNDA:0,(anonymous_0)
FNDA:0,(anonymous_1)
FNDA:0,(anonymous_2)
FNDA:0,(anonymous_3)
FNDA:0,(anonymous_4)
FNDA:0,(anonymous_5)
FNDA:0,(anonymous_6)
DA:23,0
DA:31,0
DA:32,0
DA:33,0
DA:36,0
DA:43,0
DA:44,0
DA:45,0
DA:50,0
DA:51,0
DA:52,0
DA:53,0
DA:54,0
DA:55,0
DA:58,0
DA:63,0
DA:64,0
DA:65,0
DA:68,0
DA:69,0
DA:71,0
DA:72,0
DA:73,0
DA:76,0
DA:78,0
DA:80,0
DA:81,0
DA:83,0
DA:84,0
DA:85,0
DA:88,0
DA:91,0
DA:96,0
DA:97,0
DA:98,0
DA:101,0
DA:106,0
DA:107,0
DA:110,0
DA:113,0
DA:114,0
DA:116,0
DA:119,0
DA:124,0
DA:126,0
DA:127,0
DA:128,0
DA:132,0
DA:133,0
DA:134,0
DA:135,0
DA:136,0
DA:139,0
DA:140,0
DA:141,0
DA:145,0
LF:56
LH:0
BRDA:26,0,0,0
BRDA:27,1,0,0
BRDA:28,2,0,0
BRDA:44,3,0,0
BRDA:44,3,1,0
BRDA:44,4,0,0
BRDA:44,4,1,0
BRDA:53,5,0,0
BRDA:53,5,1,0
BRDA:68,6,0,0
BRDA:68,6,1,0
BRDA:76,7,0,0
BRDA:76,7,1,0
BRDA:81,8,0,0
BRDA:81,8,1,0
BRDA:96,9,0,0
BRDA:96,9,1,0
BRDA:106,10,0,0
BRDA:106,10,1,0
BRDA:113,11,0,0
BRDA:113,11,1,0
BRDA:127,12,0,0
BRDA:127,12,1,0
BRDA:152,13,0,0
BRDA:152,13,1,0
BRDA:155,14,0,0
BRDA:155,14,1,0
BRDA:157,15,0,0
BRDA:157,15,1,0
BRDA:186,16,0,0
BRDA:186,16,1,0
BRF:31
BRH:0
end_of_record
TN:
SF:src/components/auth/RouteGuards.tsx
FN:28,ProtectedRoute
FN:34,(anonymous_1)
FN:35,(anonymous_2)
FN:36,(anonymous_3)
FN:103,PublicRoute
FN:108,(anonymous_5)
FN:109,(anonymous_6)
FNF:7
FNH:0
FNDA:0,ProtectedRoute
FNDA:0,(anonymous_1)
FNDA:0,(anonymous_2)
FNDA:0,(anonymous_3)
FNDA:0,PublicRoute
FNDA:0,(anonymous_5)
FNDA:0,(anonymous_6)
DA:16,0
DA:33,0
DA:34,0
DA:35,0
DA:36,0
DA:37,0
DA:38,0
DA:41,0
DA:43,0
DA:44,0
DA:56,0
DA:57,0
DA:58,0
DA:59,0
DA:61,0
DA:64,0
DA:72,0
DA:73,0
DA:74,0
DA:78,0
DA:79,0
DA:80,0
DA:84,0
DA:85,0
DA:86,0
DA:90,0
DA:91,0
DA:107,0
DA:108,0
DA:109,0
DA:110,0
DA:112,0
DA:113,0
DA:122,0
DA:123,0
DA:124,0
DA:132,0
DA:134,0
DA:136,0
DA:137,0
DA:141,0
DA:142,0
LF:42
LH:0
BRDA:30,0,0,0
BRDA:31,1,0,0
BRDA:33,2,0,0
BRDA:33,2,1,0
BRDA:43,3,0,0
BRDA:43,3,1,0
BRDA:56,4,0,0
BRDA:56,4,1,0
BRDA:56,5,0,0
BRDA:56,5,1,0
BRDA:56,5,2,0
BRDA:57,6,0,0
BRDA:57,6,1,0
BRDA:58,7,0,0
BRDA:58,7,1,0
BRDA:58,8,0,0
BRDA:58,8,1,0
BRDA:72,9,0,0
BRDA:72,9,1,0
BRDA:73,10,0,0
BRDA:73,10,1,0
BRDA:78,11,0,0
BRDA:78,11,1,0
BRDA:78,12,0,0
BRDA:78,12,1,0
BRDA:79,13,0,0
BRDA:79,13,1,0
BRDA:84,14,0,0
BRDA:84,14,1,0
BRDA:84,15,0,0
BRDA:84,15,1,0
BRDA:84,15,2,0
BRDA:85,16,0,0
BRDA:85,16,1,0
BRDA:90,17,0,0
BRDA:90,17,1,0
BRDA:105,18,0,0
BRDA:107,19,0,0
BRDA:107,19,1,0
BRDA:112,20,0,0
BRDA:112,20,1,0
BRDA:122,21,0,0
BRDA:122,21,1,0
BRDA:123,22,0,0
BRDA:123,22,1,0
BRDA:132,23,0,0
BRDA:132,23,1,0
BRDA:134,24,0,0
BRDA:134,24,1,0
BRDA:136,25,0,0
BRDA:136,25,1,0
BRDA:141,26,0,0
BRDA:141,26,1,0
BRF:53
BRH:0
end_of_record
TN:
SF:src/components/browse/BrowseProductCard.tsx
FN:26,BrowseProductCard
FN:32,(anonymous_1)
FN:33,(anonymous_2)
FN:49,(anonymous_3)
FN:53,(anonymous_4)
FN:87,(anonymous_5)
FNF:6
FNH:5
FNDA:62,BrowseProductCard
FNDA:54,(anonymous_1)
FNDA:54,(anonymous_2)
FNDA:0,(anonymous_3)
FNDA:4,(anonymous_4)
FNDA:62,(anonymous_5)
DA:27,62
DA:28,62
DA:29,62
DA:32,62
DA:33,54
DA:34,54
DA:35,54
DA:36,54
DA:38,4
DA:39,4
DA:40,4
DA:43,0
DA:46,54
DA:49,62
DA:50,0
DA:53,62
DA:54,4
DA:56,4
DA:57,4
DA:58,1
DA:59,1
DA:60,1
DA:63,3
DA:64,3
DA:66,3
DA:67,3
DA:69,1
DA:70,1
DA:73,2
DA:77,2
DA:80,0
DA:81,0
DA:83,3
DA:87,62
DA:88,62
DA:89,60
DA:90,59
DA:93,62
DA:94,62
DA:96,62
LF:40
LH:36
BRDA:36,0,0,50
BRDA:36,0,1,4
BRDA:39,1,0,4
BRDA:39,1,1,0
BRDA:57,2,0,1
BRDA:57,2,1,3
BRDA:63,3,0,0
BRDA:63,3,1,3
BRDA:67,4,0,1
BRDA:67,4,1,2
BRDA:88,5,0,2
BRDA:88,5,1,60
BRDA:89,6,0,1
BRDA:89,6,1,59
BRDA:94,7,0,62
BRDA:94,7,1,55
BRDA:94,8,0,2
BRDA:94,8,1,53
BRDA:99,9,0,61
BRDA:99,9,1,1
BRDA:110,10,0,62
BRDA:110,10,1,3
BRDA:115,11,0,62
BRDA:115,11,1,9
BRDA:122,12,0,4
BRDA:122,12,1,58
BRDA:126,13,0,4
BRDA:126,13,1,58
BRDA:133,14,0,62
BRDA:133,14,1,34
BRDA:142,15,0,62
BRDA:142,15,1,2
BRDA:142,15,2,2
BRF:33
BRH:31
end_of_record
TN:
SF:src/components/browse/CategoryHeader.tsx
FN:17,CategoryHeader
FNF:1
FNH:1
FNDA:14,CategoryHeader
DA:6,1
DA:18,14
LF:2
LH:2
BRDA:21,0,0,14
BRDA:21,0,1,1
BRF:2
BRH:2
end_of_record
TN:
SF:src/components/browse/ProductGrid.tsx
FN:25,ProductGrid
FN:30,(anonymous_1)
FN:54,(anonymous_2)
FNF:3
FNH:3
FNDA:13,ProductGrid
FNDA:18,(anonymous_1)
FNDA:33,(anonymous_2)
DA:27,13
DA:28,3
DA:31,18
DA:42,10
DA:43,2
DA:52,8
DA:55,33
LF:7
LH:7
BRDA:27,0,0,3
BRDA:27,0,1,10
BRDA:42,1,0,2
BRDA:42,1,1,8
BRF:4
BRH:4
end_of_record
TN:
SF:src/components/cart/CartHeader.tsx
FN:14,CartHeader2
FN:29,(anonymous_1)
FNF:2
FNH:0
FNDA:0,CartHeader2
FNDA:0,(anonymous_1)
DA:14,0
DA:21,0
DA:23,0
DA:29,0
LF:4
LH:0
BRDA:36,0,0,0
BRDA:36,0,1,0
BRDA:44,1,0,0
BRDA:44,1,1,0
BRDA:56,2,0,0
BRDA:56,2,1,0
BRF:6
BRH:0
end_of_record
TN:
SF:src/components/cart/CartItem.tsx
FN:26,CartItemComponent2
FN:35,(anonymous_1)
FN:44,(anonymous_2)
FN:66,(anonymous_3)
FN:78,(anonymous_4)
FN:88,(anonymous_5)
FN:104,(anonymous_6)
FN:112,(anonymous_7)
FNF:8
FNH:0
FNDA:0,CartItemComponent2
FNDA:0,(anonymous_1)
FNDA:0,(anonymous_2)
FNDA:0,(anonymous_3)
FNDA:0,(anonymous_4)
FNDA:0,(anonymous_5)
FNDA:0,(anonymous_6)
FNDA:0,(anonymous_7)
DA:26,0
DA:35,0
DA:36,0
DA:39,0
DA:44,0
DA:66,0
DA:78,0
DA:88,0
DA:104,0
DA:114,0
LF:10
LH:0
BRDA:33,0,0,0
BRDA:50,1,0,0
BRDA:50,1,1,0
BRDA:62,2,0,0
BRDA:62,2,1,0
BRDA:79,3,0,0
BRDA:79,3,1,0
BRDA:115,4,0,0
BRDA:115,4,1,0
BRDA:115,4,2,0
BRDA:115,4,3,0
BRDA:115,4,4,0
BRF:12
BRH:0
end_of_record
TN:
SF:src/components/cart/CartSummary.tsx
FN:10,CartSummary2
FN:16,(anonymous_1)
FNF:2
FNH:0
FNDA:0,CartSummary2
FNDA:0,(anonymous_1)
DA:10,0
DA:16,0
DA:17,0
DA:20,0
LF:4
LH:0
BRDA:32,0,0,0
BRDA:32,0,1,0
BRDA:36,1,0,0
BRDA:36,1,1,0
BRDA:36,1,2,0
BRF:5
BRH:0
end_of_record
TN:
SF:src/components/cart/EmptyCart.tsx
FN:5,EmptyCart2
FN:23,(anonymous_1)
FNF:2
FNH:0
FNDA:0,EmptyCart2
FNDA:0,(anonymous_1)
DA:5,0
DA:6,0
DA:8,0
DA:23,0
LF:4
LH:0
BRF:0
BRH:0
end_of_record
TN:
SF:src/components/home/BannerSection.tsx
FN:15,BannerSection
FN:26,(anonymous_1)
FNF:2
FNH:2
FNDA:9,BannerSection
FNDA:1,(anonymous_1)
DA:16,9
DA:18,8
DA:20,8
DA:27,1
DA:28,1
DA:29,1
DA:30,1
LF:7
LH:7
BRDA:16,0,0,1
BRDA:16,0,1,8
BRDA:25,1,0,8
BRDA:25,1,1,0
BRDA:27,2,0,1
BRDA:27,2,1,0
BRDA:43,3,0,9
BRDA:43,3,1,6
BRF:8
BRH:6
end_of_record
TN:
SF:src/components/home/CTASection.tsx
FN:5,CTASection
FNF:1
FNH:1
FNDA:8,CTASection
DA:6,8
LF:1
LH:1
BRF:0
BRH:0
end_of_record
TN:
SF:src/components/home/FeaturesSection.tsx
FN:20,(anonymous_0)
FN:31,(anonymous_1)
FN:43,FeaturesSection
FN:57,(anonymous_3)
FNF:4
FNH:4
FNDA:9,(anonymous_0)
FNDA:9,(anonymous_1)
FNDA:9,FeaturesSection
FNDA:27,(anonymous_3)
DA:11,1
DA:21,9
DA:32,9
DA:44,9
DA:58,27
LF:5
LH:5
BRF:0
BRH:0
end_of_record
TN:
SF:src/components/home/HeroSection.tsx
FN:9,HeroSection
FNF:1
FNH:1
FNDA:13,HeroSection
DA:10,13
LF:1
LH:1
BRF:0
BRH:0
end_of_record
TN:
SF:src/components/live/LiveChatPanel.tsx
FN:21,LiveChatPanel2
FN:35,(anonymous_1)
FN:41,(anonymous_2)
FN:50,(anonymous_3)
FN:103,(anonymous_4)
FN:140,(anonymous_5)
FNF:6
FNH:0
FNDA:0,LiveChatPanel2
FNDA:0,(anonymous_1)
FNDA:0,(anonymous_2)
FNDA:0,(anonymous_3)
FNDA:0,(anonymous_4)
FNDA:0,(anonymous_5)
DA:21,0
DA:30,0
DA:31,0
DA:32,0
DA:35,0
DA:36,0
DA:37,0
DA:41,0
DA:42,0
DA:43,0
DA:45,0
DA:46,0
DA:47,0
DA:50,0
DA:51,0
DA:52,0
DA:53,0
DA:57,0
DA:58,0
DA:73,0
DA:104,0
DA:140,0
LF:22
LH:0
BRDA:27,0,0,0
BRDA:28,1,0,0
BRDA:36,2,0,0
BRDA:36,2,1,0
BRDA:36,3,0,0
BRDA:36,3,1,0
BRDA:43,4,0,0
BRDA:43,4,1,0
BRDA:51,5,0,0
BRDA:51,5,1,0
BRDA:51,6,0,0
BRDA:51,6,1,0
BRDA:57,7,0,0
BRDA:57,7,1,0
BRDA:64,8,0,0
BRDA:64,8,1,0
BRDA:66,9,0,0
BRDA:66,9,1,0
BRDA:94,10,0,0
BRDA:94,10,1,0
BRDA:113,11,0,0
BRDA:113,11,1,0
BRF:22
BRH:0
end_of_record
TN:
SF:src/components/live/LiveProductCard.tsx
FN:23,LiveProductCard2
FN:29,(anonymous_1)
FN:114,(anonymous_2)
FNF:3
FNH:0
FNDA:0,LiveProductCard2
FNDA:0,(anonymous_1)
FNDA:0,(anonymous_2)
DA:23,0
DA:29,0
DA:30,0
DA:33,0
DA:37,0
DA:39,0
DA:114,0
LF:7
LH:0
BRDA:26,0,0,0
BRDA:27,1,0,0
BRDA:33,2,0,0
BRDA:33,2,1,0
BRDA:37,3,0,0
BRDA:37,3,1,0
BRDA:50,4,0,0
BRDA:50,4,1,0
BRDA:57,5,0,0
BRDA:57,5,1,0
BRDA:70,6,0,0
BRDA:70,6,1,0
BRDA:70,6,2,0
BRDA:75,7,0,0
BRDA:75,7,1,0
BRDA:81,8,0,0
BRDA:81,8,1,0
BRDA:91,9,0,0
BRDA:91,9,1,0
BRDA:91,9,2,0
BRDA:102,10,0,0
BRDA:102,10,1,0
BRDA:104,11,0,0
BRDA:104,11,1,0
BRDA:115,12,0,0
BRDA:115,12,1,0
BRDA:117,13,0,0
BRDA:117,13,1,0
BRDA:119,14,0,0
BRDA:119,14,1,0
BRDA:125,15,0,0
BRDA:125,15,1,0
BRDA:125,16,0,0
BRDA:125,16,1,0
BRF:34
BRH:0
end_of_record
TN:
SF:src/components/live/LiveProductList.tsx
FN:25,LiveProductList2
FN:63,(anonymous_1)
FN:69,(anonymous_2)
FNF:3
FNH:0
FNDA:0,LiveProductList2
FNDA:0,(anonymous_1)
FNDA:0,(anonymous_2)
DA:25,0
DA:33,0
DA:34,0
DA:56,0
DA:64,0
DA:69,0
LF:6
LH:0
BRDA:30,0,0,0
BRDA:31,1,0,0
BRDA:33,2,0,0
BRDA:33,2,1,0
BRDA:67,3,0,0
BRDA:67,3,1,0
BRDA:72,4,0,0
BRDA:72,4,1,0
BRDA:82,5,0,0
BRDA:82,5,1,0
BRF:10
BRH:0
end_of_record
TN:
SF:src/components/live/LiveStreamInfo.tsx
FN:13,LiveStreamInfo2
FN:21,(anonymous_1)
FNF:2
FNH:0
FNDA:0,LiveStreamInfo2
FNDA:0,(anonymous_1)
DA:13,0
DA:21,0
DA:22,0
DA:23,0
DA:25,0
DA:26,0
DA:28,0
DA:31,0
LF:8
LH:0
BRDA:19,0,0,0
BRDA:22,1,0,0
BRDA:22,1,1,0
BRDA:25,2,0,0
BRDA:25,2,1,0
BRDA:42,3,0,0
BRDA:42,3,1,0
BRDA:67,4,0,0
BRDA:67,4,1,0
BRF:9
BRH:0
end_of_record
TN:
SF:src/components/live/LiveStreamPlayer.tsx
FN:10,LiveStreamPlayer2
FN:18,(anonymous_1)
FN:30,(anonymous_2)
FNF:3
FNH:0
FNDA:0,LiveStreamPlayer2
FNDA:0,(anonymous_1)
FNDA:0,(anonymous_2)
DA:10,0
DA:16,0
DA:18,0
DA:19,0
DA:22,0
DA:23,0
DA:24,0
DA:25,0
DA:26,0
DA:30,0
DA:31,0
DA:32,0
DA:48,0
DA:49,0
DA:51,0
DA:55,0
DA:56,0
DA:66,0
LF:18
LH:0
BRDA:12,0,0,0
BRDA:14,1,0,0
BRDA:19,2,0,0
BRDA:19,2,1,0
BRDA:22,3,0,0
BRDA:22,3,1,0
BRDA:31,4,0,0
BRDA:31,4,1,0
BRDA:31,5,0,0
BRDA:31,5,1,0
BRDA:48,6,0,0
BRDA:48,6,1,0
BRDA:48,7,0,0
BRDA:48,7,1,0
BRDA:55,8,0,0
BRDA:55,8,1,0
BRDA:74,9,0,0
BRDA:74,9,1,0
BRF:18
BRH:0
end_of_record
TN:
SF:src/components/main/BottomNav.tsx
FN:13,BottomNav
FN:18,(anonymous_1)
FN:33,(anonymous_2)
FN:38,(anonymous_3)
FNF:4
FNH:0
FNDA:0,BottomNav
FNDA:0,(anonymous_1)
FNDA:0,(anonymous_2)
FNDA:0,(anonymous_3)
DA:5,0
DA:14,0
DA:15,0
DA:16,0
DA:18,0
DA:19,0
DA:20,0
DA:23,0
DA:34,0
DA:35,0
DA:38,0
LF:11
LH:0
BRDA:34,0,0,0
BRDA:34,0,1,0
BRDA:34,0,2,0
BRDA:44,1,0,0
BRDA:44,1,1,0
BRDA:48,2,0,0
BRDA:48,2,1,0
BRDA:52,3,0,0
BRDA:52,3,1,0
BRF:9
BRH:0
end_of_record
TN:
SF:src/components/main/HeroBanner.tsx
FN:4,HeroBanner
FN:12,(anonymous_1)
FN:19,(anonymous_2)
FNF:3
FNH:0
FNDA:0,HeroBanner
FNDA:0,(anonymous_1)
FNDA:0,(anonymous_2)
DA:5,0
DA:7,0
DA:12,0
DA:21,0
DA:22,0
DA:23,0
DA:24,0
DA:25,0
DA:26,0
DA:27,0
LF:10
LH:0
BRDA:24,0,0,0
BRDA:24,0,1,0
BRF:2
BRH:0
end_of_record
TN:
SF:src/components/main/LiveNow.tsx
FN:21,LiveNow
FN:27,(anonymous_1)
FN:31,(anonymous_2)
FN:117,(anonymous_3)
FN:127,(anonymous_4)
FN:134,(anonymous_5)
FN:145,(anonymous_6)
FN:184,(anonymous_7)
FN:191,(anonymous_8)
FN:205,(anonymous_9)
FN:208,(anonymous_10)
FNF:11
FNH:0
FNDA:0,LiveNow
FNDA:0,(anonymous_1)
FNDA:0,(anonymous_2)
FNDA:0,(anonymous_3)
FNDA:0,(anonymous_4)
FNDA:0,(anonymous_5)
FNDA:0,(anonymous_6)
FNDA:0,(anonymous_7)
FNDA:0,(anonymous_8)
FNDA:0,(anonymous_9)
FNDA:0,(anonymous_10)
DA:22,0
DA:23,0
DA:24,0
DA:25,0
DA:27,0
DA:28,0
DA:31,0
DA:32,0
DA:33,0
DA:34,0
DA:35,0
DA:38,0
DA:75,0
DA:77,0
DA:113,0
DA:117,0
DA:118,0
DA:119,0
DA:120,0
DA:127,0
DA:128,0
DA:129,0
DA:131,0
DA:134,0
DA:135,0
DA:138,0
DA:139,0
DA:146,0
DA:155,0
DA:156,0
DA:168,0
DA:184,0
DA:191,0
DA:206,0
DA:208,0
LF:35
LH:0
BRDA:34,0,0,0
BRDA:34,0,1,0
BRDA:34,1,0,0
BRDA:34,1,1,0
BRDA:118,2,0,0
BRDA:118,2,1,0
BRDA:121,3,0,0
BRDA:121,3,1,0
BRDA:127,4,0,0
BRDA:128,5,0,0
BRDA:128,5,1,0
BRDA:138,6,0,0
BRDA:138,6,1,0
BRDA:155,7,0,0
BRDA:155,7,1,0
BRDA:212,8,0,0
BRDA:212,8,1,0
BRDA:212,9,0,0
BRDA:212,9,1,0
BRDA:214,10,0,0
BRDA:214,10,1,0
BRDA:247,11,0,0
BRDA:247,11,1,0
BRDA:249,12,0,0
BRDA:249,12,1,0
BRF:25
BRH:0
end_of_record
TN:
SF:src/components/main/ProductGrid.tsx
FN:18,ProductCard
FN:24,(anonymous_1)
FN:25,(anonymous_2)
FN:41,(anonymous_3)
FN:45,(anonymous_4)
FN:79,(anonymous_5)
FN:145,ProductGrid
FN:149,(anonymous_7)
FN:153,(anonymous_8)
FN:222,(anonymous_9)
FN:248,(anonymous_10)
FNF:11
FNH:0
FNDA:0,ProductCard
FNDA:0,(anonymous_1)
FNDA:0,(anonymous_2)
FNDA:0,(anonymous_3)
FNDA:0,(anonymous_4)
FNDA:0,(anonymous_5)
FNDA:0,ProductGrid
FNDA:0,(anonymous_7)
FNDA:0,(anonymous_8)
FNDA:0,(anonymous_9)
FNDA:0,(anonymous_10)
DA:19,0
DA:20,0
DA:21,0
DA:24,0
DA:25,0
DA:26,0
DA:27,0
DA:28,0
DA:30,0
DA:31,0
DA:32,0
DA:35,0
DA:38,0
DA:41,0
DA:42,0
DA:45,0
DA:46,0
DA:48,0
DA:49,0
DA:50,0
DA:51,0
DA:52,0
DA:55,0
DA:56,0
DA:58,0
DA:59,0
DA:61,0
DA:62,0
DA:65,0
DA:69,0
DA:72,0
DA:73,0
DA:75,0
DA:79,0
DA:80,0
DA:81,0
DA:82,0
DA:85,0
DA:86,0
DA:88,0
DA:146,0
DA:147,0
DA:149,0
DA:150,0
DA:153,0
DA:154,0
DA:156,0
DA:157,0
DA:158,0
DA:159,0
DA:160,0
DA:162,0
DA:163,0
DA:166,0
DA:168,0
DA:213,0
DA:217,0
DA:218,0
DA:223,0
DA:234,0
DA:249,0
LF:61
LH:0
BRDA:28,0,0,0
BRDA:28,0,1,0
BRDA:31,1,0,0
BRDA:31,1,1,0
BRDA:49,2,0,0
BRDA:49,2,1,0
BRDA:55,3,0,0
BRDA:55,3,1,0
BRDA:59,4,0,0
BRDA:59,4,1,0
BRDA:80,5,0,0
BRDA:80,5,1,0
BRDA:81,6,0,0
BRDA:81,6,1,0
BRDA:86,7,0,0
BRDA:86,7,1,0
BRDA:86,8,0,0
BRDA:86,8,1,0
BRDA:91,9,0,0
BRDA:91,9,1,0
BRDA:102,10,0,0
BRDA:102,10,1,0
BRDA:107,11,0,0
BRDA:107,11,1,0
BRDA:114,12,0,0
BRDA:114,12,1,0
BRDA:118,13,0,0
BRDA:118,13,1,0
BRDA:125,14,0,0
BRDA:125,14,1,0
BRDA:134,15,0,0
BRDA:134,15,1,0
BRDA:134,15,2,0
BRDA:158,16,0,0
BRDA:158,16,1,0
BRDA:158,17,0,0
BRDA:158,17,1,0
BRDA:217,18,0,0
BRDA:217,18,1,0
BRF:39
BRH:0
end_of_record
TN:
SF:src/components/main/QuickAccess.tsx
FN:13,QuickAccess
FN:16,(anonymous_1)
FN:23,(anonymous_2)
FN:26,(anonymous_3)
FNF:4
FNH:0
FNDA:0,QuickAccess
FNDA:0,(anonymous_1)
FNDA:0,(anonymous_2)
FNDA:0,(anonymous_3)
DA:5,0
DA:14,0
DA:16,0
DA:17,0
DA:20,0
DA:24,0
DA:26,0
LF:7
LH:0
BRF:0
BRH:0
end_of_record
TN:
SF:src/components/main/SiteFooter.tsx
FN:3,SiteFooter
FNF:1
FNH:0
FNDA:0,SiteFooter
DA:4,0
LF:1
LH:0
BRF:0
BRH:0
end_of_record
TN:
SF:src/components/main/TopNav.tsx
FN:9,TopNav
FN:12,(anonymous_1)
FN:16,(anonymous_2)
FN:25,(anonymous_3)
FN:29,(anonymous_4)
FN:46,(anonymous_5)
FN:91,(anonymous_6)
FN:95,(anonymous_7)
FN:109,(anonymous_8)
FN:112,(anonymous_9)
FNF:10
FNH:0
FNDA:0,TopNav
FNDA:0,(anonymous_1)
FNDA:0,(anonymous_2)
FNDA:0,(anonymous_3)
FNDA:0,(anonymous_4)
FNDA:0,(anonymous_5)
FNDA:0,(anonymous_6)
FNDA:0,(anonymous_7)
FNDA:0,(anonymous_8)
FNDA:0,(anonymous_9)
DA:10,0
DA:11,0
DA:12,0
DA:13,0
DA:14,0
DA:16,0
DA:17,0
DA:18,0
DA:21,0
DA:25,0
DA:26,0
DA:29,0
DA:30,0
DA:32,0
DA:34,0
DA:36,0
DA:40,0
DA:46,0
DA:91,0
DA:95,0
DA:110,0
DA:113,0
DA:114,0
LF:23
LH:0
BRDA:11,0,0,0
BRDA:11,0,1,0
BRDA:17,1,0,0
BRDA:17,1,1,0
BRDA:30,2,0,0
BRDA:30,2,1,0
BRDA:87,3,0,0
BRDA:87,3,1,0
BRF:8
BRH:0
end_of_record
TN:
SF:src/components/my-page/footer.tsx
FN:1,Footer
FNF:1
FNH:0
FNDA:0,Footer
DA:2,0
LF:1
LH:0
BRF:0
BRH:0
end_of_record
TN:
SF:src/components/my-page/logout-button.tsx
FN:3,LogoutButton
FNF:1
FNH:0
FNDA:0,LogoutButton
DA:4,0
LF:1
LH:0
BRF:0
BRH:0
end_of_record
TN:
SF:src/components/my-page/menu-list.tsx
FN:44,MenuList
FN:50,(anonymous_1)
FN:53,(anonymous_2)
FNF:3
FNH:0
FNDA:0,MenuList
FNDA:0,(anonymous_1)
FNDA:0,(anonymous_2)
DA:11,0
DA:45,0
DA:47,0
DA:51,0
DA:53,0
LF:5
LH:0
BRDA:55,0,0,0
BRDA:55,0,1,0
BRDA:67,1,0,0
BRDA:67,1,1,0
BRF:4
BRH:0
end_of_record
TN:
SF:src/components/my-page/user-info.tsx
FN:5,UserInfo
FNF:1
FNH:0
FNDA:0,UserInfo
DA:6,0
LF:1
LH:0
BRDA:5,0,0,0
BRF:1
BRH:0
end_of_record
TN:
SF:src/components/mypage/CartTab.tsx
FN:21,CartTab
FN:22,(anonymous_1)
FN:49,(anonymous_2)
FN:67,(anonymous_3)
FN:77,(anonymous_4)
FN:84,(anonymous_5)
FNF:6
FNH:5
FNDA:17,CartTab
FNDA:25,(anonymous_1)
FNDA:25,(anonymous_2)
FNDA:1,(anonymous_3)
FNDA:1,(anonymous_4)
FNDA:0,(anonymous_5)
DA:22,25
DA:24,17
DA:25,4
DA:45,13
DA:50,25
DA:67,1
DA:77,1
DA:84,0
LF:8
LH:7
BRDA:24,0,0,4
BRDA:24,0,1,13
BRDA:55,1,0,25
BRDA:55,1,1,10
BRF:4
BRH:4
end_of_record
TN:
SF:src/components/mypage/OrdersTab.tsx
FN:39,(anonymous_0)
FN:62,(anonymous_1)
FN:77,(anonymous_2)
FN:92,(anonymous_3)
FN:108,OrdersTab
FN:111,(anonymous_5)
FN:119,(anonymous_6)
FN:120,(anonymous_7)
FN:121,(anonymous_8)
FN:122,(anonymous_9)
FN:123,(anonymous_10)
FN:124,(anonymous_11)
FN:145,(anonymous_12)
FN:167,(anonymous_13)
FN:243,(anonymous_14)
FN:250,(anonymous_15)
FNF:16
FNH:11
FNDA:108,(anonymous_0)
FNDA:32,(anonymous_1)
FNDA:32,(anonymous_2)
FNDA:32,(anonymous_3)
FNDA:18,OrdersTab
FNDA:33,(anonymous_5)
FNDA:0,(anonymous_6)
FNDA:0,(anonymous_7)
FNDA:0,(anonymous_8)
FNDA:1,(anonymous_9)
FNDA:0,(anonymous_10)
FNDA:0,(anonymous_11)
FNDA:32,(anonymous_12)
FNDA:48,(anonymous_13)
FNDA:1,(anonymous_14)
FNDA:1,(anonymous_15)
DA:39,1
DA:50,108
DA:62,1
DA:63,32
DA:65,1
DA:67,15
DA:69,1
DA:71,0
DA:73,15
DA:77,1
DA:78,32
DA:80,1
DA:82,15
DA:84,1
DA:86,0
DA:88,15
DA:92,1
DA:93,32
DA:95,32
DA:105,32
DA:109,18
DA:111,18
DA:112,33
DA:115,18
DA:119,0
DA:120,0
DA:121,0
DA:122,1
DA:123,0
DA:124,0
DA:146,32
DA:168,48
DA:243,1
DA:250,1
LF:34
LH:27
BRDA:53,0,0,18
BRDA:53,0,1,90
BRDA:63,1,0,1
BRDA:63,1,1,15
BRDA:63,1,2,1
BRDA:63,1,3,0
BRDA:63,1,4,15
BRDA:78,2,0,1
BRDA:78,2,1,15
BRDA:78,2,2,1
BRDA:78,2,3,0
BRDA:78,2,4,15
BRDA:93,3,0,0
BRDA:93,3,1,32
BRDA:93,4,0,32
BRDA:93,4,1,32
BRDA:105,5,0,32
BRDA:105,5,1,0
BRDA:112,6,0,33
BRDA:112,6,1,2
BRDA:128,7,0,1
BRDA:128,7,1,17
BRDA:173,8,0,48
BRDA:173,8,1,15
BRDA:184,9,0,32
BRDA:184,9,1,32
BRDA:184,9,2,1
BRDA:202,10,0,32
BRDA:202,10,1,16
BRDA:207,11,0,32
BRDA:207,11,1,16
BRDA:207,11,2,16
BRDA:219,12,0,16
BRDA:219,12,1,16
BRDA:241,13,0,32
BRDA:241,13,1,15
BRF:36
BRH:32
end_of_record
TN:
SF:src/components/mypage/ProfileTab.tsx
FN:11,(anonymous_0)
FN:34,ProfileTab
FN:46,(anonymous_2)
FN:66,(anonymous_3)
FN:71,(anonymous_4)
FN:76,(anonymous_5)
FNF:6
FNH:3
FNDA:66,(anonymous_0)
FNDA:22,ProfileTab
FNDA:1,(anonymous_2)
FNDA:0,(anonymous_3)
FNDA:0,(anonymous_4)
FNDA:0,(anonymous_5)
DA:11,1
DA:20,66
DA:35,22
DA:37,22
DA:47,1
DA:66,0
DA:71,0
DA:76,0
LF:8
LH:5
BRDA:43,0,0,22
BRDA:43,0,1,20
BRDA:54,1,0,22
BRDA:54,1,1,21
BRF:4
BRH:4
end_of_record
TN:
SF:src/components/payments/StripeCheckout.tsx
FN:33,getStripePromise
FN:41,CheckoutForm
FN:55,(anonymous_2)
FN:124,StripeCheckout
FN:130,(anonymous_4)
FN:131,createPaymentIntent
FNF:6
FNH:0
FNDA:0,getStripePromise
FNDA:0,CheckoutForm
FNDA:0,(anonymous_2)
FNDA:0,StripeCheckout
FNDA:0,(anonymous_4)
FNDA:0,createPaymentIntent
DA:28,0
DA:31,0
DA:34,0
DA:35,0
DA:37,0
DA:49,0
DA:50,0
DA:51,0
DA:52,0
DA:55,0
DA:56,0
DA:58,0
DA:59,0
DA:60,0
DA:63,0
DA:64,0
DA:67,0
DA:68,0
DA:69,0
DA:71,0
DA:79,0
DA:80,0
DA:81,0
DA:82,0
DA:83,0
DA:84,0
DA:85,0
DA:86,0
DA:89,0
DA:90,0
DA:91,0
DA:95,0
DA:125,0
DA:126,0
DA:127,0
DA:130,0
DA:132,0
DA:133,0
DA:135,0
DA:148,0
DA:149,0
DA:150,0
DA:152,0
DA:155,0
DA:156,0
DA:160,0
DA:161,0
DA:166,0
DA:167,0
DA:175,0
DA:185,0
LF:51
LH:0
BRDA:28,0,0,0
BRDA:28,0,1,0
BRDA:34,1,0,0
BRDA:34,1,1,0
BRDA:58,2,0,0
BRDA:58,2,1,0
BRDA:58,3,0,0
BRDA:58,3,1,0
BRDA:59,4,0,0
BRDA:59,4,1,0
BRDA:63,5,0,0
BRDA:63,5,1,0
BRDA:79,6,0,0
BRDA:79,6,1,0
BRDA:81,7,0,0
BRDA:81,7,1,0
BRDA:81,7,2,0
BRDA:83,8,0,0
BRDA:83,8,1,0
BRDA:83,9,0,0
BRDA:83,9,1,0
BRDA:91,10,0,0
BRDA:91,10,1,0
BRDA:91,10,2,0
BRDA:105,11,0,0
BRDA:105,11,1,0
BRDA:108,12,0,0
BRDA:108,12,1,0
BRDA:108,13,0,0
BRDA:108,13,1,0
BRDA:114,14,0,0
BRDA:114,14,1,0
BRDA:115,15,0,0
BRDA:115,15,1,0
BRDA:116,16,0,0
BRDA:116,16,1,0
BRDA:149,17,0,0
BRDA:149,17,1,0
BRDA:149,18,0,0
BRDA:149,18,1,0
BRDA:152,19,0,0
BRDA:152,19,1,0
BRDA:156,20,0,0
BRDA:156,20,1,0
BRDA:160,21,0,0
BRDA:160,21,1,0
BRDA:160,22,0,0
BRDA:160,22,1,0
BRDA:166,23,0,0
BRDA:166,23,1,0
BRDA:170,24,0,0
BRDA:170,24,1,0
BRF:52
BRH:0
end_of_record
TN:
SF:src/components/payments/TossPaymentWidget.tsx
FN:29,TossPaymentWidget
FN:46,(anonymous_1)
FN:51,fetchPaymentWidgets
FN:61,(anonymous_3)
FN:99,(anonymous_4)
FN:104,renderPaymentWidgets
FN:112,(anonymous_6)
FN:151,(anonymous_7)
FN:237,(anonymous_8)
FNF:9
FNH:0
FNDA:0,TossPaymentWidget
FNDA:0,(anonymous_1)
FNDA:0,fetchPaymentWidgets
FNDA:0,(anonymous_3)
FNDA:0,(anonymous_4)
FNDA:0,renderPaymentWidgets
FNDA:0,(anonymous_6)
FNDA:0,(anonymous_7)
FNDA:0,(anonymous_8)
DA:27,0
DA:37,0
DA:38,0
DA:39,0
DA:40,0
DA:41,0
DA:42,0
DA:43,0
DA:46,0
DA:47,0
DA:48,0
DA:52,0
DA:53,0
DA:56,0
DA:57,0
DA:59,0
DA:60,0
DA:61,0
DA:62,0
DA:65,0
DA:66,0
DA:69,0
DA:70,0
DA:71,0
DA:73,0
DA:74,0
DA:76,0
DA:79,0
DA:81,0
DA:82,0
DA:83,0
DA:84,0
DA:85,0
DA:86,0
DA:89,0
DA:90,0
DA:91,0
DA:95,0
DA:99,0
DA:100,0
DA:101,0
DA:105,0
DA:106,0
DA:108,0
DA:111,0
DA:112,0
DA:113,0
DA:114,0
DA:116,0
DA:117,0
DA:118,0
DA:121,0
DA:127,0
DA:129,0
DA:130,0
DA:131,0
DA:134,0
DA:135,0
DA:136,0
DA:137,0
DA:138,0
DA:142,0
DA:143,0
DA:147,0
DA:151,0
DA:152,0
DA:153,0
DA:154,0
DA:157,0
DA:158,0
DA:161,0
DA:162,0
DA:163,0
DA:165,0
DA:166,0
DA:170,0
DA:172,0
DA:183,0
DA:184,0
DA:185,0
DA:189,0
DA:237,0
LF:82
LH:0
BRDA:27,0,0,0
BRDA:27,0,1,0
BRDA:47,1,0,0
BRDA:47,1,1,0
BRDA:47,2,0,0
BRDA:47,2,1,0
BRDA:47,2,2,0
BRDA:59,3,0,0
BRDA:59,3,1,0
BRDA:65,4,0,0
BRDA:65,4,1,0
BRDA:79,5,0,0
BRDA:79,5,1,0
BRDA:81,6,0,0
BRDA:81,6,1,0
BRDA:81,7,0,0
BRDA:81,7,1,0
BRDA:83,8,0,0
BRDA:83,8,1,0
BRDA:83,9,0,0
BRDA:83,9,1,0
BRDA:85,10,0,0
BRDA:85,10,1,0
BRDA:100,11,0,0
BRDA:100,11,1,0
BRDA:100,12,0,0
BRDA:100,12,1,0
BRDA:116,13,0,0
BRDA:116,13,1,0
BRDA:116,14,0,0
BRDA:116,14,1,0
BRDA:135,15,0,0
BRDA:135,15,1,0
BRDA:138,16,0,0
BRDA:138,16,1,0
BRDA:143,17,0,0
BRDA:143,17,1,0
BRDA:152,18,0,0
BRDA:152,18,1,0
BRDA:153,19,0,0
BRDA:153,19,1,0
BRDA:157,20,0,0
BRDA:157,20,1,0
BRDA:166,21,0,0
BRDA:166,21,1,0
BRDA:185,22,0,0
BRDA:185,22,1,0
BRDA:185,22,2,0
BRDA:200,23,0,0
BRDA:200,23,1,0
BRDA:203,24,0,0
BRDA:203,24,1,0
BRDA:203,25,0,0
BRDA:203,25,1,0
BRDA:209,26,0,0
BRDA:209,26,1,0
BRDA:215,27,0,0
BRDA:215,27,1,0
BRDA:216,28,0,0
BRDA:216,28,1,0
BRDA:216,28,2,0
BRDA:217,29,0,0
BRDA:217,29,1,0
BRDA:217,29,2,0
BRDA:226,30,0,0
BRDA:226,30,1,0
BRDA:226,30,2,0
BRF:67
BRH:0
end_of_record
TN:
SF:src/components/product/ProductInfoGrid.tsx
FN:10,ProductInfoGrid
FN:13,(anonymous_1)
FNF:2
FNH:2
FNDA:14,ProductInfoGrid
FNDA:47,(anonymous_1)
DA:11,14
DA:14,47
LF:2
LH:2
BRF:0
BRH:0
end_of_record
TN:
SF:src/components/product/ProductNoticeSection.tsx
FN:21,ProductNoticeSection
FN:24,(anonymous_1)
FNF:2
FNH:2
FNDA:16,ProductNoticeSection
FNDA:48,(anonymous_1)
DA:6,1
DA:22,16
DA:25,48
LF:3
LH:3
BRF:0
BRH:0
end_of_record
TN:
SF:src/components/product/ReturnPolicySection.tsx
FN:1,ReturnPolicySection
FNF:1
FNH:1
FNDA:29,ReturnPolicySection
DA:2,29
LF:1
LH:1
BRF:0
BRH:0
end_of_record
TN:
SF:src/components/product/floating-action-bar.tsx
FN:9,FloatingActionBar
FNF:1
FNH:0
FNDA:0,FloatingActionBar
DA:10,0
LF:1
LH:0
BRDA:9,0,0,0
BRF:1
BRH:0
end_of_record
TN:
SF:src/components/product/market-price-chart.tsx
FN:31,CustomTooltip
FN:51,MarketPriceChart
FN:60,(anonymous_2)
FN:63,(anonymous_3)
FN:98,(anonymous_4)
FNF:5
FNH:0
FNDA:0,CustomTooltip
FNDA:0,MarketPriceChart
FNDA:0,(anonymous_2)
FNDA:0,(anonymous_3)
FNDA:0,(anonymous_4)
DA:4,0
DA:14,0
DA:29,0
DA:39,0
DA:40,0
DA:48,0
DA:52,0
DA:54,0
DA:61,0
DA:63,0
DA:98,0
LF:11
LH:0
BRDA:39,0,0,0
BRDA:39,0,1,0
BRDA:39,1,0,0
BRDA:39,1,1,0
BRDA:39,1,2,0
BRDA:65,2,0,0
BRDA:65,2,1,0
BRF:7
BRH:0
end_of_record
TN:
SF:src/components/product/mobile-header.tsx
FN:8,MobileHeader
FN:11,(anonymous_1)
FN:52,(anonymous_2)
FNF:3
FNH:0
FNDA:0,MobileHeader
FNDA:0,(anonymous_1)
FNDA:0,(anonymous_2)
DA:9,0
DA:11,0
DA:13,0
DA:14,0
DA:16,0
DA:18,0
DA:20,0
DA:23,0
DA:27,0
DA:31,0
DA:52,0
LF:11
LH:0
BRDA:16,0,0,0
BRDA:16,0,1,0
BRDA:16,1,0,0
BRDA:16,1,1,0
BRDA:18,2,0,0
BRDA:18,2,1,0
BRF:6
BRH:0
end_of_record
TN:
SF:src/components/product/product-header.tsx
FN:6,ProductHeader
FN:7,(anonymous_1)
FNF:2
FNH:0
FNDA:0,ProductHeader
FNDA:0,(anonymous_1)
DA:7,0
DA:8,0
DA:11,0
LF:3
LH:0
BRF:0
BRH:0
end_of_record
TN:
SF:src/components/product/product-image-carousel.tsx
FN:8,ProductImageCarousel
FN:12,(anonymous_1)
FN:17,(anonymous_2)
FN:20,(anonymous_3)
FN:37,(anonymous_4)
FN:56,(anonymous_5)
FN:65,(anonymous_6)
FNF:7
FNH:0
FNDA:0,ProductImageCarousel
FNDA:0,(anonymous_1)
FNDA:0,(anonymous_2)
FNDA:0,(anonymous_3)
FNDA:0,(anonymous_4)
FNDA:0,(anonymous_5)
FNDA:0,(anonymous_6)
DA:9,0
DA:10,0
DA:12,0
DA:13,0
DA:14,0
DA:17,0
DA:18,0
DA:19,0
DA:20,0
DA:21,0
DA:25,0
DA:26,0
DA:33,0
DA:38,0
DA:57,0
DA:65,0
LF:16
LH:0
BRDA:13,0,0,0
BRDA:13,0,1,0
BRDA:18,1,0,0
BRDA:18,1,1,0
BRDA:25,2,0,0
BRDA:25,2,1,0
BRDA:25,3,0,0
BRDA:25,3,1,0
BRDA:46,4,0,0
BRDA:46,4,1,0
BRDA:54,5,0,0
BRDA:54,5,1,0
BRDA:61,6,0,0
BRDA:61,6,1,0
BRF:14
BRH:0
end_of_record
TN:
SF:src/components/product/recent-trades.tsx
FN:11,RecentTrades
FN:37,(anonymous_1)
FNF:2
FNH:0
FNDA:0,RecentTrades
FNDA:0,(anonymous_1)
DA:3,0
DA:12,0
DA:38,0
LF:3
LH:0
BRF:0
BRH:0
end_of_record
TN:
SF:src/components/product/size-selector.tsx
FN:16,SizeSelector
FN:27,(anonymous_1)
FN:30,(anonymous_2)
FNF:3
FNH:0
FNDA:0,SizeSelector
FNDA:0,(anonymous_1)
FNDA:0,(anonymous_2)
DA:3,0
DA:5,0
DA:17,0
DA:19,0
DA:28,0
DA:30,0
LF:6
LH:0
BRDA:32,0,0,0
BRDA:32,0,1,0
BRDA:39,1,0,0
BRDA:39,1,1,0
BRDA:48,2,0,0
BRDA:48,2,1,0
BRF:6
BRH:0
end_of_record
TN:
SF:src/components/search/ProductCard.tsx
FN:19,ProductCard
FN:20,(anonymous_1)
FNF:2
FNH:2
FNDA:18,ProductCard
FNDA:18,(anonymous_1)
DA:20,18
DA:21,18
DA:24,18
DA:26,18
LF:4
LH:4
BRDA:33,0,0,17
BRDA:33,0,1,1
BRDA:46,1,0,18
BRDA:46,1,1,2
BRDA:53,2,0,18
BRDA:53,2,1,5
BRDA:53,2,2,4
BRDA:64,3,0,18
BRDA:64,3,1,1
BRDA:74,4,0,5
BRDA:74,4,1,13
BRDA:96,5,0,18
BRDA:96,5,1,16
BRDA:96,5,2,1
BRF:14
BRH:14
end_of_record
TN:
SF:src/components/search/SearchHeader.tsx
FN:18,SearchHeader
FN:30,(anonymous_1)
FN:37,(anonymous_2)
FN:38,(anonymous_3)
FN:45,(anonymous_4)
FN:49,(anonymous_5)
FN:60,(anonymous_6)
FN:68,(anonymous_7)
FN:79,(anonymous_8)
FN:92,(anonymous_9)
FN:93,(anonymous_10)
FN:106,(anonymous_11)
FN:109,(anonymous_12)
FNF:13
FNH:11
FNDA:25,SearchHeader
FNDA:11,(anonymous_1)
FNDA:11,(anonymous_2)
FNDA:0,(anonymous_3)
FNDA:11,(anonymous_4)
FNDA:15,(anonymous_5)
FNDA:2,(anonymous_6)
FNDA:1,(anonymous_7)
FNDA:0,(anonymous_8)
FNDA:3,(anonymous_9)
FNDA:3,(anonymous_10)
FNDA:9,(anonymous_11)
FNDA:1,(anonymous_12)
DA:25,25
DA:26,25
DA:27,25
DA:28,25
DA:30,25
DA:31,11
DA:32,10
DA:37,25
DA:38,11
DA:39,0
DA:40,0
DA:44,11
DA:45,11
DA:49,25
DA:50,15
DA:51,14
DA:52,14
DA:53,4
DA:56,1
DA:60,25
DA:61,2
DA:62,2
DA:63,1
DA:64,1
DA:68,25
DA:69,1
DA:70,1
DA:71,1
DA:74,25
DA:79,0
DA:92,3
DA:94,3
DA:95,3
DA:107,9
DA:109,1
LF:35
LH:32
BRDA:31,0,0,10
BRDA:31,0,1,1
BRDA:39,1,0,0
BRDA:39,1,1,0
BRDA:39,2,0,0
BRDA:39,2,1,0
BRDA:50,3,0,14
BRDA:50,3,1,1
BRDA:50,4,0,15
BRDA:50,4,1,14
BRDA:52,5,0,4
BRDA:52,5,1,10
BRDA:62,6,0,1
BRDA:62,6,1,1
BRDA:94,7,0,3
BRDA:94,7,1,0
BRDA:104,8,0,25
BRDA:104,8,1,7
BRDA:104,8,2,7
BRDA:114,9,0,9
BRDA:114,9,1,4
BRDA:126,10,0,25
BRDA:126,10,1,22
BRDA:129,11,0,22
BRDA:129,11,1,21
BRF:25
BRH:20
end_of_record
TN:
SF:src/components/search/SearchStates.tsx
FN:11,SearchStates
FN:34,(anonymous_1)
FN:62,(anonymous_2)
FNF:3
FNH:1
FNDA:13,SearchStates
FNDA:0,(anonymous_1)
FNDA:0,(anonymous_2)
DA:12,13
DA:15,13
DA:16,3
DA:25,10
DA:26,4
DA:34,0
DA:44,6
DA:45,2
DA:55,4
DA:56,3
DA:62,0
DA:71,1
LF:12
LH:10
BRDA:15,0,0,3
BRDA:15,0,1,10
BRDA:25,1,0,4
BRDA:25,1,1,6
BRDA:44,2,0,2
BRDA:44,2,1,4
BRDA:55,3,0,3
BRDA:55,3,1,1
BRDA:55,4,0,4
BRDA:55,4,1,4
BRF:10
BRH:10
end_of_record
TN:
SF:src/components/search/SortFilterBar.tsx
FN:7,SortFilterBar
FN:16,(anonymous_1)
FNF:2
FNH:2
FNDA:13,SortFilterBar
FNDA:1,(anonymous_1)
DA:8,13
DA:16,1
LF:2
LH:2
BRF:0
BRH:0
end_of_record
TN:
SF:src/components/seller-public/ProductGrid.tsx
FN:17,ProductGrid
FN:40,(anonymous_1)
FN:43,(anonymous_2)
FN:52,(anonymous_3)
FNF:4
FNH:0
FNDA:0,ProductGrid
FNDA:0,(anonymous_1)
FNDA:0,(anonymous_2)
FNDA:0,(anonymous_3)
DA:18,0
DA:20,0
DA:21,0
DA:33,0
DA:41,0
DA:43,0
DA:53,0
LF:7
LH:0
BRDA:20,0,0,0
BRDA:20,0,1,0
BRDA:49,1,0,0
BRDA:49,1,1,0
BRDA:58,2,0,0
BRDA:58,2,1,0
BRDA:67,3,0,0
BRDA:67,3,1,0
BRDA:67,3,2,0
BRDA:83,4,0,0
BRDA:83,4,1,0
BRDA:93,5,0,0
BRDA:93,5,1,0
BRF:13
BRH:0
end_of_record
TN:
SF:src/components/seller-public/ProfileHeader.tsx
FN:9,ProfileHeader
FNF:1
FNH:0
FNDA:0,ProfileHeader
DA:10,0
LF:1
LH:0
BRDA:15,0,0,0
BRDA:15,0,1,0
BRF:2
BRH:0
end_of_record
TN:
SF:src/components/seller-public/SectionDivider.tsx
FN:1,SectionDivider
FNF:1
FNH:0
FNDA:0,SectionDivider
DA:2,0
LF:1
LH:0
BRF:0
BRH:0
end_of_record
TN:
SF:src/components/seller-public/SnsLinks.tsx
FN:12,SnsLinks
FNF:1
FNH:0
FNDA:0,SnsLinks
DA:13,0
DA:15,0
DA:16,0
DA:19,0
LF:4
LH:0
BRDA:13,0,0,0
BRDA:13,0,1,0
BRDA:15,1,0,0
BRDA:15,1,1,0
BRDA:27,2,0,0
BRDA:27,2,1,0
BRDA:43,3,0,0
BRDA:43,3,1,0
BRDA:63,4,0,0
BRDA:63,4,1,0
BRDA:79,5,0,0
BRDA:79,5,1,0
BRF:12
BRH:0
end_of_record
TN:
SF:src/components/seller-public/UpcomingLive.tsx
FN:17,calculateDDay
FN:31,UpcomingLive
FN:36,(anonymous_2)
FN:37,(anonymous_3)
FN:57,(anonymous_4)
FN:60,(anonymous_5)
FN:69,(anonymous_6)
FNF:7
FNH:0
FNDA:0,calculateDDay
FNDA:0,UpcomingLive
FNDA:0,(anonymous_2)
FNDA:0,(anonymous_3)
FNDA:0,(anonymous_4)
FNDA:0,(anonymous_5)
FNDA:0,(anonymous_6)
DA:18,0
DA:19,0
DA:20,0
DA:21,0
DA:23,0
DA:24,0
DA:26,0
DA:27,0
DA:28,0
DA:32,0
DA:35,0
DA:36,0
DA:38,0
DA:39,0
DA:40,0
DA:41,0
DA:43,0
DA:46,0
DA:47,0
DA:50,0
DA:58,0
DA:60,0
DA:70,0
LF:23
LH:0
BRDA:26,0,0,0
BRDA:26,0,1,0
BRDA:27,1,0,0
BRDA:27,1,1,0
BRDA:36,2,0,0
BRDA:36,2,1,0
BRDA:38,3,0,0
BRDA:38,3,1,0
BRDA:38,4,0,0
BRDA:38,4,1,0
BRDA:39,5,0,0
BRDA:39,5,1,0
BRDA:39,6,0,0
BRDA:39,6,1,0
BRDA:40,7,0,0
BRDA:40,7,1,0
BRDA:40,8,0,0
BRDA:40,8,1,0
BRDA:46,9,0,0
BRDA:46,9,1,0
BRDA:76,10,0,0
BRDA:76,10,1,0
BRDA:81,11,0,0
BRDA:81,11,1,0
BRDA:89,12,0,0
BRDA:89,12,1,0
BRDA:89,12,2,0
BRDA:105,13,0,0
BRDA:105,13,1,0
BRDA:105,13,2,0
BRF:30
BRH:0
end_of_record
TN:
SF:src/components/ui/badge.tsx
FN:30,Badge
FNF:1
FNH:1
FNDA:32,Badge
DA:6,1
DA:31,32
LF:2
LH:2
BRF:0
BRH:0
end_of_record
TN:
SF:src/components/ui/button.tsx
FN:43,(anonymous_0)
FNF:1
FNH:1
FNDA:13,(anonymous_0)
DA:7,3
DA:42,3
DA:44,13
DA:45,13
DA:54,3
LF:5
LH:5
BRDA:43,0,0,13
BRDA:44,1,0,13
BRDA:44,1,1,0
BRF:3
BRH:2
end_of_record
TN:
SF:src/components/ui/card.tsx
FN:8,(anonymous_0)
FN:23,(anonymous_1)
FN:35,(anonymous_2)
FN:50,(anonymous_3)
FN:62,(anonymous_4)
FN:70,(anonymous_5)
FNF:6
FNH:0
FNDA:0,(anonymous_0)
FNDA:0,(anonymous_1)
FNDA:0,(anonymous_2)
FNDA:0,(anonymous_3)
FNDA:0,(anonymous_4)
FNDA:0,(anonymous_5)
DA:5,0
DA:9,0
DA:18,0
DA:20,0
DA:24,0
DA:30,0
DA:32,0
DA:36,0
DA:45,0
DA:47,0
DA:51,0
DA:57,0
DA:59,0
DA:63,0
DA:65,0
DA:67,0
DA:71,0
DA:77,0
LF:18
LH:0
BRF:0
BRH:0
end_of_record
TN:
SF:src/components/ui/checkbox.tsx
FN:12,(anonymous_0)
FNF:1
FNH:0
FNDA:0,(anonymous_0)
DA:7,0
DA:9,0
DA:13,0
DA:28,0
LF:4
LH:0
BRF:0
BRH:0
end_of_record
TN:
SF:src/components/ui/progressive-image.tsx
FN:21,ProgressiveImage
FN:33,(anonymous_1)
FN:43,(anonymous_2)
FN:49,(anonymous_3)
FN:103,OptimizedImage
FNF:5
FNH:0
FNDA:0,ProgressiveImage
FNDA:0,(anonymous_1)
FNDA:0,(anonymous_2)
FNDA:0,(anonymous_3)
FNDA:0,OptimizedImage
DA:30,0
DA:31,0
DA:33,0
DA:35,0
DA:36,0
DA:37,0
DA:41,0
DA:43,0
DA:44,0
DA:45,0
DA:46,0
DA:49,0
DA:50,0
DA:51,0
DA:55,0
DA:58,0
DA:60,0
DA:110,0
DA:112,0
LF:19
LH:0
BRDA:24,0,0,0
BRDA:27,1,0,0
BRDA:35,2,0,0
BRDA:35,2,1,0
BRDA:63,3,0,0
BRDA:63,3,1,0
BRDA:70,4,0,0
BRDA:70,4,1,0
BRDA:76,5,0,0
BRDA:76,5,1,0
BRDA:83,6,0,0
BRDA:83,6,1,0
BRDA:85,7,0,0
BRDA:85,7,1,0
BRDA:91,8,0,0
BRDA:91,8,1,0
BRDA:91,8,2,0
BRDA:106,9,0,0
BRDA:108,10,0,0
BRDA:117,11,0,0
BRDA:117,11,1,0
BRF:21
BRH:0
end_of_record
TN:
SF:src/components/ui/separator.tsx
FN:12,(anonymous_0)
FNF:1
FNH:0
FNDA:0,(anonymous_0)
DA:6,0
DA:8,0
DA:16,0
DA:29,0
LF:4
LH:0
BRDA:13,0,0,0
BRDA:13,1,0,0
BRDA:22,2,0,0
BRDA:22,2,1,0
BRF:4
BRH:0
end_of_record
TN:
SF:src/components/ui/skeleton.tsx
FN:16,Skeleton
FN:53,ProductDetailSkeleton
FN:70,(anonymous_2)
FN:104,(anonymous_3)
FN:127,CardSkeleton
FN:146,ListSkeleton
FN:149,(anonymous_6)
FNF:7
FNH:0
FNDA:0,Skeleton
FNDA:0,ProductDetailSkeleton
FNDA:0,(anonymous_2)
FNDA:0,(anonymous_3)
FNDA:0,CardSkeleton
FNDA:0,ListSkeleton
FNDA:0,(anonymous_6)
DA:23,0
DA:25,0
DA:32,0
DA:38,0
DA:39,0
DA:40,0
DA:42,0
DA:54,0
DA:71,0
DA:105,0
DA:128,0
DA:147,0
DA:150,0
LF:13
LH:0
BRDA:18,0,0,0
BRDA:21,1,0,0
BRDA:39,2,0,0
BRDA:39,2,1,0
BRDA:39,3,0,0
BRDA:39,3,1,0
BRDA:40,4,0,0
BRDA:40,4,1,0
BRDA:40,5,0,0
BRDA:40,5,1,0
BRDA:146,6,0,0
BRF:11
BRH:0
end_of_record
